#
# There is insufficient memory for the Java Runtime Environment to continue.
# Native memory allocation (malloc) failed to allocate 37456 bytes for Chunk::new
# Possible reasons:
#   The system is out of physical RAM or swap space
#   The process is running with CompressedOops enabled, and the Java Heap may be blocking the growth of the native heap
# Possible solutions:
#   Reduce memory load on the system
#   Increase physical memory or swap space
#   Check if swap backing store is full
#   Decrease Java heap size (-Xmx/-Xms)
#   Decrease number of Java threads
#   Decrease Java thread stack sizes (-Xss)
#   Set larger code cache with -XX:ReservedCodeCacheSize=
#   JVM is running with Unscaled Compressed Oops mode in which the Java heap is
#     placed in the first 4GB address space. The Java Heap base address is the
#     maximum limit for the native heap growth. Please use -XX:HeapBaseMinAddress
#     to set the Java Heap base and to place the Java Heap above 4GB virtual address.
# This output file may be truncated or incomplete.
#
#  Out of Memory Error (./open/src/hotspot/share/memory/arena.cpp:197), pid=24880, tid=11856
#
# JRE version: Java(TM) SE Runtime Environment 18.9 (11.0.13+10) (build 11.0.13+10-LTS-370)
# Java VM: Java HotSpot(TM) 64-Bit Server VM 18.9 (11.0.13+10-LTS-370, mixed mode, tiered, compressed oops, g1 gc, windows-amd64)
# No core dump will be written. Minidumps are not enabled by default on client versions of Windows
#

---------------  S U M M A R Y ------------

Command Line: -Xmx64m -Xms64m -Dorg.gradle.appname=gradlew org.gradle.wrapper.GradleWrapperMain app:installDebug -PreactNativeDevServerPort=8081

Host: AMD Athlon 300U with Radeon Vega Mobile Gfx    , 4 cores, 5G,  Windows 10 , 64 bit Build 19041 (10.0.19041.1706)
Time: Wed Jun 22 13:34:46 2022 SE Asia Standard Time elapsed time: 107.697630 seconds (0d 0h 1m 47s)

---------------  T H R E A D  ---------------

Current thread (0x00000220e72dc800):  JavaThread "C2 CompilerThread0" daemon [_thread_in_native, id=11856, stack(0x00000077f0d00000,0x00000077f0e00000)]


Current CompileTask:
C2: 107697 1516 % !   4       java.io.BufferedReader::readLine @ 131 (304 bytes)

Stack: [0x00000077f0d00000,0x00000077f0e00000]
Native frames: (J=compiled Java code, j=interpreted, Vv=VM code, C=native code)
V  [jvm.dll+0x62870a]
V  [jvm.dll+0x761f2f]
V  [jvm.dll+0x7635d9]
V  [jvm.dll+0x763c63]
V  [jvm.dll+0x23d728]
V  [jvm.dll+0xb293c]
V  [jvm.dll+0xb2efc]
V  [jvm.dll+0x5216fb]
V  [jvm.dll+0x30e632]
V  [jvm.dll+0x30d94a]
V  [jvm.dll+0x1f8255]
V  [jvm.dll+0x1f743d]
V  [jvm.dll+0x177991]
V  [jvm.dll+0x206d84]
V  [jvm.dll+0x204ebb]
V  [jvm.dll+0x727e70]
V  [jvm.dll+0x720a54]
V  [jvm.dll+0x627606]
C  [ucrtbase.dll+0x21bb2]
C  [KERNEL32.DLL+0x17034]
C  [ntdll.dll+0x52651]


---------------  P R O C E S S  ---------------

Threads class SMR info:
_java_thread_list=0x00000220e82dee10, length=13, elements={
0x00000220ce578800, 0x00000220e7252000, 0x00000220e7253800, 0x00000220e72d1800,
0x00000220e72d4000, 0x00000220e72d9000, 0x00000220e72dc800, 0x00000220e72e9000,
0x00000220e72ee000, 0x00000220e7d58800, 0x00000220e8703800, 0x00000220e8cae800,
0x00000220e8caf800
}

Java Threads: ( => current thread )
  0x00000220ce578800 JavaThread "main" [_thread_blocked, id=21124, stack(0x00000077f0100000,0x00000077f0200000)]
  0x00000220e7252000 JavaThread "Reference Handler" daemon [_thread_blocked, id=25612, stack(0x00000077f0800000,0x00000077f0900000)]
  0x00000220e7253800 JavaThread "Finalizer" daemon [_thread_blocked, id=9980, stack(0x00000077f0900000,0x00000077f0a00000)]
  0x00000220e72d1800 JavaThread "Signal Dispatcher" daemon [_thread_blocked, id=10636, stack(0x00000077f0a00000,0x00000077f0b00000)]
  0x00000220e72d4000 JavaThread "Attach Listener" daemon [_thread_blocked, id=24016, stack(0x00000077f0b00000,0x00000077f0c00000)]
  0x00000220e72d9000 JavaThread "Service Thread" daemon [_thread_blocked, id=15164, stack(0x00000077f0c00000,0x00000077f0d00000)]
=>0x00000220e72dc800 JavaThread "C2 CompilerThread0" daemon [_thread_in_native, id=11856, stack(0x00000077f0d00000,0x00000077f0e00000)]
  0x00000220e72e9000 JavaThread "C1 CompilerThread0" daemon [_thread_blocked, id=12168, stack(0x00000077f0e00000,0x00000077f0f00000)]
  0x00000220e72ee000 JavaThread "Sweeper thread" daemon [_thread_blocked, id=24972, stack(0x00000077f0f00000,0x00000077f1000000)]
  0x00000220e7d58800 JavaThread "Common-Cleaner" daemon [_thread_blocked, id=15540, stack(0x00000077f1100000,0x00000077f1200000)]
  0x00000220e8703800 JavaThread "pool-1-thread-1" [_thread_in_native, id=22212, stack(0x00000077f1300000,0x00000077f1400000)]
  0x00000220e8cae800 JavaThread "DisconnectableInputStream source reader" daemon [_thread_in_native, id=20124, stack(0x00000077f1500000,0x00000077f1600000)]
  0x00000220e8caf800 JavaThread "Forward input" [_thread_blocked, id=23992, stack(0x00000077f1600000,0x00000077f1700000)]

Other Threads:
  0x00000220e724e800 VMThread "VM Thread" [stack: 0x00000077f0700000,0x00000077f0800000] [id=9348]
  0x00000220e7d6e000 WatcherThread [stack: 0x00000077f1000000,0x00000077f1100000] [id=13568]
  0x00000220ce58d800 GCTaskThread "GC Thread#0" [stack: 0x00000077f0200000,0x00000077f0300000] [id=5656]
  0x00000220e8272000 GCTaskThread "GC Thread#1" [stack: 0x00000077f1200000,0x00000077f1300000] [id=680]
  0x00000220ce595000 ConcurrentGCThread "G1 Main Marker" [stack: 0x00000077f0300000,0x00000077f0400000] [id=21180]
  0x00000220ce597000 ConcurrentGCThread "G1 Conc#0" [stack: 0x00000077f0400000,0x00000077f0500000] [id=17064]
  0x00000220ce627000 ConcurrentGCThread "G1 Refine#0" [stack: 0x00000077f0500000,0x00000077f0600000] [id=22532]
  0x00000220ce62a800 ConcurrentGCThread "G1 Young RemSet Sampling" [stack: 0x00000077f0600000,0x00000077f0700000] [id=676]

Threads with active compile tasks:
C2 CompilerThread0 107729 1516 % !   4       java.io.BufferedReader::readLine @ 131 (304 bytes)

VM state:not at safepoint (normal execution)

VM Mutex/Monitor currently owned by a thread: None

Heap address: 0x00000000fc000000, size: 64 MB, Compressed Oops mode: 32-bit
Narrow klass base: 0x0000000000000000, Narrow klass shift: 3
Compressed class space size: 1073741824 Address: 0x0000000100000000

Heap:
 garbage-first heap   total 65536K, used 25690K [0x00000000fc000000, 0x0000000100000000)
  region size 1024K, 19 young (19456K), 2 survivors (2048K)
 Metaspace       used 15664K, capacity 16008K, committed 16128K, reserved 1062912K
  class space    used 1801K, capacity 1936K, committed 2048K, reserved 1048576K
Heap Regions: E=young(eden), S=young(survivor), O=old, HS=humongous(starts), HC=humongous(continues), CS=collection set, F=free, A=archive, TAMS=top-at-mark-start (previous, next)
|   0|0x00000000fc000000, 0x00000000fc100000, 0x00000000fc100000|100%|HS|  |TAMS 0x00000000fc000000, 0x00000000fc000000| Complete 
|   1|0x00000000fc100000, 0x00000000fc200000, 0x00000000fc200000|100%|HC|  |TAMS 0x00000000fc100000, 0x00000000fc100000| Complete 
|   2|0x00000000fc200000, 0x00000000fc300000, 0x00000000fc300000|100%|HC|  |TAMS 0x00000000fc200000, 0x00000000fc200000| Complete 
|   3|0x00000000fc300000, 0x00000000fc400000, 0x00000000fc400000|100%| O|  |TAMS 0x00000000fc300000, 0x00000000fc300000| Untracked 
|   4|0x00000000fc400000, 0x00000000fc500000, 0x00000000fc500000|100%| O|  |TAMS 0x00000000fc400000, 0x00000000fc400000| Untracked 
|   5|0x00000000fc500000, 0x00000000fc600000, 0x00000000fc600000|100%| O|  |TAMS 0x00000000fc500000, 0x00000000fc500000| Untracked 
|   6|0x00000000fc600000, 0x00000000fc700000, 0x00000000fc700000|100%| O|  |TAMS 0x00000000fc600000, 0x00000000fc600000| Untracked 
|   7|0x00000000fc700000, 0x00000000fc716800, 0x00000000fc800000|  8%| O|  |TAMS 0x00000000fc700000, 0x00000000fc700000| Untracked 
|   8|0x00000000fc800000, 0x00000000fc800000, 0x00000000fc900000|  0%| F|  |TAMS 0x00000000fc800000, 0x00000000fc800000| Untracked 
|   9|0x00000000fc900000, 0x00000000fc900000, 0x00000000fca00000|  0%| F|  |TAMS 0x00000000fc900000, 0x00000000fc900000| Untracked 
|  10|0x00000000fca00000, 0x00000000fca00000, 0x00000000fcb00000|  0%| F|  |TAMS 0x00000000fca00000, 0x00000000fca00000| Untracked 
|  11|0x00000000fcb00000, 0x00000000fcb00000, 0x00000000fcc00000|  0%| F|  |TAMS 0x00000000fcb00000, 0x00000000fcb00000| Untracked 
|  12|0x00000000fcc00000, 0x00000000fcc00000, 0x00000000fcd00000|  0%| F|  |TAMS 0x00000000fcc00000, 0x00000000fcc00000| Untracked 
|  13|0x00000000fcd00000, 0x00000000fcd00000, 0x00000000fce00000|  0%| F|  |TAMS 0x00000000fcd00000, 0x00000000fcd00000| Untracked 
|  14|0x00000000fce00000, 0x00000000fce00000, 0x00000000fcf00000|  0%| F|  |TAMS 0x00000000fce00000, 0x00000000fce00000| Untracked 
|  15|0x00000000fcf00000, 0x00000000fcf00000, 0x00000000fd000000|  0%| F|  |TAMS 0x00000000fcf00000, 0x00000000fcf00000| Untracked 
|  16|0x00000000fd000000, 0x00000000fd000000, 0x00000000fd100000|  0%| F|  |TAMS 0x00000000fd000000, 0x00000000fd000000| Untracked 
|  17|0x00000000fd100000, 0x00000000fd100000, 0x00000000fd200000|  0%| F|  |TAMS 0x00000000fd100000, 0x00000000fd100000| Untracked 
|  18|0x00000000fd200000, 0x00000000fd200000, 0x00000000fd300000|  0%| F|  |TAMS 0x00000000fd200000, 0x00000000fd200000| Untracked 
|  19|0x00000000fd300000, 0x00000000fd300000, 0x00000000fd400000|  0%| F|  |TAMS 0x00000000fd300000, 0x00000000fd300000| Untracked 
|  20|0x00000000fd400000, 0x00000000fd400000, 0x00000000fd500000|  0%| F|  |TAMS 0x00000000fd400000, 0x00000000fd400000| Untracked 
|  21|0x00000000fd500000, 0x00000000fd500000, 0x00000000fd600000|  0%| F|  |TAMS 0x00000000fd500000, 0x00000000fd500000| Untracked 
|  22|0x00000000fd600000, 0x00000000fd600000, 0x00000000fd700000|  0%| F|  |TAMS 0x00000000fd600000, 0x00000000fd600000| Untracked 
|  23|0x00000000fd700000, 0x00000000fd700000, 0x00000000fd800000|  0%| F|  |TAMS 0x00000000fd700000, 0x00000000fd700000| Untracked 
|  24|0x00000000fd800000, 0x00000000fd800000, 0x00000000fd900000|  0%| F|  |TAMS 0x00000000fd800000, 0x00000000fd800000| Untracked 
|  25|0x00000000fd900000, 0x00000000fd900000, 0x00000000fda00000|  0%| F|  |TAMS 0x00000000fd900000, 0x00000000fd900000| Untracked 
|  26|0x00000000fda00000, 0x00000000fda00000, 0x00000000fdb00000|  0%| F|  |TAMS 0x00000000fda00000, 0x00000000fda00000| Untracked 
|  27|0x00000000fdb00000, 0x00000000fdb00000, 0x00000000fdc00000|  0%| F|  |TAMS 0x00000000fdb00000, 0x00000000fdb00000| Untracked 
|  28|0x00000000fdc00000, 0x00000000fdc00000, 0x00000000fdd00000|  0%| F|  |TAMS 0x00000000fdc00000, 0x00000000fdc00000| Untracked 
|  29|0x00000000fdd00000, 0x00000000fdd00000, 0x00000000fde00000|  0%| F|  |TAMS 0x00000000fdd00000, 0x00000000fdd00000| Untracked 
|  30|0x00000000fde00000, 0x00000000fde00000, 0x00000000fdf00000|  0%| F|  |TAMS 0x00000000fde00000, 0x00000000fde00000| Untracked 
|  31|0x00000000fdf00000, 0x00000000fdf00000, 0x00000000fe000000|  0%| F|  |TAMS 0x00000000fdf00000, 0x00000000fdf00000| Untracked 
|  32|0x00000000fe000000, 0x00000000fe000000, 0x00000000fe100000|  0%| F|  |TAMS 0x00000000fe000000, 0x00000000fe000000| Untracked 
|  33|0x00000000fe100000, 0x00000000fe100000, 0x00000000fe200000|  0%| F|  |TAMS 0x00000000fe100000, 0x00000000fe100000| Untracked 
|  34|0x00000000fe200000, 0x00000000fe200000, 0x00000000fe300000|  0%| F|  |TAMS 0x00000000fe200000, 0x00000000fe200000| Untracked 
|  35|0x00000000fe300000, 0x00000000fe300000, 0x00000000fe400000|  0%| F|  |TAMS 0x00000000fe300000, 0x00000000fe300000| Untracked 
|  36|0x00000000fe400000, 0x00000000fe400000, 0x00000000fe500000|  0%| F|  |TAMS 0x00000000fe400000, 0x00000000fe400000| Untracked 
|  37|0x00000000fe500000, 0x00000000fe500000, 0x00000000fe600000|  0%| F|  |TAMS 0x00000000fe500000, 0x00000000fe500000| Untracked 
|  38|0x00000000fe600000, 0x00000000fe600000, 0x00000000fe700000|  0%| F|  |TAMS 0x00000000fe600000, 0x00000000fe600000| Untracked 
|  39|0x00000000fe700000, 0x00000000fe700000, 0x00000000fe800000|  0%| F|  |TAMS 0x00000000fe700000, 0x00000000fe700000| Untracked 
|  40|0x00000000fe800000, 0x00000000fe800000, 0x00000000fe900000|  0%| F|  |TAMS 0x00000000fe800000, 0x00000000fe800000| Untracked 
|  41|0x00000000fe900000, 0x00000000fe900000, 0x00000000fea00000|  0%| F|  |TAMS 0x00000000fe900000, 0x00000000fe900000| Untracked 
|  42|0x00000000fea00000, 0x00000000fea00000, 0x00000000feb00000|  0%| F|  |TAMS 0x00000000fea00000, 0x00000000fea00000| Untracked 
|  43|0x00000000feb00000, 0x00000000feb00000, 0x00000000fec00000|  0%| F|  |TAMS 0x00000000feb00000, 0x00000000feb00000| Untracked 
|  44|0x00000000fec00000, 0x00000000fec00000, 0x00000000fed00000|  0%| F|  |TAMS 0x00000000fec00000, 0x00000000fec00000| Untracked 
|  45|0x00000000fed00000, 0x00000000fee00000, 0x00000000fee00000|100%| E|  |TAMS 0x00000000fed00000, 0x00000000fed00000| Complete 
|  46|0x00000000fee00000, 0x00000000fef00000, 0x00000000fef00000|100%| E|CS|TAMS 0x00000000fee00000, 0x00000000fee00000| Complete 
|  47|0x00000000fef00000, 0x00000000ff000000, 0x00000000ff000000|100%| E|CS|TAMS 0x00000000fef00000, 0x00000000fef00000| Complete 
|  48|0x00000000ff000000, 0x00000000ff100000, 0x00000000ff100000|100%| E|CS|TAMS 0x00000000ff000000, 0x00000000ff000000| Complete 
|  49|0x00000000ff100000, 0x00000000ff200000, 0x00000000ff200000|100%| E|CS|TAMS 0x00000000ff100000, 0x00000000ff100000| Complete 
|  50|0x00000000ff200000, 0x00000000ff300000, 0x00000000ff300000|100%| S|CS|TAMS 0x00000000ff200000, 0x00000000ff200000| Complete 
|  51|0x00000000ff300000, 0x00000000ff400000, 0x00000000ff400000|100%| S|CS|TAMS 0x00000000ff300000, 0x00000000ff300000| Complete 
|  52|0x00000000ff400000, 0x00000000ff500000, 0x00000000ff500000|100%| E|CS|TAMS 0x00000000ff400000, 0x00000000ff400000| Complete 
|  53|0x00000000ff500000, 0x00000000ff600000, 0x00000000ff600000|100%| E|CS|TAMS 0x00000000ff500000, 0x00000000ff500000| Complete 
|  54|0x00000000ff600000, 0x00000000ff700000, 0x00000000ff700000|100%| E|CS|TAMS 0x00000000ff600000, 0x00000000ff600000| Complete 
|  55|0x00000000ff700000, 0x00000000ff800000, 0x00000000ff800000|100%| E|CS|TAMS 0x00000000ff700000, 0x00000000ff700000| Complete 
|  56|0x00000000ff800000, 0x00000000ff900000, 0x00000000ff900000|100%| E|CS|TAMS 0x00000000ff800000, 0x00000000ff800000| Complete 
|  57|0x00000000ff900000, 0x00000000ffa00000, 0x00000000ffa00000|100%| E|CS|TAMS 0x00000000ff900000, 0x00000000ff900000| Complete 
|  58|0x00000000ffa00000, 0x00000000ffb00000, 0x00000000ffb00000|100%| E|CS|TAMS 0x00000000ffa00000, 0x00000000ffa00000| Complete 
|  59|0x00000000ffb00000, 0x00000000ffc00000, 0x00000000ffc00000|100%| E|CS|TAMS 0x00000000ffb00000, 0x00000000ffb00000| Complete 
|  60|0x00000000ffc00000, 0x00000000ffd00000, 0x00000000ffd00000|100%| E|CS|TAMS 0x00000000ffc00000, 0x00000000ffc00000| Complete 
|  61|0x00000000ffd00000, 0x00000000ffe00000, 0x00000000ffe00000|100%| E|CS|TAMS 0x00000000ffd00000, 0x00000000ffd00000| Complete 
|  62|0x00000000ffe00000, 0x00000000fff00000, 0x00000000fff00000|100%| E|CS|TAMS 0x00000000ffe00000, 0x00000000ffe00000| Complete 
|  63|0x00000000fff00000, 0x0000000100000000, 0x0000000100000000|100%| E|CS|TAMS 0x00000000fff00000, 0x00000000fff00000| Complete 

Card table byte_map: [0x00000220cc500000,0x00000220cc520000] _byte_map_base: 0x00000220cbd20000

Marking Bits (Prev, Next): (CMBitMap*) 0x00000220ce593bb8, (CMBitMap*) 0x00000220ce593bf0
 Prev Bits: [0x00000220ce390000, 0x00000220ce490000)
 Next Bits: [0x00000220e4bb0000, 0x00000220e4cb0000)

Polling page: 0x00000220cc2e0000

Metaspace:

Usage:
  Non-class:     13.74 MB capacity,    13.54 MB ( 99%) used,   187.27 KB (  1%) free+waste,    21.50 KB ( <1%) overhead. 
      Class:      1.89 MB capacity,     1.76 MB ( 93%) used,   123.57 KB (  6%) free+waste,    10.75 KB ( <1%) overhead. 
       Both:     15.63 MB capacity,    15.30 MB ( 98%) used,   310.84 KB (  2%) free+waste,    32.25 KB ( <1%) overhead. 

Virtual space:
  Non-class space:       14.00 MB reserved,      13.75 MB ( 98%) committed 
      Class space:        1.00 GB reserved,       2.00 MB ( <1%) committed 
             Both:        1.01 GB reserved,      15.75 MB (  2%) committed 

Chunk freelists:
   Non-Class:  1.00 KB
       Class:  2.00 KB
        Both:  3.00 KB

CodeHeap 'non-profiled nmethods': size=120064Kb used=498Kb max_used=498Kb free=119565Kb
 bounds [0x00000220dd670000, 0x00000220dd8e0000, 0x00000220e4bb0000]
CodeHeap 'profiled nmethods': size=120000Kb used=2915Kb max_used=2915Kb free=117084Kb
 bounds [0x00000220d6140000, 0x00000220d6420000, 0x00000220dd670000]
CodeHeap 'non-nmethods': size=5696Kb used=1105Kb max_used=1117Kb free=4590Kb
 bounds [0x00000220d5bb0000, 0x00000220d5e20000, 0x00000220d6140000]
 total_blobs=1948 nmethods=1522 adapters=338
 compilation: enabled
              stopped_count=0, restarted_count=0
 full_count=0

Compilation events (10 events):
Event: 107.539 Thread 0x00000220e72e9000 1519       3       org.gradle.util.internal.LimitedDescription::append (33 bytes)
Event: 107.540 Thread 0x00000220e72e9000 nmethod 1519 0x00000220d6412290 code [0x00000220d64124e0, 0x00000220d6412c68]
Event: 107.543 Thread 0x00000220e72e9000 1520 %     3       sun.nio.cs.SingleByte$Decoder::decodeArrayLoop @ 88 (154 bytes)
Event: 107.546 Thread 0x00000220e72e9000 nmethod 1520% 0x00000220d6412f90 code [0x00000220d6413360, 0x00000220d6414d08]
Event: 107.546 Thread 0x00000220e72e9000 1521       3       sun.nio.cs.SingleByte$Decoder::decodeArrayLoop (154 bytes)
Event: 107.548 Thread 0x00000220e72e9000 nmethod 1521 0x00000220d6415790 code [0x00000220d6415b60, 0x00000220d6417528]
Event: 107.548 Thread 0x00000220e72e9000 1522       3       java.util.LinkedList::linkBefore (63 bytes)
Event: 107.549 Thread 0x00000220e72e9000 nmethod 1522 0x00000220d6417f90 code [0x00000220d6418160, 0x00000220d6418618]
Event: 107.549 Thread 0x00000220e72e9000 1523       3       java.util.LinkedList::unlinkLast (64 bytes)
Event: 107.550 Thread 0x00000220e72e9000 nmethod 1523 0x00000220d6418790 code [0x00000220d6418940, 0x00000220d6418bd8]

GC Heap History (4 events):
Event: 1.304 GC heap before
{Heap before GC invocations=0 (full 0):
 garbage-first heap   total 65536K, used 16384K [0x00000000fc000000, 0x0000000100000000)
  region size 1024K, 14 young (14336K), 0 survivors (0K)
 Metaspace       used 7748K, capacity 7888K, committed 7936K, reserved 1056768K
  class space    used 694K, capacity 754K, committed 768K, reserved 1048576K
}
Event: 1.312 GC heap after
{Heap after GC invocations=1 (full 0):
 garbage-first heap   total 65536K, used 3691K [0x00000000fc000000, 0x0000000100000000)
  region size 1024K, 2 young (2048K), 2 survivors (2048K)
 Metaspace       used 7748K, capacity 7888K, committed 7936K, reserved 1056768K
  class space    used 694K, capacity 754K, committed 768K, reserved 1048576K
}
Event: 2.473 GC heap before
{Heap before GC invocations=1 (full 0):
 garbage-first heap   total 65536K, used 18027K [0x00000000fc000000, 0x0000000100000000)
  region size 1024K, 14 young (14336K), 2 survivors (2048K)
 Metaspace       used 11002K, capacity 11192K, committed 11264K, reserved 1058816K
  class space    used 1167K, capacity 1241K, committed 1280K, reserved 1048576K
}
Event: 2.480 GC heap after
{Heap after GC invocations=2 (full 0):
 garbage-first heap   total 65536K, used 9306K [0x00000000fc000000, 0x0000000100000000)
  region size 1024K, 2 young (2048K), 2 survivors (2048K)
 Metaspace       used 11002K, capacity 11192K, committed 11264K, reserved 1058816K
  class space    used 1167K, capacity 1241K, committed 1280K, reserved 1048576K
}

Deoptimization events (10 events):
Event: 1.725 Thread 0x00000220ce578800 Uncommon trap: reason=class_check action=maybe_recompile pc=0x00000220dd68c050 method=java.util.regex.Matcher.match(II)Z @ 121 c2
Event: 1.725 Thread 0x00000220ce578800 Uncommon trap: reason=class_check action=maybe_recompile pc=0x00000220dd68c050 method=java.util.regex.Matcher.match(II)Z @ 121 c2
Event: 1.726 Thread 0x00000220ce578800 Uncommon trap: reason=class_check action=maybe_recompile pc=0x00000220dd68c050 method=java.util.regex.Matcher.match(II)Z @ 121 c2
Event: 1.726 Thread 0x00000220ce578800 Uncommon trap: reason=class_check action=maybe_recompile pc=0x00000220dd68c050 method=java.util.regex.Matcher.match(II)Z @ 121 c2
Event: 1.736 Thread 0x00000220ce578800 Uncommon trap: reason=unstable_if action=reinterpret pc=0x00000220dd6abfb4 method=java.util.HashMap.hash(Ljava/lang/Object;)I @ 1 c2
Event: 2.354 Thread 0x00000220ce578800 Uncommon trap: reason=unstable_if action=reinterpret pc=0x00000220dd68f87c method=java.io.WinNTFileSystem.resolve(Ljava/lang/String;Ljava/lang/String;)Ljava/lang/String; @ 70 c2
Event: 3.207 Thread 0x00000220ce578800 Uncommon trap: reason=unstable_if action=reinterpret pc=0x00000220dd6c8050 method=java.util.HashMap.getNode(ILjava/lang/Object;)Ljava/util/HashMap$Node; @ 129 c2
Event: 4.363 Thread 0x00000220ce578800 Uncommon trap: reason=unstable_if action=reinterpret pc=0x00000220dd6c5008 method=java.io.WinNTFileSystem.normalize(Ljava/lang/String;)Ljava/lang/String; @ 128 c2
Event: 5.649 Thread 0x00000220ce578800 Uncommon trap: reason=unstable_if action=reinterpret pc=0x00000220dd6a2388 method=java.lang.AbstractStringBuilder.append(Ljava/lang/String;)Ljava/lang/AbstractStringBuilder; @ 1 c2
Event: 5.653 Thread 0x00000220ce578800 Uncommon trap: reason=unstable_if action=reinterpret pc=0x00000220dd6acc5c method=java.lang.AbstractStringBuilder.append(Ljava/lang/String;)Ljava/lang/AbstractStringBuilder; @ 1 c2

Classes redefined (0 events):
No events

Internal exceptions (10 events):
Event: 2.002 Thread 0x00000220ce578800 Exception <a 'java/lang/NoSuchMethodError'{0x00000000ff630210}: java.lang.invoke.DirectMethodHandle$Holder.invokeVirtual(Ljava/lang/Object;Ljava/lang/Object;Ljava/lang/Object;Ljava/lang/Object;Ljava/lang/Object;Ljava/lang/Object;Ljava/lang/Object;)Ljava/l
Event: 2.007 Thread 0x00000220ce578800 Exception <a 'java/lang/NoSuchMethodError'{0x00000000ff643148}: java.lang.invoke.Invokers$Holder.invoker(Ljava/lang/Object;Ljava/lang/Object;Ljava/lang/Object;)Ljava/lang/Object;> (0x00000000ff643148) thrown at [./open/src/hotspot/share/interpreter/linkRe
Event: 2.015 Thread 0x00000220ce578800 Exception <a 'java/lang/NoSuchMethodError'{0x00000000ff653c98}: java.lang.invoke.DelegatingMethodHandle$Holder.delegate(Ljava/lang/Object;Ljava/lang/Object;ILjava/lang/Object;)V> (0x00000000ff653c98) thrown at [./open/src/hotspot/share/interpreter/linkRes
Event: 2.734 Thread 0x00000220ce578800 Exception <a 'java/lang/NoSuchMethodError'{0x00000000ffb9e880}: java.lang.invoke.DirectMethodHandle$Holder.invokeInterface(Ljava/lang/Object;Ljava/lang/Object;Ljava/lang/Object;)Ljava/lang/Object;> (0x00000000ffb9e880) thrown at [./open/src/hotspot/share/
Event: 2.994 Thread 0x00000220ce578800 Exception <a 'java/lang/NoSuchMethodError'{0x00000000ff866b70}: java.lang.invoke.DirectMethodHandle$Holder.invokeStaticInit(Ljava/lang/Object;Ljava/lang/Object;Ljava/lang/Object;)Ljava/lang/Object;> (0x00000000ff866b70) thrown at [./open/src/hotspot/share
Event: 3.287 Thread 0x00000220ce578800 Exception <a 'java/lang/NoSuchMethodError'{0x00000000ff4d1058}: java.lang.invoke.DirectMethodHandle$Holder.invokeStaticInit(Ljava/lang/Object;IIII)Ljava/lang/Object;> (0x00000000ff4d1058) thrown at [./open/src/hotspot/share/interpreter/linkResolver.cpp, l
Event: 4.374 Thread 0x00000220ce578800 Exception <a 'java/lang/NoSuchMethodError'{0x00000000ff1049d0}: java.lang.invoke.DirectMethodHandle$Holder.invokeStaticInit(Ljava/lang/Object;Ljava/lang/Object;IIII)Ljava/lang/Object;> (0x00000000ff1049d0) thrown at [./open/src/hotspot/share/interpreter/l
Event: 5.649 Thread 0x00000220ce578800 Implicit null exception at 0x00000220dd6a1df4 to 0x00000220dd6a2370
Event: 5.653 Thread 0x00000220ce578800 Implicit null exception at 0x00000220dd6ac6f4 to 0x00000220dd6acc44
Event: 107.307 Thread 0x00000220ce578800 Exception <a 'java/io/IOException'{0x00000000fef42080}> (0x00000000fef42080) thrown at [./open/src/hotspot/share/prims/jni.cpp, line 611]

Events (10 events):
Event: 70.512 loading class org/gradle/internal/logging/console/DefaultTextArea$2
Event: 70.512 loading class org/gradle/internal/logging/console/DefaultTextArea$2 done
Event: 70.512 loading class org/gradle/internal/logging/console/DefaultTextArea$2$1
Event: 70.512 loading class org/gradle/internal/logging/console/DefaultTextArea$2$1 done
Event: 107.308 loading class org/slf4j/helpers/MessageFormatter
Event: 107.308 loading class org/slf4j/helpers/MessageFormatter done
Event: 107.309 loading class org/slf4j/helpers/FormattingTuple
Event: 107.309 loading class org/slf4j/helpers/FormattingTuple done
Event: 107.494 loading class org/gradle/util/internal/LimitedDescription
Event: 107.494 loading class org/gradle/util/internal/LimitedDescription done


Dynamic libraries:
0x00007ff7df580000 - 0x00007ff7df58f000 	C:\Program Files\Java\jdk-11.0.13\bin\java.exe
0x00007ffb154b0000 - 0x00007ffb156a5000 	C:\WINDOWS\SYSTEM32\ntdll.dll
0x00007ffb14570000 - 0x00007ffb1462d000 	C:\WINDOWS\System32\KERNEL32.DLL
0x00007ffb12dc0000 - 0x00007ffb1308d000 	C:\WINDOWS\System32\KERNELBASE.dll
0x00007ffb13090000 - 0x00007ffb13190000 	C:\WINDOWS\System32\ucrtbase.dll
0x00007ffb0bdc0000 - 0x00007ffb0bdd8000 	C:\Program Files\Java\jdk-11.0.13\bin\jli.dll
0x00007ffb0b9a0000 - 0x00007ffb0b9b5000 	C:\Program Files\Java\jdk-11.0.13\bin\VCRUNTIME140.dll
0x00007ffb14630000 - 0x00007ffb146de000 	C:\WINDOWS\System32\ADVAPI32.dll
0x00007ffb14780000 - 0x00007ffb1481e000 	C:\WINDOWS\System32\msvcrt.dll
0x00007ffb142f0000 - 0x00007ffb1438c000 	C:\WINDOWS\System32\sechost.dll
0x00007ffb14820000 - 0x00007ffb14945000 	C:\WINDOWS\System32\RPCRT4.dll
0x00007ffb14b20000 - 0x00007ffb14cc0000 	C:\WINDOWS\System32\USER32.dll
0x00007ffb13190000 - 0x00007ffb131b2000 	C:\WINDOWS\System32\win32u.dll
0x00007ffb03930000 - 0x00007ffb03bca000 	C:\WINDOWS\WinSxS\amd64_microsoft.windows.common-controls_6595b64144ccf1df_6.0.19041.1110_none_60b5254171f9507e\COMCTL32.dll
0x00007ffb14750000 - 0x00007ffb1477a000 	C:\WINDOWS\System32\GDI32.dll
0x00007ffb13210000 - 0x00007ffb1331b000 	C:\WINDOWS\System32\gdi32full.dll
0x00007ffb133d0000 - 0x00007ffb1346d000 	C:\WINDOWS\System32\msvcp_win.dll
0x00007ffb093a0000 - 0x00007ffb093aa000 	C:\WINDOWS\SYSTEM32\VERSION.dll
0x00007ffb14950000 - 0x00007ffb14980000 	C:\WINDOWS\System32\IMM32.DLL
0x00007ffaf4d70000 - 0x00007ffaf4e0b000 	C:\Program Files\Java\jdk-11.0.13\bin\msvcp140.dll
0x00007ffac6db0000 - 0x00007ffac78c3000 	C:\Program Files\Java\jdk-11.0.13\bin\server\jvm.dll
0x00007ffb13500000 - 0x00007ffb13508000 	C:\WINDOWS\System32\PSAPI.DLL
0x00007ffb09370000 - 0x00007ffb09397000 	C:\WINDOWS\SYSTEM32\WINMM.dll
0x00007ffb0e790000 - 0x00007ffb0e799000 	C:\WINDOWS\SYSTEM32\WSOCK32.dll
0x00007ffb14500000 - 0x00007ffb1456b000 	C:\WINDOWS\System32\WS2_32.dll
0x00007ffb11480000 - 0x00007ffb11492000 	C:\WINDOWS\SYSTEM32\kernel.appcore.dll
0x00007ffb0dff0000 - 0x00007ffb0e000000 	C:\Program Files\Java\jdk-11.0.13\bin\verify.dll
0x00007ffb101a0000 - 0x00007ffb10384000 	C:\WINDOWS\SYSTEM32\DBGHELP.DLL
0x00007ffaed6b0000 - 0x00007ffaed6dc000 	C:\WINDOWS\SYSTEM32\dbgcore.DLL
0x00007ffb13470000 - 0x00007ffb134f2000 	C:\WINDOWS\System32\bcryptPrimitives.dll
0x00007ffb03510000 - 0x00007ffb03538000 	C:\Program Files\Java\jdk-11.0.13\bin\java.dll
0x00007ffb0d370000 - 0x00007ffb0d37a000 	C:\Program Files\Java\jdk-11.0.13\bin\jimage.dll
0x00007ffb09ed0000 - 0x00007ffb09ee6000 	C:\Program Files\Java\jdk-11.0.13\bin\zip.dll
0x00007ffb139f0000 - 0x00007ffb14134000 	C:\WINDOWS\System32\SHELL32.dll
0x00007ffb10960000 - 0x00007ffb110f4000 	C:\WINDOWS\SYSTEM32\windows.storage.dll
0x00007ffb13690000 - 0x00007ffb139e4000 	C:\WINDOWS\System32\combase.dll
0x00007ffb12550000 - 0x00007ffb1257c000 	C:\WINDOWS\SYSTEM32\Wldp.dll
0x00007ffb149e0000 - 0x00007ffb14a8d000 	C:\WINDOWS\System32\SHCORE.dll
0x00007ffb14980000 - 0x00007ffb149d5000 	C:\WINDOWS\System32\shlwapi.dll
0x00007ffb12b00000 - 0x00007ffb12b1f000 	C:\WINDOWS\SYSTEM32\profapi.dll
0x00007ffb09180000 - 0x00007ffb09199000 	C:\Program Files\Java\jdk-11.0.13\bin\net.dll
0x00007ffb03590000 - 0x00007ffb0369a000 	C:\WINDOWS\SYSTEM32\WINHTTP.dll
0x00007ffb122b0000 - 0x00007ffb1231a000 	C:\WINDOWS\system32\mswsock.dll
0x00007ffb08cb0000 - 0x00007ffb08cc2000 	C:\Program Files\Java\jdk-11.0.13\bin\nio.dll
0x00007ffb01ed0000 - 0x00007ffb01ef7000 	C:\Users\Acer\.gradle\native\e1d6ef7f7dcc3fd88c89a11ec53ec762bb8ba0a96d01ffa2cd45eb1d1d8dd5c5\windows-amd64\native-platform.dll
0x00007ffb0e7c0000 - 0x00007ffb0e7ca000 	C:\Users\Acer\.gradle\native\jansi\1.18\windows64\jansi.dll
0x00007ffb0c780000 - 0x00007ffb0c789000 	C:\Program Files\Java\jdk-11.0.13\bin\management.dll
0x00007ffb0c750000 - 0x00007ffb0c75b000 	C:\Program Files\Java\jdk-11.0.13\bin\management_ext.dll
0x00007ffb124a0000 - 0x00007ffb124b8000 	C:\WINDOWS\SYSTEM32\CRYPTSP.dll
0x00007ffb11c30000 - 0x00007ffb11c64000 	C:\WINDOWS\system32\rsaenh.dll
0x00007ffb12bc0000 - 0x00007ffb12be7000 	C:\WINDOWS\System32\bcrypt.dll
0x00007ffb12ac0000 - 0x00007ffb12aee000 	C:\WINDOWS\SYSTEM32\USERENV.dll
0x00007ffb124c0000 - 0x00007ffb124cc000 	C:\WINDOWS\SYSTEM32\CRYPTBASE.dll
0x00007ffb11fa0000 - 0x00007ffb11fdb000 	C:\WINDOWS\SYSTEM32\IPHLPAPI.DLL
0x00007ffb144f0000 - 0x00007ffb144f8000 	C:\WINDOWS\System32\NSI.dll
0x00007ffb08740000 - 0x00007ffb08757000 	C:\WINDOWS\SYSTEM32\dhcpcsvc6.DLL
0x00007ffb08d30000 - 0x00007ffb08d4d000 	C:\WINDOWS\SYSTEM32\dhcpcsvc.DLL
0x00007ffb11fe0000 - 0x00007ffb120ab000 	C:\WINDOWS\SYSTEM32\DNSAPI.dll

dbghelp: loaded successfully - version: 4.0.5 - missing functions: none
symbol engine: initialized successfully - sym options: 0x614 - pdb path: .;C:\Program Files\Java\jdk-11.0.13\bin;C:\WINDOWS\SYSTEM32;C:\WINDOWS\WinSxS\amd64_microsoft.windows.common-controls_6595b64144ccf1df_6.0.19041.1110_none_60b5254171f9507e;C:\Program Files\Java\jdk-11.0.13\bin\server;C:\Users\Acer\.gradle\native\e1d6ef7f7dcc3fd88c89a11ec53ec762bb8ba0a96d01ffa2cd45eb1d1d8dd5c5\windows-amd64;C:\Users\Acer\.gradle\native\jansi\1.18\windows64

VM Arguments:
jvm_args: -Xmx64m -Xms64m -Dorg.gradle.appname=gradlew 
java_command: org.gradle.wrapper.GradleWrapperMain app:installDebug -PreactNativeDevServerPort=8081
java_class_path (initial): D:\Mobile Apps\AwesomeProject\android\\gradle\wrapper\gradle-wrapper.jar
Launcher Type: SUN_STANDARD

[Global flags]
     intx CICompilerCount                          = 3                                         {product} {ergonomic}
     uint ConcGCThreads                            = 1                                         {product} {ergonomic}
     uint G1ConcRefinementThreads                  = 4                                         {product} {ergonomic}
   size_t G1HeapRegionSize                         = 1048576                                   {product} {ergonomic}
    uintx GCDrainStackTargetSize                   = 64                                        {product} {ergonomic}
   size_t InitialHeapSize                          = 67108864                                  {product} {command line}
   size_t MarkStackSize                            = 4194304                                   {product} {ergonomic}
   size_t MaxHeapSize                              = 67108864                                  {product} {command line}
   size_t MaxNewSize                               = 39845888                                  {product} {ergonomic}
   size_t MinHeapDeltaBytes                        = 1048576                                   {product} {ergonomic}
    uintx NonNMethodCodeHeapSize                   = 5830732                                {pd product} {ergonomic}
    uintx NonProfiledCodeHeapSize                  = 122913754                              {pd product} {ergonomic}
    uintx ProfiledCodeHeapSize                     = 122913754                              {pd product} {ergonomic}
    uintx ReservedCodeCacheSize                    = 251658240                              {pd product} {ergonomic}
     bool SegmentedCodeCache                       = true                                      {product} {ergonomic}
     bool UseCompressedClassPointers               = true                                 {lp64_product} {ergonomic}
     bool UseCompressedOops                        = true                                 {lp64_product} {ergonomic}
     bool UseG1GC                                  = true                                      {product} {ergonomic}
     bool UseLargePagesIndividualAllocation        = false                                  {pd product} {ergonomic}

Logging:
Log output configuration:
 #0: stdout all=warning uptime,level,tags
 #1: stderr all=off uptime,level,tags

Environment Variables:
CLASSPATH=D:\Mobile Apps\AwesomeProject\android\\gradle\wrapper\gradle-wrapper.jar
PATH=D:\Mobile Apps\AwesomeProject\android\node_modules\.bin;D:\Mobile Apps\AwesomeProject\node_modules\.bin;D:\Mobile Apps\node_modules\.bin;D:\node_modules\.bin;C:\Program Files\nodejs;D:\Mobile Apps\AwesomeProject\node_modules\.bin;D:\Mobile Apps\node_modules\.bin;D:\node_modules\.bin;C:\Program Files\nodejs\node_modules\npm\node_modules\@npmcli\run-script\lib\node-gyp-bin;C:\Program Files\Common Files\Oracle\Java\javapath;C:\Program Files (x86)\Common Files\Oracle\Java\javapath;C:\WINDOWS\system32;C:\WINDOWS;C:\WINDOWS\System32\Wbem;C:\WINDOWS\System32\WindowsPowerShell\v1.0\;C:\WINDOWS\System32\OpenSSH\;C:\Program Files\Microsoft SQL Server\120\Tools\Binn\;C:\Program Files (x86)\Microsoft SQL Server\140\Tools\Binn\;C:\Program Files\Microsoft SQL Server\140\Tools\Binn\;C:\Program Files (x86)\Microsoft SQL Server\140\DTS\Binn\;C:\Program Files\Microsoft SQL Server\140\DTS\Binn\;C:\Program Files\Microsoft SQL Server\Client SDK\ODBC\130\Tools\Binn\;D:\hugo\;C:\Users\Acer\AppData\Roaming\Python\Python39;C:\Users\Acer\AppData\Roaming\Python\Python39\Scripts;C:\Program Files\Git\cmd;C:\Program Files\nodejs\;C:\Users\Acer\AppData\Local\Programs\Python\Python39\Scripts\;C:\Users\Acer\AppData\Local\Programs\Python\Python39\;C:\Users\Acer\AppData\Local\Microsoft\WindowsApps;;C:\Program Files\Azure Data Studio\bin;C:\Users\Acer\AppData\Local\Programs\Microsoft VS Code\bin;C:\Users\Acer\AppData\Roaming\npm
USERNAME=Acer
OS=Windows_NT
PROCESSOR_IDENTIFIER=AMD64 Family 23 Model 24 Stepping 1, AuthenticAMD



---------------  S Y S T E M  ---------------

OS: Windows 10 , 64 bit Build 19041 (10.0.19041.1706)

CPU:total 4 (initial active 4) (4 cores per cpu, 2 threads per core) family 23 model 24 stepping 1 microcode 0x0, cmov, cx8, fxsr, mmx, sse, sse2, sse3, ssse3, sse4.1, sse4.2, popcnt, avx, avx2, aes, clmul, mmxext, 3dnowpref, lzcnt, sse4a, ht, tsc, tscinvbit, tscinv, bmi1, bmi2, adx, s

Memory: 4k page, system-wide physical 6071M (428M free)
TotalPageFile size 19578M (AvailPageFile size 73M)
current process WorkingSet (physical memory assigned to process): 80M, peak: 80M
current process commit charge ("private bytes"): 152M, peak: 156M

vm_info: Java HotSpot(TM) 64-Bit Server VM (11.0.13+10-LTS-370) for windows-amd64 JRE (11.0.13+10-LTS-370), built on Sep 15 2021 22:10:36 by "mach5one" with MS VC++ 15.9 (VS2017)

END.
