#
# There is insufficient memory for the Java Runtime Environment to continue.
# Native memory allocation (malloc) failed to allocate 1866416 bytes for Chunk::new
# Possible reasons:
#   The system is out of physical RAM or swap space
#   The process is running with CompressedOops enabled, and the Java Heap may be blocking the growth of the native heap
# Possible solutions:
#   Reduce memory load on the system
#   Increase physical memory or swap space
#   Check if swap backing store is full
#   Decrease Java heap size (-Xmx/-Xms)
#   Decrease number of Java threads
#   Decrease Java thread stack sizes (-Xss)
#   Set larger code cache with -XX:ReservedCodeCacheSize=
#   JVM is running with Unscaled Compressed Oops mode in which the Java heap is
#     placed in the first 4GB address space. The Java Heap base address is the
#     maximum limit for the native heap growth. Please use -XX:HeapBaseMinAddress
#     to set the Java Heap base and to place the Java Heap above 4GB virtual address.
# This output file may be truncated or incomplete.
#
#  Out of Memory Error (./open/src/hotspot/share/memory/arena.cpp:197), pid=5580, tid=23404
#
# JRE version: Java(TM) SE Runtime Environment 18.9 (11.0.13+10) (build 11.0.13+10-LTS-370)
# Java VM: Java HotSpot(TM) 64-Bit Server VM 18.9 (11.0.13+10-LTS-370, mixed mode, tiered, compressed oops, g1 gc, windows-amd64)
# No core dump will be written. Minidumps are not enabled by default on client versions of Windows
#

---------------  S U M M A R Y ------------

Command Line: --add-opens=java.base/java.util=ALL-UNNAMED --add-opens=java.base/java.lang=ALL-UNNAMED --add-opens=java.base/java.lang.invoke=ALL-UNNAMED --add-opens=java.base/java.util=ALL-UNNAMED --add-opens=java.prefs/java.util.prefs=ALL-UNNAMED --add-opens=java.prefs/java.util.prefs=ALL-UNNAMED --add-opens=java.base/java.nio.charset=ALL-UNNAMED --add-opens=java.base/java.net=ALL-UNNAMED --add-opens=java.base/java.util.concurrent.atomic=ALL-UNNAMED -XX:MaxMetaspaceSize=256m -XX:+HeapDumpOnOutOfMemoryError -Xms256m -Xmx512m -Dfile.encoding=windows-1252 -Duser.country=ID -Duser.language=en -Duser.variant org.gradle.launcher.daemon.bootstrap.GradleDaemon 7.2

Host: AMD Athlon 300U with Radeon Vega Mobile Gfx    , 4 cores, 5G,  Windows 10 , 64 bit Build 19041 (10.0.19041.1706)
Time: Wed Jun 22 13:34:44 2022 SE Asia Standard Time elapsed time: 533.391305 seconds (0d 0h 8m 53s)

---------------  T H R E A D  ---------------

Current thread (0x00000172d79f5800):  JavaThread "C2 CompilerThread0" daemon [_thread_in_native, id=23404, stack(0x0000005555500000,0x0000005555600000)]


Current CompileTask:
C2: 533391 15600       4       org.gradle.api.internal.artifacts.transform.ConsumerProvidedVariantFinder::matchAttributes (68 bytes)

Stack: [0x0000005555500000,0x0000005555600000]
Native frames: (J=compiled Java code, j=interpreted, Vv=VM code, C=native code)
V  [jvm.dll+0x62870a]
V  [jvm.dll+0x761f2f]
V  [jvm.dll+0x7635d9]
V  [jvm.dll+0x763c63]
V  [jvm.dll+0x23d728]
V  [jvm.dll+0xb293c]
V  [jvm.dll+0xb2efc]
V  [jvm.dll+0x3408b7]
V  [jvm.dll+0x18c9e1]
V  [jvm.dll+0x1f8362]
V  [jvm.dll+0x1f743d]
V  [jvm.dll+0x177991]
V  [jvm.dll+0x206d84]
V  [jvm.dll+0x204ebb]
V  [jvm.dll+0x727e70]
V  [jvm.dll+0x720a54]
V  [jvm.dll+0x627606]
C  [ucrtbase.dll+0x21bb2]
C  [KERNEL32.DLL+0x17034]
C  [ntdll.dll+0x52651]


---------------  P R O C E S S  ---------------

Threads class SMR info:
_java_thread_list=0x00000172dc8bb420, length=85, elements={
0x00000172bbc6c000, 0x00000172d79cd800, 0x00000172d79d0800, 0x00000172d79f0800,
0x00000172d79f2800, 0x00000172d79f3800, 0x00000172d79f5800, 0x00000172d83af800,
0x00000172d83b4800, 0x00000172d84b8800, 0x00000172d9c71800, 0x00000172d9997000,
0x00000172d9c92000, 0x00000172da168000, 0x00000172da164000, 0x00000172da165800,
0x00000172da163800, 0x00000172da16a000, 0x00000172dc745000, 0x00000172dc747000,
0x00000172dc747800, 0x00000172dc748800, 0x00000172dc742800, 0x00000172dc74d800,
0x00000172dc749000, 0x00000172dc74a000, 0x00000172dc744800, 0x00000172dc74e000,
0x00000172dc74f000, 0x00000172dc750000, 0x00000172dc74b800, 0x00000172dc74c800,
0x00000172dc750800, 0x00000172dc74b000, 0x00000172dc751800, 0x00000172da169000,
0x00000172da165000, 0x00000172da166800, 0x00000172da167800, 0x00000172d9e7b800,
0x00000172d9e7e000, 0x00000172d9e7c800, 0x00000172d9e7f800, 0x00000172d9e7d000,
0x00000172d9e80800, 0x00000172d9e81000, 0x00000172d9e82000, 0x00000172d9e84800,
0x00000172d9e83000, 0x00000172d9e83800, 0x00000172d9e7f000, 0x00000172d9e88000,
0x00000172d9e8a000, 0x00000172d9e85800, 0x00000172d9e88800, 0x00000172d9e86000,
0x00000172d9e89800, 0x00000172d9e87000, 0x00000172d935b800, 0x00000172d935d800,
0x00000172d935f000, 0x00000172d935e000, 0x00000172d9360800, 0x00000172d9361800,
0x00000172d935c800, 0x00000172d9365800, 0x00000172d9363000, 0x00000172d9364000,
0x00000172d9364800, 0x00000172d9360000, 0x00000172d9366800, 0x00000172d9367000,
0x00000172d9368000, 0x00000172d9362000, 0x00000172d9369000, 0x00000172d9369800,
0x00000172d936a800, 0x00000172e0aa1800, 0x00000172e0aa3000, 0x00000172e0aa2800,
0x00000172e0aa0800, 0x00000172e0aa5000, 0x00000172e0aa4000, 0x00000172e0aa5800,
0x00000172e0aa0000
}

Java Threads: ( => current thread )
  0x00000172bbc6c000 JavaThread "main" [_thread_blocked, id=10708, stack(0x0000005554900000,0x0000005554a00000)]
  0x00000172d79cd800 JavaThread "Reference Handler" daemon [_thread_blocked, id=17704, stack(0x0000005555000000,0x0000005555100000)]
  0x00000172d79d0800 JavaThread "Finalizer" daemon [_thread_blocked, id=13696, stack(0x0000005555100000,0x0000005555200000)]
  0x00000172d79f0800 JavaThread "Signal Dispatcher" daemon [_thread_blocked, id=11840, stack(0x0000005555200000,0x0000005555300000)]
  0x00000172d79f2800 JavaThread "Attach Listener" daemon [_thread_blocked, id=7380, stack(0x0000005555300000,0x0000005555400000)]
  0x00000172d79f3800 JavaThread "Service Thread" daemon [_thread_blocked, id=18524, stack(0x0000005555400000,0x0000005555500000)]
=>0x00000172d79f5800 JavaThread "C2 CompilerThread0" daemon [_thread_in_native, id=23404, stack(0x0000005555500000,0x0000005555600000)]
  0x00000172d83af800 JavaThread "C1 CompilerThread0" daemon [_thread_blocked, id=17524, stack(0x0000005555600000,0x0000005555700000)]
  0x00000172d83b4800 JavaThread "Sweeper thread" daemon [_thread_blocked, id=21692, stack(0x0000005555700000,0x0000005555800000)]
  0x00000172d84b8800 JavaThread "Common-Cleaner" daemon [_thread_blocked, id=19212, stack(0x0000005555800000,0x0000005555900000)]
  0x00000172d9c71800 JavaThread "Daemon health stats" [_thread_blocked, id=16232, stack(0x0000005555d00000,0x0000005555e00000)]
  0x00000172d9997000 JavaThread "Incoming local TCP Connector on port 53394" [_thread_in_native, id=17756, stack(0x0000005555e00000,0x0000005555f00000)]
  0x00000172d9c92000 JavaThread "Daemon periodic checks" [_thread_blocked, id=25492, stack(0x0000005555f00000,0x0000005556000000)]
  0x00000172da168000 JavaThread "Cache worker for journal cache (C:\Users\Acer\.gradle\caches\journal-1)" [_thread_blocked, id=10732, stack(0x0000005556700000,0x0000005556800000)]
  0x00000172da164000 JavaThread "File lock request listener" [_thread_in_native, id=12900, stack(0x0000005556800000,0x0000005556900000)]
  0x00000172da165800 JavaThread "Cache worker for file hash cache (C:\Users\Acer\.gradle\caches\7.2\fileHashes)" [_thread_blocked, id=25384, stack(0x0000005556900000,0x0000005556a00000)]
  0x00000172da163800 JavaThread "File watcher server" daemon [_thread_in_native, id=12892, stack(0x0000005556b00000,0x0000005556c00000)]
  0x00000172da16a000 JavaThread "File watcher consumer" daemon [_thread_blocked, id=15740, stack(0x0000005556c00000,0x0000005556d00000)]
  0x00000172dc745000 JavaThread "Cache worker for execution history cache (C:\Users\Acer\.gradle\caches\7.2\executionHistory)" [_thread_blocked, id=20428, stack(0x0000005557000000,0x0000005557100000)]
  0x00000172dc747000 JavaThread "jar transforms" [_thread_blocked, id=8608, stack(0x0000005557100000,0x0000005557200000)]
  0x00000172dc747800 JavaThread "jar transforms Thread 2" [_thread_blocked, id=11888, stack(0x0000005557200000,0x0000005557300000)]
  0x00000172dc748800 JavaThread "Cache worker for file content cache (C:\Users\Acer\.gradle\caches\7.2\fileContent)" [_thread_blocked, id=12060, stack(0x0000005557300000,0x0000005557400000)]
  0x00000172dc742800 JavaThread "jar transforms Thread 3" [_thread_blocked, id=21092, stack(0x0000005557400000,0x0000005557500000)]
  0x00000172dc74d800 JavaThread "jar transforms Thread 4" [_thread_blocked, id=17052, stack(0x0000005557500000,0x0000005557600000)]
  0x00000172dc749000 JavaThread "Daemon Thread 2" [_thread_blocked, id=25616, stack(0x0000005554700000,0x0000005554800000)]
  0x00000172dc74a000 JavaThread "Handler for socket connection from /127.0.0.1:53394 to /127.0.0.1:53796" [_thread_in_native, id=24364, stack(0x0000005554800000,0x0000005554900000)]
  0x00000172dc744800 JavaThread "Cancel handler" [_thread_blocked, id=4320, stack(0x0000005556000000,0x0000005556100000)]
  0x00000172dc74e000 JavaThread "Daemon worker Thread 2" [_thread_in_native, id=25704, stack(0x0000005556100000,0x0000005556200000)]
  0x00000172dc74f000 JavaThread "Asynchronous log dispatcher for DefaultDaemonConnection: socket connection from /127.0.0.1:53394 to /127.0.0.1:53796" [_thread_blocked, id=13056, stack(0x0000005556200000,0x0000005556300000)]
  0x00000172dc750000 JavaThread "Stdin handler" [_thread_blocked, id=8, stack(0x0000005556300000,0x0000005556400000)]
  0x00000172dc74b800 JavaThread "Daemon client event forwarder" [_thread_blocked, id=9436, stack(0x0000005556400000,0x0000005556500000)]
  0x00000172dc74c800 JavaThread "Cache worker for file hash cache (D:\Mobile Apps\AwesomeProject\android\.gradle\7.2\fileHashes)" [_thread_blocked, id=16648, stack(0x0000005556500000,0x0000005556600000)]
  0x00000172dc750800 JavaThread "Cache worker for checksums cache (D:\Mobile Apps\AwesomeProject\android\.gradle\checksums)" [_thread_blocked, id=20580, stack(0x0000005556600000,0x0000005556700000)]
  0x00000172dc74b000 JavaThread "Cache worker for cache directory md-supplier (C:\Users\Acer\.gradle\caches\7.2\md-supplier)" [_thread_blocked, id=9284, stack(0x0000005556a00000,0x0000005556b00000)]
  0x00000172dc751800 JavaThread "Cache worker for cache directory md-rule (C:\Users\Acer\.gradle\caches\7.2\md-rule)" [_thread_blocked, id=18680, stack(0x0000005556d00000,0x0000005556e00000)]
  0x00000172da169000 JavaThread "Cache worker for dependencies-accessors (D:\Mobile Apps\AwesomeProject\android\.gradle\7.2\dependencies-accessors)" [_thread_blocked, id=21248, stack(0x0000005556f00000,0x0000005557000000)]
  0x00000172da165000 JavaThread "Cache worker for Build Output Cleanup Cache (D:\Mobile Apps\AwesomeProject\android\.gradle\buildOutputCleanup)" [_thread_blocked, id=23312, stack(0x0000005556e00000,0x0000005556f00000)]
  0x00000172da166800 JavaThread "Unconstrained build operations" [_thread_blocked, id=11560, stack(0x0000005557600000,0x0000005557700000)]
  0x00000172da167800 JavaThread "Unconstrained build operations Thread 2" [_thread_blocked, id=22996, stack(0x0000005557700000,0x0000005557800000)]
  0x00000172d9e7b800 JavaThread "Unconstrained build operations Thread 3" [_thread_blocked, id=23028, stack(0x0000005557800000,0x0000005557900000)]
  0x00000172d9e7e000 JavaThread "Unconstrained build operations Thread 4" [_thread_blocked, id=21732, stack(0x0000005557900000,0x0000005557a00000)]
  0x00000172d9e7c800 JavaThread "Unconstrained build operations Thread 5" [_thread_blocked, id=15204, stack(0x0000005557a00000,0x0000005557b00000)]
  0x00000172d9e7f800 JavaThread "Unconstrained build operations Thread 6" [_thread_blocked, id=12128, stack(0x0000005557b00000,0x0000005557c00000)]
  0x00000172d9e7d000 JavaThread "Unconstrained build operations Thread 7" [_thread_blocked, id=3548, stack(0x0000005557c00000,0x0000005557d00000)]
  0x00000172d9e80800 JavaThread "Unconstrained build operations Thread 8" [_thread_blocked, id=24196, stack(0x0000005557d00000,0x0000005557e00000)]
  0x00000172d9e81000 JavaThread "Unconstrained build operations Thread 9" [_thread_blocked, id=5660, stack(0x0000005557e00000,0x0000005557f00000)]
  0x00000172d9e82000 JavaThread "Unconstrained build operations Thread 10" [_thread_blocked, id=4000, stack(0x0000005557f00000,0x0000005558000000)]
  0x00000172d9e84800 JavaThread "Unconstrained build operations Thread 11" [_thread_blocked, id=616, stack(0x0000005558000000,0x0000005558100000)]
  0x00000172d9e83000 JavaThread "Unconstrained build operations Thread 12" [_thread_blocked, id=26408, stack(0x0000005558100000,0x0000005558200000)]
  0x00000172d9e83800 JavaThread "Unconstrained build operations Thread 13" [_thread_blocked, id=26580, stack(0x0000005558200000,0x0000005558300000)]
  0x00000172d9e7f000 JavaThread "Unconstrained build operations Thread 14" [_thread_in_native, id=21900, stack(0x0000005558300000,0x0000005558400000)]
  0x00000172d9e88000 JavaThread "Unconstrained build operations Thread 15" [_thread_blocked, id=13036, stack(0x0000005558400000,0x0000005558500000)]
  0x00000172d9e8a000 JavaThread "Unconstrained build operations Thread 16" [_thread_blocked, id=25176, stack(0x0000005558500000,0x0000005558600000)]
  0x00000172d9e85800 JavaThread "Unconstrained build operations Thread 17" [_thread_blocked, id=21244, stack(0x0000005558600000,0x0000005558700000)]
  0x00000172d9e88800 JavaThread "Unconstrained build operations Thread 18" [_thread_blocked, id=2204, stack(0x0000005558700000,0x0000005558800000)]
  0x00000172d9e86000 JavaThread "Unconstrained build operations Thread 19" [_thread_blocked, id=10312, stack(0x0000005558800000,0x0000005558900000)]
  0x00000172d9e89800 JavaThread "Unconstrained build operations Thread 20" [_thread_blocked, id=1380, stack(0x0000005558900000,0x0000005558a00000)]
  0x00000172d9e87000 JavaThread "Unconstrained build operations Thread 21" [_thread_blocked, id=6004, stack(0x0000005558a00000,0x0000005558b00000)]
  0x00000172d935b800 JavaThread "Unconstrained build operations Thread 22" [_thread_blocked, id=10000, stack(0x0000005558b00000,0x0000005558c00000)]
  0x00000172d935d800 JavaThread "Unconstrained build operations Thread 23" [_thread_blocked, id=23356, stack(0x0000005558c00000,0x0000005558d00000)]
  0x00000172d935f000 JavaThread "Unconstrained build operations Thread 24" [_thread_blocked, id=20516, stack(0x0000005558d00000,0x0000005558e00000)]
  0x00000172d935e000 JavaThread "Unconstrained build operations Thread 25" [_thread_blocked, id=12188, stack(0x0000005558e00000,0x0000005558f00000)]
  0x00000172d9360800 JavaThread "Unconstrained build operations Thread 26" [_thread_blocked, id=20448, stack(0x0000005558f00000,0x0000005559000000)]
  0x00000172d9361800 JavaThread "Unconstrained build operations Thread 27" [_thread_blocked, id=25624, stack(0x0000005559000000,0x0000005559100000)]
  0x00000172d935c800 JavaThread "Unconstrained build operations Thread 28" [_thread_blocked, id=15812, stack(0x0000005559100000,0x0000005559200000)]
  0x00000172d9365800 JavaThread "Unconstrained build operations Thread 29" [_thread_blocked, id=18124, stack(0x0000005559200000,0x0000005559300000)]
  0x00000172d9363000 JavaThread "Unconstrained build operations Thread 30" [_thread_blocked, id=576, stack(0x0000005559300000,0x0000005559400000)]
  0x00000172d9364000 JavaThread "Unconstrained build operations Thread 31" [_thread_blocked, id=23716, stack(0x0000005559400000,0x0000005559500000)]
  0x00000172d9364800 JavaThread "Unconstrained build operations Thread 32" [_thread_blocked, id=19552, stack(0x0000005559500000,0x0000005559600000)]
  0x00000172d9360000 JavaThread "Unconstrained build operations Thread 33" [_thread_blocked, id=23056, stack(0x0000005559600000,0x0000005559700000)]
  0x00000172d9366800 JavaThread "Unconstrained build operations Thread 34" [_thread_blocked, id=10292, stack(0x0000005559700000,0x0000005559800000)]
  0x00000172d9367000 JavaThread "Unconstrained build operations Thread 35" [_thread_blocked, id=25472, stack(0x0000005559800000,0x0000005559900000)]
  0x00000172d9368000 JavaThread "Unconstrained build operations Thread 36" [_thread_blocked, id=19264, stack(0x0000005559900000,0x0000005559a00000)]
  0x00000172d9362000 JavaThread "Unconstrained build operations Thread 37" [_thread_blocked, id=16812, stack(0x0000005559a00000,0x0000005559b00000)]
  0x00000172d9369000 JavaThread "Unconstrained build operations Thread 38" [_thread_in_native, id=25316, stack(0x0000005559b00000,0x0000005559c00000)]
  0x00000172d9369800 JavaThread "Unconstrained build operations Thread 39" [_thread_blocked, id=14924, stack(0x0000005559c00000,0x0000005559d00000)]
  0x00000172d936a800 JavaThread "Unconstrained build operations Thread 40" [_thread_blocked, id=20152, stack(0x0000005559d00000,0x0000005559e00000)]
  0x00000172e0aa1800 JavaThread "Memory manager" [_thread_blocked, id=20468, stack(0x0000005559f00000,0x000000555a000000)]
  0x00000172e0aa3000 JavaThread "build event listener" [_thread_blocked, id=13600, stack(0x000000555a000000,0x000000555a100000)]
  0x00000172e0aa2800 JavaThread "build event listener" [_thread_blocked, id=13272, stack(0x000000555a100000,0x000000555a200000)]
  0x00000172e0aa0800 JavaThread "Execution worker for ':'" [_thread_blocked, id=1428, stack(0x000000555a200000,0x000000555a300000)]
  0x00000172e0aa5000 JavaThread "Execution worker for ':' Thread 2" [_thread_blocked, id=24592, stack(0x000000555a300000,0x000000555a400000)]
  0x00000172e0aa4000 JavaThread "Execution worker for ':' Thread 3" [_thread_blocked, id=8996, stack(0x000000555a400000,0x000000555a500000)]
  0x00000172e0aa5800 JavaThread "Cache worker for execution history cache (D:\Mobile Apps\AwesomeProject\android\.gradle\7.2\executionHistory)" [_thread_blocked, id=8568, stack(0x000000555a500000,0x000000555a600000)]
  0x00000172e0aa0000 JavaThread "WorkerExecutor Queue" [_thread_blocked, id=24356, stack(0x000000555a600000,0x000000555a700000)]

Other Threads:
  0x00000172d79a8800 VMThread "VM Thread" [stack: 0x0000005554f00000,0x0000005555000000] [id=21936]
  0x00000172d84ed000 WatcherThread [stack: 0x0000005555900000,0x0000005555a00000] [id=6500]
  0x00000172bbc82000 GCTaskThread "GC Thread#0" [stack: 0x0000005554a00000,0x0000005554b00000] [id=8912]
  0x00000172d8c30000 GCTaskThread "GC Thread#1" [stack: 0x0000005555a00000,0x0000005555b00000] [id=15116]
  0x00000172d8dc9800 GCTaskThread "GC Thread#2" [stack: 0x0000005555b00000,0x0000005555c00000] [id=19636]
  0x00000172d8dca000 GCTaskThread "GC Thread#3" [stack: 0x0000005555c00000,0x0000005555d00000] [id=2944]
  0x00000172bbc93000 ConcurrentGCThread "G1 Main Marker" [stack: 0x0000005554b00000,0x0000005554c00000] [id=7296]
  0x00000172bbc94000 ConcurrentGCThread "G1 Conc#0" [stack: 0x0000005554c00000,0x0000005554d00000] [id=9976]
  0x00000172d7846800 ConcurrentGCThread "G1 Refine#0" [stack: 0x0000005554d00000,0x0000005554e00000] [id=12380]
  0x00000172d7847800 ConcurrentGCThread "G1 Young RemSet Sampling" [stack: 0x0000005554e00000,0x0000005554f00000] [id=24524]

Threads with active compile tasks:
C2 CompilerThread0 533462 15600       4       org.gradle.api.internal.artifacts.transform.ConsumerProvidedVariantFinder::matchAttributes (68 bytes)

VM state:not at safepoint (normal execution)

VM Mutex/Monitor currently owned by a thread: None

Heap address: 0x00000000e0000000, size: 512 MB, Compressed Oops mode: 32-bit
Narrow klass base: 0x0000000000000000, Narrow klass shift: 3
Compressed class space size: 260046848 Address: 0x0000000100000000

Heap:
 garbage-first heap   total 262144K, used 178240K [0x00000000e0000000, 0x0000000100000000)
  region size 1024K, 11 young (11264K), 5 survivors (5120K)
 Metaspace       used 106891K, capacity 111274K, committed 111484K, reserved 350208K
  class space    used 13888K, capacity 15529K, committed 15616K, reserved 253952K
Heap Regions: E=young(eden), S=young(survivor), O=old, HS=humongous(starts), HC=humongous(continues), CS=collection set, F=free, A=archive, TAMS=top-at-mark-start (previous, next)
|   0|0x00000000e0000000, 0x00000000e0100000, 0x00000000e0100000|100%| O|  |TAMS 0x00000000e0100000, 0x00000000e0000000| Updating 
|   1|0x00000000e0100000, 0x00000000e0200000, 0x00000000e0200000|100%| O|  |TAMS 0x00000000e0200000, 0x00000000e0100000| Updating 
|   2|0x00000000e0200000, 0x00000000e0300000, 0x00000000e0300000|100%| O|  |TAMS 0x00000000e0300000, 0x00000000e0200000| Updating 
|   3|0x00000000e0300000, 0x00000000e0400000, 0x00000000e0400000|100%|HS|  |TAMS 0x00000000e0400000, 0x00000000e0300000| Complete 
|   4|0x00000000e0400000, 0x00000000e0500000, 0x00000000e0500000|100%|HC|  |TAMS 0x00000000e0500000, 0x00000000e0400000| Complete 
|   5|0x00000000e0500000, 0x00000000e0600000, 0x00000000e0600000|100%|HC|  |TAMS 0x00000000e0600000, 0x00000000e0500000| Complete 
|   6|0x00000000e0600000, 0x00000000e0700000, 0x00000000e0700000|100%| O|  |TAMS 0x00000000e0700000, 0x00000000e0600000| Updating 
|   7|0x00000000e0700000, 0x00000000e0800000, 0x00000000e0800000|100%| O|  |TAMS 0x00000000e0800000, 0x00000000e0700000| Updating 
|   8|0x00000000e0800000, 0x00000000e0900000, 0x00000000e0900000|100%| O|  |TAMS 0x00000000e0900000, 0x00000000e0800000| Updating 
|   9|0x00000000e0900000, 0x00000000e0a00000, 0x00000000e0a00000|100%| O|  |TAMS 0x00000000e0a00000, 0x00000000e0900000| Updating 
|  10|0x00000000e0a00000, 0x00000000e0b00000, 0x00000000e0b00000|100%| O|  |TAMS 0x00000000e0b00000, 0x00000000e0a00000| Updating 
|  11|0x00000000e0b00000, 0x00000000e0c00000, 0x00000000e0c00000|100%| O|  |TAMS 0x00000000e0c00000, 0x00000000e0b00000| Updating 
|  12|0x00000000e0c00000, 0x00000000e0d00000, 0x00000000e0d00000|100%| O|  |TAMS 0x00000000e0d00000, 0x00000000e0c00000| Updating 
|  13|0x00000000e0d00000, 0x00000000e0e00000, 0x00000000e0e00000|100%| O|  |TAMS 0x00000000e0e00000, 0x00000000e0d00000| Updating 
|  14|0x00000000e0e00000, 0x00000000e0f00000, 0x00000000e0f00000|100%| O|  |TAMS 0x00000000e0f00000, 0x00000000e0e00000| Updating 
|  15|0x00000000e0f00000, 0x00000000e1000000, 0x00000000e1000000|100%| O|  |TAMS 0x00000000e1000000, 0x00000000e0f00000| Updating 
|  16|0x00000000e1000000, 0x00000000e1100000, 0x00000000e1100000|100%|HS|  |TAMS 0x00000000e1100000, 0x00000000e1000000| Complete 
|  17|0x00000000e1100000, 0x00000000e1200000, 0x00000000e1200000|100%|HS|  |TAMS 0x00000000e1200000, 0x00000000e1100000| Complete 
|  18|0x00000000e1200000, 0x00000000e1300000, 0x00000000e1300000|100%|HC|  |TAMS 0x00000000e1300000, 0x00000000e1200000| Complete 
|  19|0x00000000e1300000, 0x00000000e1400000, 0x00000000e1400000|100%| O|  |TAMS 0x00000000e1400000, 0x00000000e1300000| Updating 
|  20|0x00000000e1400000, 0x00000000e1500000, 0x00000000e1500000|100%| O|  |TAMS 0x00000000e1500000, 0x00000000e1400000| Updating 
|  21|0x00000000e1500000, 0x00000000e1600000, 0x00000000e1600000|100%| O|  |TAMS 0x00000000e1600000, 0x00000000e1500000| Updating 
|  22|0x00000000e1600000, 0x00000000e1700000, 0x00000000e1700000|100%| O|  |TAMS 0x00000000e1700000, 0x00000000e1600000| Updating 
|  23|0x00000000e1700000, 0x00000000e1800000, 0x00000000e1800000|100%| O|  |TAMS 0x00000000e1800000, 0x00000000e1700000| Updating 
|  24|0x00000000e1800000, 0x00000000e1900000, 0x00000000e1900000|100%| O|  |TAMS 0x00000000e1900000, 0x00000000e1800000| Updating 
|  25|0x00000000e1900000, 0x00000000e1a00000, 0x00000000e1a00000|100%| O|  |TAMS 0x00000000e1a00000, 0x00000000e1900000| Updating 
|  26|0x00000000e1a00000, 0x00000000e1b00000, 0x00000000e1b00000|100%| O|  |TAMS 0x00000000e1b00000, 0x00000000e1a00000| Updating 
|  27|0x00000000e1b00000, 0x00000000e1c00000, 0x00000000e1c00000|100%| O|  |TAMS 0x00000000e1c00000, 0x00000000e1b00000| Updating 
|  28|0x00000000e1c00000, 0x00000000e1d00000, 0x00000000e1d00000|100%| O|  |TAMS 0x00000000e1d00000, 0x00000000e1c00000| Updating 
|  29|0x00000000e1d00000, 0x00000000e1e00000, 0x00000000e1e00000|100%| O|  |TAMS 0x00000000e1e00000, 0x00000000e1d00000| Updating 
|  30|0x00000000e1e00000, 0x00000000e1f00000, 0x00000000e1f00000|100%| O|  |TAMS 0x00000000e1f00000, 0x00000000e1e00000| Updating 
|  31|0x00000000e1f00000, 0x00000000e2000000, 0x00000000e2000000|100%| O|  |TAMS 0x00000000e2000000, 0x00000000e1f00000| Updating 
|  32|0x00000000e2000000, 0x00000000e2100000, 0x00000000e2100000|100%| O|  |TAMS 0x00000000e2100000, 0x00000000e2000000| Updating 
|  33|0x00000000e2100000, 0x00000000e2200000, 0x00000000e2200000|100%| O|  |TAMS 0x00000000e2200000, 0x00000000e2100000| Updating 
|  34|0x00000000e2200000, 0x00000000e2300000, 0x00000000e2300000|100%| O|  |TAMS 0x00000000e2300000, 0x00000000e2200000| Updating 
|  35|0x00000000e2300000, 0x00000000e2400000, 0x00000000e2400000|100%| O|  |TAMS 0x00000000e2400000, 0x00000000e2300000| Updating 
|  36|0x00000000e2400000, 0x00000000e2500000, 0x00000000e2500000|100%| O|  |TAMS 0x00000000e2500000, 0x00000000e2400000| Updating 
|  37|0x00000000e2500000, 0x00000000e2600000, 0x00000000e2600000|100%| O|  |TAMS 0x00000000e2600000, 0x00000000e2500000| Updating 
|  38|0x00000000e2600000, 0x00000000e2700000, 0x00000000e2700000|100%| O|  |TAMS 0x00000000e2700000, 0x00000000e2600000| Updating 
|  39|0x00000000e2700000, 0x00000000e2800000, 0x00000000e2800000|100%| O|  |TAMS 0x00000000e2800000, 0x00000000e2700000| Updating 
|  40|0x00000000e2800000, 0x00000000e2900000, 0x00000000e2900000|100%| O|  |TAMS 0x00000000e2900000, 0x00000000e2800000| Updating 
|  41|0x00000000e2900000, 0x00000000e2a00000, 0x00000000e2a00000|100%| O|  |TAMS 0x00000000e2a00000, 0x00000000e2900000| Updating 
|  42|0x00000000e2a00000, 0x00000000e2b00000, 0x00000000e2b00000|100%| O|  |TAMS 0x00000000e2b00000, 0x00000000e2a00000| Updating 
|  43|0x00000000e2b00000, 0x00000000e2c00000, 0x00000000e2c00000|100%| O|  |TAMS 0x00000000e2c00000, 0x00000000e2b00000| Updating 
|  44|0x00000000e2c00000, 0x00000000e2d00000, 0x00000000e2d00000|100%| O|  |TAMS 0x00000000e2d00000, 0x00000000e2c00000| Updating 
|  45|0x00000000e2d00000, 0x00000000e2e00000, 0x00000000e2e00000|100%| O|  |TAMS 0x00000000e2e00000, 0x00000000e2d00000| Updating 
|  46|0x00000000e2e00000, 0x00000000e2f00000, 0x00000000e2f00000|100%| O|  |TAMS 0x00000000e2f00000, 0x00000000e2e00000| Updating 
|  47|0x00000000e2f00000, 0x00000000e3000000, 0x00000000e3000000|100%| O|  |TAMS 0x00000000e3000000, 0x00000000e2f00000| Updating 
|  48|0x00000000e3000000, 0x00000000e3100000, 0x00000000e3100000|100%| O|  |TAMS 0x00000000e3100000, 0x00000000e3000000| Updating 
|  49|0x00000000e3100000, 0x00000000e3200000, 0x00000000e3200000|100%| O|  |TAMS 0x00000000e3200000, 0x00000000e3100000| Updating 
|  50|0x00000000e3200000, 0x00000000e3300000, 0x00000000e3300000|100%| O|  |TAMS 0x00000000e3300000, 0x00000000e3200000| Updating 
|  51|0x00000000e3300000, 0x00000000e3400000, 0x00000000e3400000|100%| O|  |TAMS 0x00000000e3400000, 0x00000000e3300000| Updating 
|  52|0x00000000e3400000, 0x00000000e3500000, 0x00000000e3500000|100%| O|  |TAMS 0x00000000e3500000, 0x00000000e3400000| Updating 
|  53|0x00000000e3500000, 0x00000000e3600000, 0x00000000e3600000|100%| O|  |TAMS 0x00000000e3600000, 0x00000000e3500000| Updating 
|  54|0x00000000e3600000, 0x00000000e3700000, 0x00000000e3700000|100%| O|  |TAMS 0x00000000e3700000, 0x00000000e3600000| Updating 
|  55|0x00000000e3700000, 0x00000000e3800000, 0x00000000e3800000|100%| O|  |TAMS 0x00000000e3800000, 0x00000000e3700000| Updating 
|  56|0x00000000e3800000, 0x00000000e3900000, 0x00000000e3900000|100%| O|  |TAMS 0x00000000e3900000, 0x00000000e3800000| Updating 
|  57|0x00000000e3900000, 0x00000000e3a00000, 0x00000000e3a00000|100%| O|  |TAMS 0x00000000e3a00000, 0x00000000e3900000| Updating 
|  58|0x00000000e3a00000, 0x00000000e3b00000, 0x00000000e3b00000|100%|HS|  |TAMS 0x00000000e3b00000, 0x00000000e3a00000| Complete 
|  59|0x00000000e3b00000, 0x00000000e3c00000, 0x00000000e3c00000|100%|HC|  |TAMS 0x00000000e3c00000, 0x00000000e3b00000| Complete 
|  60|0x00000000e3c00000, 0x00000000e3d00000, 0x00000000e3d00000|100%| O|  |TAMS 0x00000000e3d00000, 0x00000000e3c00000| Updating 
|  61|0x00000000e3d00000, 0x00000000e3e00000, 0x00000000e3e00000|100%| O|  |TAMS 0x00000000e3e00000, 0x00000000e3d00000| Updating 
|  62|0x00000000e3e00000, 0x00000000e3f00000, 0x00000000e3f00000|100%| O|  |TAMS 0x00000000e3f00000, 0x00000000e3e00000| Updating 
|  63|0x00000000e3f00000, 0x00000000e4000000, 0x00000000e4000000|100%| O|  |TAMS 0x00000000e4000000, 0x00000000e3f00000| Updating 
|  64|0x00000000e4000000, 0x00000000e4100000, 0x00000000e4100000|100%| O|  |TAMS 0x00000000e4100000, 0x00000000e4000000| Updating 
|  65|0x00000000e4100000, 0x00000000e4200000, 0x00000000e4200000|100%| O|  |TAMS 0x00000000e4200000, 0x00000000e4100000| Updating 
|  66|0x00000000e4200000, 0x00000000e4300000, 0x00000000e4300000|100%| O|  |TAMS 0x00000000e4300000, 0x00000000e4200000| Updating 
|  67|0x00000000e4300000, 0x00000000e4400000, 0x00000000e4400000|100%|HS|  |TAMS 0x00000000e4400000, 0x00000000e4300000| Complete 
|  68|0x00000000e4400000, 0x00000000e4500000, 0x00000000e4500000|100%|HC|  |TAMS 0x00000000e4500000, 0x00000000e4400000| Complete 
|  69|0x00000000e4500000, 0x00000000e4600000, 0x00000000e4600000|100%| O|  |TAMS 0x00000000e4600000, 0x00000000e4500000| Updating 
|  70|0x00000000e4600000, 0x00000000e4700000, 0x00000000e4700000|100%| O|  |TAMS 0x00000000e4700000, 0x00000000e4600000| Updating 
|  71|0x00000000e4700000, 0x00000000e4800000, 0x00000000e4800000|100%|HS|  |TAMS 0x00000000e4800000, 0x00000000e4700000| Complete 
|  72|0x00000000e4800000, 0x00000000e4900000, 0x00000000e4900000|100%| O|  |TAMS 0x00000000e4900000, 0x00000000e4800000| Updating 
|  73|0x00000000e4900000, 0x00000000e4a00000, 0x00000000e4a00000|100%| O|  |TAMS 0x00000000e4a00000, 0x00000000e4900000| Updating 
|  74|0x00000000e4a00000, 0x00000000e4b00000, 0x00000000e4b00000|100%| O|  |TAMS 0x00000000e4b00000, 0x00000000e4a00000| Updating 
|  75|0x00000000e4b00000, 0x00000000e4c00000, 0x00000000e4c00000|100%| O|  |TAMS 0x00000000e4c00000, 0x00000000e4b00000| Updating 
|  76|0x00000000e4c00000, 0x00000000e4d00000, 0x00000000e4d00000|100%| O|  |TAMS 0x00000000e4d00000, 0x00000000e4c00000| Updating 
|  77|0x00000000e4d00000, 0x00000000e4e00000, 0x00000000e4e00000|100%| O|  |TAMS 0x00000000e4e00000, 0x00000000e4d00000| Updating 
|  78|0x00000000e4e00000, 0x00000000e4f00000, 0x00000000e4f00000|100%| O|  |TAMS 0x00000000e4f00000, 0x00000000e4e00000| Updating 
|  79|0x00000000e4f00000, 0x00000000e5000000, 0x00000000e5000000|100%| O|  |TAMS 0x00000000e5000000, 0x00000000e4f00000| Updating 
|  80|0x00000000e5000000, 0x00000000e5100000, 0x00000000e5100000|100%| O|  |TAMS 0x00000000e5100000, 0x00000000e5000000| Updating 
|  81|0x00000000e5100000, 0x00000000e5200000, 0x00000000e5200000|100%| O|  |TAMS 0x00000000e5200000, 0x00000000e5100000| Updating 
|  82|0x00000000e5200000, 0x00000000e5300000, 0x00000000e5300000|100%| O|  |TAMS 0x00000000e5300000, 0x00000000e5200000| Updating 
|  83|0x00000000e5300000, 0x00000000e5400000, 0x00000000e5400000|100%| O|  |TAMS 0x00000000e5400000, 0x00000000e5300000| Updating 
|  84|0x00000000e5400000, 0x00000000e5500000, 0x00000000e5500000|100%| O|  |TAMS 0x00000000e5500000, 0x00000000e5400000| Updating 
|  85|0x00000000e5500000, 0x00000000e5600000, 0x00000000e5600000|100%| O|  |TAMS 0x00000000e5600000, 0x00000000e5500000| Updating 
|  86|0x00000000e5600000, 0x00000000e5700000, 0x00000000e5700000|100%| O|  |TAMS 0x00000000e5700000, 0x00000000e5600000| Updating 
|  87|0x00000000e5700000, 0x00000000e5800000, 0x00000000e5800000|100%|HS|  |TAMS 0x00000000e5800000, 0x00000000e5700000| Complete 
|  88|0x00000000e5800000, 0x00000000e5900000, 0x00000000e5900000|100%|HC|  |TAMS 0x00000000e5900000, 0x00000000e5800000| Complete 
|  89|0x00000000e5900000, 0x00000000e5a00000, 0x00000000e5a00000|100%|HC|  |TAMS 0x00000000e5a00000, 0x00000000e5900000| Complete 
|  90|0x00000000e5a00000, 0x00000000e5b00000, 0x00000000e5b00000|100%|HS|  |TAMS 0x00000000e5b00000, 0x00000000e5a00000| Complete 
|  91|0x00000000e5b00000, 0x00000000e5c00000, 0x00000000e5c00000|100%|HC|  |TAMS 0x00000000e5c00000, 0x00000000e5b00000| Complete 
|  92|0x00000000e5c00000, 0x00000000e5d00000, 0x00000000e5d00000|100%|HC|  |TAMS 0x00000000e5d00000, 0x00000000e5c00000| Complete 
|  93|0x00000000e5d00000, 0x00000000e5e00000, 0x00000000e5e00000|100%|HS|  |TAMS 0x00000000e5e00000, 0x00000000e5d00000| Complete 
|  94|0x00000000e5e00000, 0x00000000e5f00000, 0x00000000e5f00000|100%|HS|  |TAMS 0x00000000e5f00000, 0x00000000e5e00000| Complete 
|  95|0x00000000e5f00000, 0x00000000e6000000, 0x00000000e6000000|100%|HC|  |TAMS 0x00000000e6000000, 0x00000000e5f00000| Complete 
|  96|0x00000000e6000000, 0x00000000e6100000, 0x00000000e6100000|100%|HC|  |TAMS 0x00000000e6100000, 0x00000000e6000000| Complete 
|  97|0x00000000e6100000, 0x00000000e6200000, 0x00000000e6200000|100%| O|  |TAMS 0x00000000e6200000, 0x00000000e6100000| Updating 
|  98|0x00000000e6200000, 0x00000000e6300000, 0x00000000e6300000|100%| O|  |TAMS 0x00000000e6300000, 0x00000000e6200000| Updating 
|  99|0x00000000e6300000, 0x00000000e6400000, 0x00000000e6400000|100%| O|  |TAMS 0x00000000e6400000, 0x00000000e6300000| Updating 
| 100|0x00000000e6400000, 0x00000000e6500000, 0x00000000e6500000|100%| O|  |TAMS 0x00000000e6500000, 0x00000000e6400000| Updating 
| 101|0x00000000e6500000, 0x00000000e6600000, 0x00000000e6600000|100%| O|  |TAMS 0x00000000e6600000, 0x00000000e6500000| Updating 
| 102|0x00000000e6600000, 0x00000000e6700000, 0x00000000e6700000|100%| O|  |TAMS 0x00000000e6700000, 0x00000000e6600000| Updating 
| 103|0x00000000e6700000, 0x00000000e6800000, 0x00000000e6800000|100%| O|  |TAMS 0x00000000e6800000, 0x00000000e6700000| Updating 
| 104|0x00000000e6800000, 0x00000000e6900000, 0x00000000e6900000|100%| O|  |TAMS 0x00000000e6900000, 0x00000000e6800000| Updating 
| 105|0x00000000e6900000, 0x00000000e6a00000, 0x00000000e6a00000|100%| O|  |TAMS 0x00000000e6a00000, 0x00000000e6900000| Updating 
| 106|0x00000000e6a00000, 0x00000000e6b00000, 0x00000000e6b00000|100%| O|  |TAMS 0x00000000e6b00000, 0x00000000e6a00000| Updating 
| 107|0x00000000e6b00000, 0x00000000e6c00000, 0x00000000e6c00000|100%| O|  |TAMS 0x00000000e6c00000, 0x00000000e6b00000| Updating 
| 108|0x00000000e6c00000, 0x00000000e6d00000, 0x00000000e6d00000|100%| O|  |TAMS 0x00000000e6d00000, 0x00000000e6c00000| Updating 
| 109|0x00000000e6d00000, 0x00000000e6e00000, 0x00000000e6e00000|100%| O|  |TAMS 0x00000000e6e00000, 0x00000000e6d00000| Updating 
| 110|0x00000000e6e00000, 0x00000000e6f00000, 0x00000000e6f00000|100%| O|  |TAMS 0x00000000e6f00000, 0x00000000e6e00000| Updating 
| 111|0x00000000e6f00000, 0x00000000e7000000, 0x00000000e7000000|100%| O|  |TAMS 0x00000000e7000000, 0x00000000e6f00000| Updating 
| 112|0x00000000e7000000, 0x00000000e7100000, 0x00000000e7100000|100%| O|  |TAMS 0x00000000e7100000, 0x00000000e7000000| Updating 
| 113|0x00000000e7100000, 0x00000000e7200000, 0x00000000e7200000|100%| O|  |TAMS 0x00000000e7200000, 0x00000000e7100000| Updating 
| 114|0x00000000e7200000, 0x00000000e7300000, 0x00000000e7300000|100%| O|  |TAMS 0x00000000e7300000, 0x00000000e7200000| Updating 
| 115|0x00000000e7300000, 0x00000000e7400000, 0x00000000e7400000|100%| O|  |TAMS 0x00000000e7400000, 0x00000000e7300000| Updating 
| 116|0x00000000e7400000, 0x00000000e7500000, 0x00000000e7500000|100%| O|  |TAMS 0x00000000e7500000, 0x00000000e7400000| Updating 
| 117|0x00000000e7500000, 0x00000000e7600000, 0x00000000e7600000|100%| O|  |TAMS 0x00000000e7600000, 0x00000000e7500000| Updating 
| 118|0x00000000e7600000, 0x00000000e7700000, 0x00000000e7700000|100%| O|  |TAMS 0x00000000e7700000, 0x00000000e7600000| Updating 
| 119|0x00000000e7700000, 0x00000000e7800000, 0x00000000e7800000|100%| O|  |TAMS 0x00000000e7800000, 0x00000000e7700000| Updating 
| 120|0x00000000e7800000, 0x00000000e7900000, 0x00000000e7900000|100%| O|  |TAMS 0x00000000e7900000, 0x00000000e7800000| Updating 
| 121|0x00000000e7900000, 0x00000000e7a00000, 0x00000000e7a00000|100%| O|  |TAMS 0x00000000e7a00000, 0x00000000e7900000| Updating 
| 122|0x00000000e7a00000, 0x00000000e7b00000, 0x00000000e7b00000|100%| O|  |TAMS 0x00000000e7b00000, 0x00000000e7a00000| Updating 
| 123|0x00000000e7b00000, 0x00000000e7c00000, 0x00000000e7c00000|100%| O|  |TAMS 0x00000000e7c00000, 0x00000000e7b00000| Updating 
| 124|0x00000000e7c00000, 0x00000000e7d00000, 0x00000000e7d00000|100%| O|  |TAMS 0x00000000e7d00000, 0x00000000e7c00000| Updating 
| 125|0x00000000e7d00000, 0x00000000e7e00000, 0x00000000e7e00000|100%| O|  |TAMS 0x00000000e7e00000, 0x00000000e7d00000| Updating 
| 126|0x00000000e7e00000, 0x00000000e7f00000, 0x00000000e7f00000|100%| O|  |TAMS 0x00000000e7f00000, 0x00000000e7e00000| Updating 
| 127|0x00000000e7f00000, 0x00000000e8000000, 0x00000000e8000000|100%| O|  |TAMS 0x00000000e8000000, 0x00000000e7f00000| Updating 
| 128|0x00000000e8000000, 0x00000000e8100000, 0x00000000e8100000|100%| O|  |TAMS 0x00000000e8100000, 0x00000000e8000000| Updating 
| 129|0x00000000e8100000, 0x00000000e8200000, 0x00000000e8200000|100%| O|  |TAMS 0x00000000e8200000, 0x00000000e8100000| Updating 
| 130|0x00000000e8200000, 0x00000000e8300000, 0x00000000e8300000|100%| O|  |TAMS 0x00000000e8300000, 0x00000000e8200000| Updating 
| 131|0x00000000e8300000, 0x00000000e8400000, 0x00000000e8400000|100%| O|  |TAMS 0x00000000e8400000, 0x00000000e8300000| Updating 
| 132|0x00000000e8400000, 0x00000000e8500000, 0x00000000e8500000|100%| O|  |TAMS 0x00000000e8500000, 0x00000000e8400000| Updating 
| 133|0x00000000e8500000, 0x00000000e8600000, 0x00000000e8600000|100%| O|  |TAMS 0x00000000e8600000, 0x00000000e8500000| Updating 
| 134|0x00000000e8600000, 0x00000000e8700000, 0x00000000e8700000|100%| O|  |TAMS 0x00000000e8700000, 0x00000000e8600000| Updating 
| 135|0x00000000e8700000, 0x00000000e8800000, 0x00000000e8800000|100%| O|  |TAMS 0x00000000e8800000, 0x00000000e8700000| Updating 
| 136|0x00000000e8800000, 0x00000000e8900000, 0x00000000e8900000|100%| O|  |TAMS 0x00000000e8900000, 0x00000000e8800000| Updating 
| 137|0x00000000e8900000, 0x00000000e8922008, 0x00000000e8a00000| 13%| O|  |TAMS 0x00000000e8922008, 0x00000000e8900000| Updating 
| 138|0x00000000e8a00000, 0x00000000e8b00000, 0x00000000e8b00000|100%|HS|  |TAMS 0x00000000e8a00000, 0x00000000e8a00000| Complete 
| 139|0x00000000e8b00000, 0x00000000e8c00000, 0x00000000e8c00000|100%|HS|  |TAMS 0x00000000e8b00000, 0x00000000e8b00000| Complete 
| 140|0x00000000e8c00000, 0x00000000e8d00000, 0x00000000e8d00000|100%|HC|  |TAMS 0x00000000e8c00000, 0x00000000e8c00000| Complete 
| 141|0x00000000e8d00000, 0x00000000e8e00000, 0x00000000e8e00000|100%|HC|  |TAMS 0x00000000e8d00000, 0x00000000e8d00000| Complete 
| 142|0x00000000e8e00000, 0x00000000e8f00000, 0x00000000e8f00000|100%|HC|  |TAMS 0x00000000e8e00000, 0x00000000e8e00000| Complete 
| 143|0x00000000e8f00000, 0x00000000e9000000, 0x00000000e9000000|100%|HC|  |TAMS 0x00000000e8f00000, 0x00000000e8f00000| Complete 
| 144|0x00000000e9000000, 0x00000000e9100000, 0x00000000e9100000|100%|HC|  |TAMS 0x00000000e9000000, 0x00000000e9000000| Complete 
| 145|0x00000000e9100000, 0x00000000e9200000, 0x00000000e9200000|100%|HC|  |TAMS 0x00000000e9100000, 0x00000000e9100000| Complete 
| 146|0x00000000e9200000, 0x00000000e9300000, 0x00000000e9300000|100%|HC|  |TAMS 0x00000000e9200000, 0x00000000e9200000| Complete 
| 147|0x00000000e9300000, 0x00000000e9400000, 0x00000000e9400000|100%|HC|  |TAMS 0x00000000e9300000, 0x00000000e9300000| Complete 
| 148|0x00000000e9400000, 0x00000000e9500000, 0x00000000e9500000|100%|HC|  |TAMS 0x00000000e9400000, 0x00000000e9400000| Complete 
| 149|0x00000000e9500000, 0x00000000e9600000, 0x00000000e9600000|100%|HC|  |TAMS 0x00000000e9500000, 0x00000000e9500000| Complete 
| 150|0x00000000e9600000, 0x00000000e9700000, 0x00000000e9700000|100%|HC|  |TAMS 0x00000000e9600000, 0x00000000e9600000| Complete 
| 151|0x00000000e9700000, 0x00000000e9800000, 0x00000000e9800000|100%|HC|  |TAMS 0x00000000e9700000, 0x00000000e9700000| Complete 
| 152|0x00000000e9800000, 0x00000000e9900000, 0x00000000e9900000|100%|HC|  |TAMS 0x00000000e9800000, 0x00000000e9800000| Complete 
| 153|0x00000000e9900000, 0x00000000e9a00000, 0x00000000e9a00000|100%|HC|  |TAMS 0x00000000e9900000, 0x00000000e9900000| Complete 
| 154|0x00000000e9a00000, 0x00000000e9b00000, 0x00000000e9b00000|100%|HC|  |TAMS 0x00000000e9a00000, 0x00000000e9a00000| Complete 
| 155|0x00000000e9b00000, 0x00000000e9c00000, 0x00000000e9c00000|100%|HC|  |TAMS 0x00000000e9b00000, 0x00000000e9b00000| Complete 
| 156|0x00000000e9c00000, 0x00000000e9d00000, 0x00000000e9d00000|100%|HS|  |TAMS 0x00000000e9c00000, 0x00000000e9c00000| Complete 
| 157|0x00000000e9d00000, 0x00000000e9e00000, 0x00000000e9e00000|100%|HC|  |TAMS 0x00000000e9d00000, 0x00000000e9d00000| Complete 
| 158|0x00000000e9e00000, 0x00000000e9f00000, 0x00000000e9f00000|100%|HC|  |TAMS 0x00000000e9e00000, 0x00000000e9e00000| Complete 
| 159|0x00000000e9f00000, 0x00000000ea000000, 0x00000000ea000000|100%|HC|  |TAMS 0x00000000e9f00000, 0x00000000e9f00000| Complete 
| 160|0x00000000ea000000, 0x00000000ea100000, 0x00000000ea100000|100%|HC|  |TAMS 0x00000000ea000000, 0x00000000ea000000| Complete 
| 161|0x00000000ea100000, 0x00000000ea200000, 0x00000000ea200000|100%|HC|  |TAMS 0x00000000ea100000, 0x00000000ea100000| Complete 
| 162|0x00000000ea200000, 0x00000000ea300000, 0x00000000ea300000|100%|HC|  |TAMS 0x00000000ea200000, 0x00000000ea200000| Complete 
| 163|0x00000000ea300000, 0x00000000ea400000, 0x00000000ea400000|100%|HC|  |TAMS 0x00000000ea300000, 0x00000000ea300000| Complete 
| 164|0x00000000ea400000, 0x00000000ea500000, 0x00000000ea500000|100%|HC|  |TAMS 0x00000000ea400000, 0x00000000ea400000| Complete 
| 165|0x00000000ea500000, 0x00000000ea500000, 0x00000000ea600000|  0%| F|  |TAMS 0x00000000ea500000, 0x00000000ea500000| Untracked 
| 166|0x00000000ea600000, 0x00000000ea600000, 0x00000000ea700000|  0%| F|  |TAMS 0x00000000ea600000, 0x00000000ea600000| Untracked 
| 167|0x00000000ea700000, 0x00000000ea700000, 0x00000000ea800000|  0%| F|  |TAMS 0x00000000ea700000, 0x00000000ea700000| Untracked 
| 168|0x00000000ea800000, 0x00000000ea800000, 0x00000000ea900000|  0%| F|  |TAMS 0x00000000ea800000, 0x00000000ea800000| Untracked 
| 169|0x00000000ea900000, 0x00000000ea900000, 0x00000000eaa00000|  0%| F|  |TAMS 0x00000000ea900000, 0x00000000ea900000| Untracked 
| 170|0x00000000eaa00000, 0x00000000eaa00000, 0x00000000eab00000|  0%| F|  |TAMS 0x00000000eaa00000, 0x00000000eaa00000| Untracked 
| 171|0x00000000eab00000, 0x00000000eab00000, 0x00000000eac00000|  0%| F|  |TAMS 0x00000000eab00000, 0x00000000eab00000| Untracked 
| 172|0x00000000eac00000, 0x00000000eac00000, 0x00000000ead00000|  0%| F|  |TAMS 0x00000000eac00000, 0x00000000eac00000| Untracked 
| 173|0x00000000ead00000, 0x00000000ead00000, 0x00000000eae00000|  0%| F|  |TAMS 0x00000000ead00000, 0x00000000ead00000| Untracked 
| 174|0x00000000eae00000, 0x00000000eae00000, 0x00000000eaf00000|  0%| F|  |TAMS 0x00000000eae00000, 0x00000000eae00000| Untracked 
| 175|0x00000000eaf00000, 0x00000000eaf00000, 0x00000000eb000000|  0%| F|  |TAMS 0x00000000eaf00000, 0x00000000eaf00000| Untracked 
| 176|0x00000000eb000000, 0x00000000eb000000, 0x00000000eb100000|  0%| F|  |TAMS 0x00000000eb000000, 0x00000000eb000000| Untracked 
| 177|0x00000000eb100000, 0x00000000eb100000, 0x00000000eb200000|  0%| F|  |TAMS 0x00000000eb100000, 0x00000000eb100000| Untracked 
| 178|0x00000000eb200000, 0x00000000eb200000, 0x00000000eb300000|  0%| F|  |TAMS 0x00000000eb200000, 0x00000000eb200000| Untracked 
| 179|0x00000000eb300000, 0x00000000eb300000, 0x00000000eb400000|  0%| F|  |TAMS 0x00000000eb300000, 0x00000000eb300000| Untracked 
| 180|0x00000000eb400000, 0x00000000eb400000, 0x00000000eb500000|  0%| F|  |TAMS 0x00000000eb400000, 0x00000000eb400000| Untracked 
| 181|0x00000000eb500000, 0x00000000eb500000, 0x00000000eb600000|  0%| F|  |TAMS 0x00000000eb500000, 0x00000000eb500000| Untracked 
| 182|0x00000000eb600000, 0x00000000eb600000, 0x00000000eb700000|  0%| F|  |TAMS 0x00000000eb600000, 0x00000000eb600000| Untracked 
| 183|0x00000000eb700000, 0x00000000eb700000, 0x00000000eb800000|  0%| F|  |TAMS 0x00000000eb700000, 0x00000000eb700000| Untracked 
| 184|0x00000000eb800000, 0x00000000eb800000, 0x00000000eb900000|  0%| F|  |TAMS 0x00000000eb800000, 0x00000000eb800000| Untracked 
| 185|0x00000000eb900000, 0x00000000eb900000, 0x00000000eba00000|  0%| F|  |TAMS 0x00000000eb900000, 0x00000000eb900000| Untracked 
| 186|0x00000000eba00000, 0x00000000eba00000, 0x00000000ebb00000|  0%| F|  |TAMS 0x00000000eba00000, 0x00000000eba00000| Untracked 
| 187|0x00000000ebb00000, 0x00000000ebb00000, 0x00000000ebc00000|  0%| F|  |TAMS 0x00000000ebb00000, 0x00000000ebb00000| Untracked 
| 188|0x00000000ebc00000, 0x00000000ebc00000, 0x00000000ebd00000|  0%| F|  |TAMS 0x00000000ebc00000, 0x00000000ebc00000| Untracked 
| 189|0x00000000ebd00000, 0x00000000ebd00000, 0x00000000ebe00000|  0%| F|  |TAMS 0x00000000ebd00000, 0x00000000ebd00000| Untracked 
| 190|0x00000000ebe00000, 0x00000000ebe00000, 0x00000000ebf00000|  0%| F|  |TAMS 0x00000000ebe00000, 0x00000000ebe00000| Untracked 
| 191|0x00000000ebf00000, 0x00000000ebfee398, 0x00000000ec000000| 93%| S|CS|TAMS 0x00000000ebf00000, 0x00000000ebf00000| Complete 
| 192|0x00000000ec000000, 0x00000000ec100000, 0x00000000ec100000|100%| S|CS|TAMS 0x00000000ec000000, 0x00000000ec000000| Complete 
| 193|0x00000000ec100000, 0x00000000ec200000, 0x00000000ec200000|100%| S|CS|TAMS 0x00000000ec100000, 0x00000000ec100000| Complete 
| 194|0x00000000ec200000, 0x00000000ec300000, 0x00000000ec300000|100%| S|CS|TAMS 0x00000000ec200000, 0x00000000ec200000| Complete 
| 195|0x00000000ec300000, 0x00000000ec400000, 0x00000000ec400000|100%| S|CS|TAMS 0x00000000ec300000, 0x00000000ec300000| Complete 
| 196|0x00000000ec400000, 0x00000000ec400000, 0x00000000ec500000|  0%| F|  |TAMS 0x00000000ec400000, 0x00000000ec400000| Untracked 
| 197|0x00000000ec500000, 0x00000000ec500000, 0x00000000ec600000|  0%| F|  |TAMS 0x00000000ec500000, 0x00000000ec500000| Untracked 
| 198|0x00000000ec600000, 0x00000000ec600000, 0x00000000ec700000|  0%| F|  |TAMS 0x00000000ec600000, 0x00000000ec600000| Untracked 
| 199|0x00000000ec700000, 0x00000000ec700000, 0x00000000ec800000|  0%| F|  |TAMS 0x00000000ec700000, 0x00000000ec700000| Untracked 
| 200|0x00000000ec800000, 0x00000000ec800000, 0x00000000ec900000|  0%| F|  |TAMS 0x00000000ec800000, 0x00000000ec800000| Untracked 
| 201|0x00000000ec900000, 0x00000000ec900000, 0x00000000eca00000|  0%| F|  |TAMS 0x00000000ec900000, 0x00000000ec900000| Untracked 
| 202|0x00000000eca00000, 0x00000000eca00000, 0x00000000ecb00000|  0%| F|  |TAMS 0x00000000eca00000, 0x00000000eca00000| Untracked 
| 203|0x00000000ecb00000, 0x00000000ecb00000, 0x00000000ecc00000|  0%| F|  |TAMS 0x00000000ecb00000, 0x00000000ecb00000| Untracked 
| 204|0x00000000ecc00000, 0x00000000ecc00000, 0x00000000ecd00000|  0%| F|  |TAMS 0x00000000ecc00000, 0x00000000ecc00000| Untracked 
| 205|0x00000000ecd00000, 0x00000000ecd00000, 0x00000000ece00000|  0%| F|  |TAMS 0x00000000ecd00000, 0x00000000ecd00000| Untracked 
| 206|0x00000000ece00000, 0x00000000ece00000, 0x00000000ecf00000|  0%| F|  |TAMS 0x00000000ece00000, 0x00000000ece00000| Untracked 
| 207|0x00000000ecf00000, 0x00000000ecf00000, 0x00000000ed000000|  0%| F|  |TAMS 0x00000000ecf00000, 0x00000000ecf00000| Untracked 
| 208|0x00000000ed000000, 0x00000000ed000000, 0x00000000ed100000|  0%| F|  |TAMS 0x00000000ed000000, 0x00000000ed000000| Untracked 
| 209|0x00000000ed100000, 0x00000000ed100000, 0x00000000ed200000|  0%| F|  |TAMS 0x00000000ed100000, 0x00000000ed100000| Untracked 
| 210|0x00000000ed200000, 0x00000000ed200000, 0x00000000ed300000|  0%| F|  |TAMS 0x00000000ed200000, 0x00000000ed200000| Untracked 
| 211|0x00000000ed300000, 0x00000000ed300000, 0x00000000ed400000|  0%| F|  |TAMS 0x00000000ed300000, 0x00000000ed300000| Untracked 
| 212|0x00000000ed400000, 0x00000000ed400000, 0x00000000ed500000|  0%| F|  |TAMS 0x00000000ed400000, 0x00000000ed400000| Untracked 
| 213|0x00000000ed500000, 0x00000000ed500000, 0x00000000ed600000|  0%| F|  |TAMS 0x00000000ed500000, 0x00000000ed500000| Untracked 
| 214|0x00000000ed600000, 0x00000000ed600000, 0x00000000ed700000|  0%| F|  |TAMS 0x00000000ed600000, 0x00000000ed600000| Untracked 
| 215|0x00000000ed700000, 0x00000000ed700000, 0x00000000ed800000|  0%| F|  |TAMS 0x00000000ed700000, 0x00000000ed700000| Untracked 
| 216|0x00000000ed800000, 0x00000000ed800000, 0x00000000ed900000|  0%| F|  |TAMS 0x00000000ed800000, 0x00000000ed800000| Untracked 
| 217|0x00000000ed900000, 0x00000000ed900000, 0x00000000eda00000|  0%| F|  |TAMS 0x00000000ed900000, 0x00000000ed900000| Untracked 
| 218|0x00000000eda00000, 0x00000000eda00000, 0x00000000edb00000|  0%| F|  |TAMS 0x00000000eda00000, 0x00000000eda00000| Untracked 
| 219|0x00000000edb00000, 0x00000000edb00000, 0x00000000edc00000|  0%| F|  |TAMS 0x00000000edb00000, 0x00000000edb00000| Untracked 
| 220|0x00000000edc00000, 0x00000000edc00000, 0x00000000edd00000|  0%| F|  |TAMS 0x00000000edc00000, 0x00000000edc00000| Untracked 
| 221|0x00000000edd00000, 0x00000000edd00000, 0x00000000ede00000|  0%| F|  |TAMS 0x00000000edd00000, 0x00000000edd00000| Untracked 
| 222|0x00000000ede00000, 0x00000000ede00000, 0x00000000edf00000|  0%| F|  |TAMS 0x00000000ede00000, 0x00000000ede00000| Untracked 
| 223|0x00000000edf00000, 0x00000000edf00000, 0x00000000ee000000|  0%| F|  |TAMS 0x00000000edf00000, 0x00000000edf00000| Untracked 
| 224|0x00000000ee000000, 0x00000000ee000000, 0x00000000ee100000|  0%| F|  |TAMS 0x00000000ee000000, 0x00000000ee000000| Untracked 
| 225|0x00000000ee100000, 0x00000000ee100000, 0x00000000ee200000|  0%| F|  |TAMS 0x00000000ee100000, 0x00000000ee100000| Untracked 
| 226|0x00000000ee200000, 0x00000000ee200000, 0x00000000ee300000|  0%| F|  |TAMS 0x00000000ee200000, 0x00000000ee200000| Untracked 
| 227|0x00000000ee300000, 0x00000000ee300000, 0x00000000ee400000|  0%| F|  |TAMS 0x00000000ee300000, 0x00000000ee300000| Untracked 
| 228|0x00000000ee400000, 0x00000000ee400000, 0x00000000ee500000|  0%| F|  |TAMS 0x00000000ee400000, 0x00000000ee400000| Untracked 
| 229|0x00000000ee500000, 0x00000000ee500000, 0x00000000ee600000|  0%| F|  |TAMS 0x00000000ee500000, 0x00000000ee500000| Untracked 
| 230|0x00000000ee600000, 0x00000000ee600000, 0x00000000ee700000|  0%| F|  |TAMS 0x00000000ee600000, 0x00000000ee600000| Untracked 
| 231|0x00000000ee700000, 0x00000000ee700000, 0x00000000ee800000|  0%| F|  |TAMS 0x00000000ee700000, 0x00000000ee700000| Untracked 
| 232|0x00000000ee800000, 0x00000000ee800000, 0x00000000ee900000|  0%| F|  |TAMS 0x00000000ee800000, 0x00000000ee800000| Untracked 
| 233|0x00000000ee900000, 0x00000000ee900000, 0x00000000eea00000|  0%| F|  |TAMS 0x00000000ee900000, 0x00000000ee900000| Untracked 
| 234|0x00000000eea00000, 0x00000000eea00000, 0x00000000eeb00000|  0%| F|  |TAMS 0x00000000eea00000, 0x00000000eea00000| Untracked 
| 235|0x00000000eeb00000, 0x00000000eeb00000, 0x00000000eec00000|  0%| F|  |TAMS 0x00000000eeb00000, 0x00000000eeb00000| Untracked 
| 236|0x00000000eec00000, 0x00000000eec00000, 0x00000000eed00000|  0%| F|  |TAMS 0x00000000eec00000, 0x00000000eec00000| Untracked 
| 237|0x00000000eed00000, 0x00000000eed00000, 0x00000000eee00000|  0%| F|  |TAMS 0x00000000eed00000, 0x00000000eed00000| Untracked 
| 238|0x00000000eee00000, 0x00000000eee00000, 0x00000000eef00000|  0%| F|  |TAMS 0x00000000eee00000, 0x00000000eee00000| Untracked 
| 239|0x00000000eef00000, 0x00000000eef00000, 0x00000000ef000000|  0%| F|  |TAMS 0x00000000eef00000, 0x00000000eef00000| Untracked 
| 240|0x00000000ef000000, 0x00000000ef000000, 0x00000000ef100000|  0%| F|  |TAMS 0x00000000ef000000, 0x00000000ef000000| Untracked 
| 241|0x00000000ef100000, 0x00000000ef100000, 0x00000000ef200000|  0%| F|  |TAMS 0x00000000ef100000, 0x00000000ef100000| Untracked 
| 242|0x00000000ef200000, 0x00000000ef200000, 0x00000000ef300000|  0%| F|  |TAMS 0x00000000ef200000, 0x00000000ef200000| Untracked 
| 243|0x00000000ef300000, 0x00000000ef300000, 0x00000000ef400000|  0%| F|  |TAMS 0x00000000ef300000, 0x00000000ef300000| Untracked 
| 244|0x00000000ef400000, 0x00000000ef400000, 0x00000000ef500000|  0%| F|  |TAMS 0x00000000ef400000, 0x00000000ef400000| Untracked 
| 245|0x00000000ef500000, 0x00000000ef500000, 0x00000000ef600000|  0%| F|  |TAMS 0x00000000ef500000, 0x00000000ef500000| Untracked 
| 246|0x00000000ef600000, 0x00000000ef600000, 0x00000000ef700000|  0%| F|  |TAMS 0x00000000ef600000, 0x00000000ef600000| Untracked 
| 247|0x00000000ef700000, 0x00000000ef700000, 0x00000000ef800000|  0%| F|  |TAMS 0x00000000ef700000, 0x00000000ef700000| Untracked 
| 248|0x00000000ef800000, 0x00000000ef800000, 0x00000000ef900000|  0%| F|  |TAMS 0x00000000ef800000, 0x00000000ef800000| Untracked 
| 249|0x00000000ef900000, 0x00000000ef900000, 0x00000000efa00000|  0%| F|  |TAMS 0x00000000ef900000, 0x00000000ef900000| Untracked 
| 250|0x00000000efa00000, 0x00000000efa03c68, 0x00000000efb00000|  1%| E|  |TAMS 0x00000000efa00000, 0x00000000efa00000| Complete 
| 251|0x00000000efb00000, 0x00000000efc00000, 0x00000000efc00000|100%| E|CS|TAMS 0x00000000efb00000, 0x00000000efb00000| Complete 
| 252|0x00000000efc00000, 0x00000000efd00000, 0x00000000efd00000|100%| E|CS|TAMS 0x00000000efc00000, 0x00000000efc00000| Complete 
| 253|0x00000000efd00000, 0x00000000efe00000, 0x00000000efe00000|100%| E|CS|TAMS 0x00000000efd00000, 0x00000000efd00000| Complete 
| 254|0x00000000efe00000, 0x00000000eff00000, 0x00000000eff00000|100%| E|CS|TAMS 0x00000000efe00000, 0x00000000efe00000| Complete 
| 255|0x00000000eff00000, 0x00000000f0000000, 0x00000000f0000000|100%| E|CS|TAMS 0x00000000eff00000, 0x00000000eff00000| Complete 

Card table byte_map: [0x00000172d41c0000,0x00000172d42c0000] _byte_map_base: 0x00000172d3ac0000

Marking Bits (Prev, Next): (CMBitMap*) 0x00000172bbc90320, (CMBitMap*) 0x00000172bbc902e8
 Prev Bits: [0x00000172d4bc0000, 0x00000172d53c0000)
 Next Bits: [0x00000172d43c0000, 0x00000172d4bc0000)

Polling page: 0x00000172bbd50000

Metaspace:

Usage:
  Non-class:     93.50 MB capacity,    90.82 MB ( 97%) used,     2.37 MB (  3%) free+waste,   314.44 KB ( <1%) overhead. 
      Class:     15.17 MB capacity,    13.56 MB ( 89%) used,     1.45 MB ( 10%) free+waste,   151.44 KB ( <1%) overhead. 
       Both:    108.67 MB capacity,   104.39 MB ( 96%) used,     3.83 MB (  4%) free+waste,   465.88 KB ( <1%) overhead. 

Virtual space:
  Non-class space:       94.00 MB reserved,      93.62 MB (>99%) committed 
      Class space:      248.00 MB reserved,      15.25 MB (  6%) committed 
             Both:      342.00 MB reserved,     108.87 MB ( 32%) committed 

Chunk freelists:
   Non-Class:  7.38 KB
       Class:  2.88 KB
        Both:  10.25 KB

CodeHeap 'non-profiled nmethods': size=120064Kb used=10800Kb max_used=10800Kb free=109263Kb
 bounds [0x00000172cc560000, 0x00000172ccff0000, 0x00000172d3aa0000]
CodeHeap 'profiled nmethods': size=120000Kb used=31342Kb max_used=31342Kb free=88657Kb
 bounds [0x00000172c5030000, 0x00000172c6ee0000, 0x00000172cc560000]
CodeHeap 'non-nmethods': size=5696Kb used=2325Kb max_used=2382Kb free=3370Kb
 bounds [0x00000172c4aa0000, 0x00000172c4d10000, 0x00000172c5030000]
 total_blobs=15049 nmethods=14111 adapters=848
 compilation: enabled
              stopped_count=0, restarted_count=0
 full_count=0

Compilation events (10 events):
Event: 533.171 Thread 0x00000172d83af800 15667       2       sun.net.www.ParseUtil::encodePath (41 bytes)
Event: 533.171 Thread 0x00000172d83af800 nmethod 15667 0x00000172c6ed6a90 code [0x00000172c6ed6c40, 0x00000172c6ed6dc8]
Event: 533.174 Thread 0x00000172d83af800 15668   !   2       java.util.zip.Inflater::finished (19 bytes)
Event: 533.174 Thread 0x00000172d83af800 nmethod 15668 0x00000172c6ed6e90 code [0x00000172c6ed7020, 0x00000172c6ed72b8]
Event: 533.174 Thread 0x00000172d83af800 15669       2       java.util.zip.InflaterInputStream::ensureOpen (18 bytes)
Event: 533.175 Thread 0x00000172d83af800 nmethod 15669 0x00000172c6ed7390 code [0x00000172c6ed7540, 0x00000172c6ed76e8]
Event: 533.175 Thread 0x00000172d83af800 15670   !   2       java.util.zip.InflaterInputStream::read (138 bytes)
Event: 533.176 Thread 0x00000172d83af800 nmethod 15670 0x00000172c6ed7790 code [0x00000172c6ed79e0, 0x00000172c6ed83b8]
Event: 533.177 Thread 0x00000172d83af800 15671       2       java.util.zip.ZipUtils::get16 (21 bytes)
Event: 533.178 Thread 0x00000172d83af800 nmethod 15671 0x00000172c6ed8910 code [0x00000172c6ed8aa0, 0x00000172c6ed8bd8]

GC Heap History (10 events):
Event: 520.170 GC heap before
{Heap before GC invocations=55 (full 0):
 garbage-first heap   total 262144K, used 225800K [0x00000000e0000000, 0x0000000100000000)
  region size 1024K, 125 young (128000K), 10 survivors (10240K)
 Metaspace       used 88264K, capacity 92413K, committed 92540K, reserved 333824K
  class space    used 11498K, capacity 12999K, committed 13056K, reserved 253952K
}
Event: 520.201 GC heap after
{Heap after GC invocations=56 (full 0):
 garbage-first heap   total 262144K, used 120710K [0x00000000e0000000, 0x0000000100000000)
  region size 1024K, 12 young (12288K), 12 survivors (12288K)
 Metaspace       used 88264K, capacity 92413K, committed 92540K, reserved 333824K
  class space    used 11498K, capacity 12999K, committed 13056K, reserved 253952K
}
Event: 523.206 GC heap before
{Heap before GC invocations=56 (full 0):
 garbage-first heap   total 262144K, used 216966K [0x00000000e0000000, 0x0000000100000000)
  region size 1024K, 106 young (108544K), 12 survivors (12288K)
 Metaspace       used 95169K, capacity 99438K, committed 99580K, reserved 339968K
  class space    used 12405K, capacity 13929K, committed 13952K, reserved 253952K
}
Event: 523.258 GC heap after
{Heap after GC invocations=57 (full 0):
 garbage-first heap   total 262144K, used 133968K [0x00000000e0000000, 0x0000000100000000)
  region size 1024K, 13 young (13312K), 13 survivors (13312K)
 Metaspace       used 95169K, capacity 99438K, committed 99580K, reserved 339968K
  class space    used 12405K, capacity 13929K, committed 13952K, reserved 253952K
}
Event: 523.558 GC heap before
{Heap before GC invocations=57 (full 0):
 garbage-first heap   total 262144K, used 147280K [0x00000000e0000000, 0x0000000100000000)
  region size 1024K, 27 young (27648K), 13 survivors (13312K)
 Metaspace       used 95899K, capacity 100092K, committed 100220K, reserved 342016K
  class space    used 12489K, capacity 13995K, committed 14080K, reserved 253952K
}
Event: 523.587 GC heap after
{Heap after GC invocations=58 (full 0):
 garbage-first heap   total 262144K, used 135680K [0x00000000e0000000, 0x0000000100000000)
  region size 1024K, 3 young (3072K), 3 survivors (3072K)
 Metaspace       used 95899K, capacity 100092K, committed 100220K, reserved 342016K
  class space    used 12489K, capacity 13995K, committed 14080K, reserved 253952K
}
Event: 526.391 GC heap before
{Heap before GC invocations=59 (full 0):
 garbage-first heap   total 262144K, used 208384K [0x00000000e0000000, 0x0000000100000000)
  region size 1024K, 74 young (75776K), 3 survivors (3072K)
 Metaspace       used 101601K, capacity 105862K, committed 106108K, reserved 346112K
  class space    used 13226K, capacity 14821K, committed 14848K, reserved 253952K
}
Event: 526.412 GC heap after
{Heap after GC invocations=60 (full 0):
 garbage-first heap   total 262144K, used 140670K [0x00000000e0000000, 0x0000000100000000)
  region size 1024K, 8 young (8192K), 8 survivors (8192K)
 Metaspace       used 101601K, capacity 105862K, committed 106108K, reserved 346112K
  class space    used 13226K, capacity 14821K, committed 14848K, reserved 253952K
}
Event: 532.824 GC heap before
{Heap before GC invocations=60 (full 0):
 garbage-first heap   total 262144K, used 200062K [0x00000000e0000000, 0x0000000100000000)
  region size 1024K, 68 young (69632K), 8 survivors (8192K)
 Metaspace       used 106666K, capacity 110919K, committed 111228K, reserved 350208K
  class space    used 13873K, capacity 15496K, committed 15616K, reserved 253952K
}
Event: 532.846 GC heap after
{Heap after GC invocations=61 (full 0):
 garbage-first heap   total 262144K, used 145472K [0x00000000e0000000, 0x0000000100000000)
  region size 1024K, 5 young (5120K), 5 survivors (5120K)
 Metaspace       used 106666K, capacity 110919K, committed 111228K, reserved 350208K
  class space    used 13873K, capacity 15496K, committed 15616K, reserved 253952K
}

Deoptimization events (10 events):
Event: 532.672 Thread 0x00000172d9369000 Uncommon trap: reason=predicate action=maybe_recompile pc=0x00000172ccf40fdc method=java.util.TimSort.binarySort([Ljava/lang/Object;IIILjava/util/Comparator;)V @ 34 c2
Event: 532.796 Thread 0x00000172d9360800 Uncommon trap: reason=unstable_if action=reinterpret pc=0x00000172ccb12498 method=org.gradle.internal.snapshot.VfsRelativePath.compareToFirstSegment(Ljava/lang/String;Lorg/gradle/internal/snapshot/CaseSensitivity;)I @ 134 c2
Event: 532.811 Thread 0x00000172d9e7f000 Uncommon trap: reason=unstable_if action=reinterpret pc=0x00000172ccf94b94 method=java.util.concurrent.ConcurrentHashMap.putVal(Ljava/lang/Object;Ljava/lang/Object;Z)Ljava/lang/Object; @ 97 c2
Event: 532.811 Thread 0x00000172dc74e000 Uncommon trap: reason=unstable_if action=reinterpret pc=0x00000172ccf94b94 method=java.util.concurrent.ConcurrentHashMap.putVal(Ljava/lang/Object;Ljava/lang/Object;Z)Ljava/lang/Object; @ 97 c2
Event: 532.848 Thread 0x00000172d9e7f000 Uncommon trap: reason=unstable_if action=reinterpret pc=0x00000172cc926648 method=com.google.gson.stream.JsonReader.nextNonWhitespace(Z)I @ 279 c2
Event: 533.173 Thread 0x00000172dc74e000 Uncommon trap: reason=class_check action=maybe_recompile pc=0x00000172cc632bc0 method=java.util.zip.InflaterInputStream.read([BII)I @ 100 c2
Event: 533.174 Thread 0x00000172dc74e000 Uncommon trap: reason=class_check action=maybe_recompile pc=0x00000172cc632bc0 method=java.util.zip.InflaterInputStream.read([BII)I @ 100 c2
Event: 533.174 Thread 0x00000172dc74e000 Uncommon trap: reason=class_check action=maybe_recompile pc=0x00000172cc632bc0 method=java.util.zip.InflaterInputStream.read([BII)I @ 100 c2
Event: 533.174 Thread 0x00000172dc74e000 Uncommon trap: reason=class_check action=maybe_recompile pc=0x00000172cc632bc0 method=java.util.zip.InflaterInputStream.read([BII)I @ 100 c2
Event: 533.179 Thread 0x00000172dc74e000 Uncommon trap: reason=unstable_if action=reinterpret pc=0x00000172ccf69c10 method=java.lang.String.regionMatches(ZILjava/lang/String;II)Z @ 21 c2

Classes redefined (0 events):
No events

Internal exceptions (10 events):
Event: 525.819 Thread 0x00000172e0aa5000 Exception <a 'sun/nio/fs/WindowsException'{0x00000000ec76ca80}> (0x00000000ec76ca80) thrown at [./open/src/hotspot/share/prims/jni.cpp, line 611]
Event: 525.894 Thread 0x00000172e0aa0000 Implicit null exception at 0x00000172cc7b174c to 0x00000172cc7b177c
Event: 525.897 Thread 0x00000172e0aa5000 Exception <a 'java/lang/NoSuchMethodError'{0x00000000ec683478}: java.lang.invoke.DirectMethodHandle$Holder.invokeStatic(Ljava/lang/Object;Ljava/lang/Object;Ljava/lang/Object;Ljava/lang/Object;Ljava/lang/Object;Ljava/lang/Object;Ljava/lang/Object;)V> (0x00
Event: 526.275 Thread 0x00000172dc74e000 Exception <a 'sun/nio/fs/WindowsException'{0x00000000eb9b7f60}> (0x00000000eb9b7f60) thrown at [./open/src/hotspot/share/prims/jni.cpp, line 611]
Event: 528.254 Thread 0x00000172dc74e000 Implicit null exception at 0x00000172cc759ecd to 0x00000172cc759ef8
Event: 528.499 Thread 0x00000172dc74e000 Implicit null exception at 0x00000172cc71e0cb to 0x00000172cc71e0ec
Event: 531.178 Thread 0x00000172d935b800 Implicit null exception at 0x00000172ccbddb46 to 0x00000172ccbde7a4
Event: 532.564 Thread 0x00000172dc74e000 Exception <a 'java/lang/NoSuchMethodError'{0x00000000ec9a77a0}: java.lang.invoke.DirectMethodHandle$Holder.invokeStatic(Ljava/lang/Object;Ljava/lang/Object;Ljava/lang/Object;Ljava/lang/Object;ILjava/lang/Object;Ljava/lang/Object;)V> (0x00000000ec9a77a0) t
Event: 532.677 Thread 0x00000172d9e7f000 Exception <a 'java/lang/NoSuchMethodError'{0x00000000ec65dd88}: java.lang.invoke.DirectMethodHandle$Holder.invokeSpecialIFC(Ljava/lang/Object;Ljava/lang/Object;Ljava/lang/Object;)Ljava/lang/Object;> (0x00000000ec65dd88) thrown at [./open/src/hotspot/share
Event: 532.677 Thread 0x00000172dc74e000 Exception <a 'java/lang/NoSuchMethodError'{0x00000000ec8cd1b0}: java.lang.invoke.DirectMethodHandle$Holder.invokeSpecialIFC(Ljava/lang/Object;Ljava/lang/Object;Ljava/lang/Object;)Ljava/lang/Object;> (0x00000000ec8cd1b0) thrown at [./open/src/hotspot/share

Events (10 events):
Event: 533.196 loading class org/objectweb/asm/AnnotationVisitor
Event: 533.196 loading class org/objectweb/asm/AnnotationVisitor done
Event: 533.196 loading class org/objectweb/asm/AnnotationWriter
Event: 533.196 loading class org/objectweb/asm/AnnotationWriter done
Event: 533.197 loading class org/objectweb/asm/MethodVisitor
Event: 533.197 loading class org/objectweb/asm/MethodVisitor done
Event: 533.201 loading class org/objectweb/asm/MethodWriter
Event: 533.201 loading class org/objectweb/asm/MethodWriter done
Event: 533.314 Executing VM operation: CGC_Operation
Event: 533.361 Executing VM operation: CGC_Operation done


Dynamic libraries:
0x00007ff7df580000 - 0x00007ff7df58f000 	C:\Program Files\Java\jdk-11.0.13\bin\java.exe
0x00007ffb154b0000 - 0x00007ffb156a5000 	C:\WINDOWS\SYSTEM32\ntdll.dll
0x00007ffb14570000 - 0x00007ffb1462d000 	C:\WINDOWS\System32\KERNEL32.DLL
0x00007ffb12dc0000 - 0x00007ffb1308d000 	C:\WINDOWS\System32\KERNELBASE.dll
0x00007ffb13090000 - 0x00007ffb13190000 	C:\WINDOWS\System32\ucrtbase.dll
0x00007ffb0bdc0000 - 0x00007ffb0bdd8000 	C:\Program Files\Java\jdk-11.0.13\bin\jli.dll
0x00007ffb14630000 - 0x00007ffb146de000 	C:\WINDOWS\System32\ADVAPI32.dll
0x00007ffb14780000 - 0x00007ffb1481e000 	C:\WINDOWS\System32\msvcrt.dll
0x00007ffb142f0000 - 0x00007ffb1438c000 	C:\WINDOWS\System32\sechost.dll
0x00007ffb14820000 - 0x00007ffb14945000 	C:\WINDOWS\System32\RPCRT4.dll
0x00007ffb14b20000 - 0x00007ffb14cc0000 	C:\WINDOWS\System32\USER32.dll
0x00007ffb13190000 - 0x00007ffb131b2000 	C:\WINDOWS\System32\win32u.dll
0x00007ffb14750000 - 0x00007ffb1477a000 	C:\WINDOWS\System32\GDI32.dll
0x00007ffb13210000 - 0x00007ffb1331b000 	C:\WINDOWS\System32\gdi32full.dll
0x00007ffb133d0000 - 0x00007ffb1346d000 	C:\WINDOWS\System32\msvcp_win.dll
0x00007ffb0b9a0000 - 0x00007ffb0b9b5000 	C:\Program Files\Java\jdk-11.0.13\bin\VCRUNTIME140.dll
0x00007ffb03930000 - 0x00007ffb03bca000 	C:\WINDOWS\WinSxS\amd64_microsoft.windows.common-controls_6595b64144ccf1df_6.0.19041.1110_none_60b5254171f9507e\COMCTL32.dll
0x00007ffb093a0000 - 0x00007ffb093aa000 	C:\WINDOWS\SYSTEM32\VERSION.dll
0x00007ffb14950000 - 0x00007ffb14980000 	C:\WINDOWS\System32\IMM32.DLL
0x00007ffaf4d70000 - 0x00007ffaf4e0b000 	C:\Program Files\Java\jdk-11.0.13\bin\msvcp140.dll
0x00007ffac6db0000 - 0x00007ffac78c3000 	C:\Program Files\Java\jdk-11.0.13\bin\server\jvm.dll
0x00007ffb13500000 - 0x00007ffb13508000 	C:\WINDOWS\System32\PSAPI.DLL
0x00007ffb0e790000 - 0x00007ffb0e799000 	C:\WINDOWS\SYSTEM32\WSOCK32.dll
0x00007ffb14500000 - 0x00007ffb1456b000 	C:\WINDOWS\System32\WS2_32.dll
0x00007ffb09370000 - 0x00007ffb09397000 	C:\WINDOWS\SYSTEM32\WINMM.dll
0x00007ffb11480000 - 0x00007ffb11492000 	C:\WINDOWS\SYSTEM32\kernel.appcore.dll
0x00007ffb0dff0000 - 0x00007ffb0e000000 	C:\Program Files\Java\jdk-11.0.13\bin\verify.dll
0x00007ffb101a0000 - 0x00007ffb10384000 	C:\WINDOWS\SYSTEM32\DBGHELP.DLL
0x00007ffaed6b0000 - 0x00007ffaed6dc000 	C:\WINDOWS\SYSTEM32\dbgcore.DLL
0x00007ffb13470000 - 0x00007ffb134f2000 	C:\WINDOWS\System32\bcryptPrimitives.dll
0x00007ffb03510000 - 0x00007ffb03538000 	C:\Program Files\Java\jdk-11.0.13\bin\java.dll
0x00007ffb0d370000 - 0x00007ffb0d37a000 	C:\Program Files\Java\jdk-11.0.13\bin\jimage.dll
0x00007ffb09ed0000 - 0x00007ffb09ee6000 	C:\Program Files\Java\jdk-11.0.13\bin\zip.dll
0x00007ffb139f0000 - 0x00007ffb14134000 	C:\WINDOWS\System32\SHELL32.dll
0x00007ffb10960000 - 0x00007ffb110f4000 	C:\WINDOWS\SYSTEM32\windows.storage.dll
0x00007ffb13690000 - 0x00007ffb139e4000 	C:\WINDOWS\System32\combase.dll
0x00007ffb12550000 - 0x00007ffb1257c000 	C:\WINDOWS\SYSTEM32\Wldp.dll
0x00007ffb149e0000 - 0x00007ffb14a8d000 	C:\WINDOWS\System32\SHCORE.dll
0x00007ffb14980000 - 0x00007ffb149d5000 	C:\WINDOWS\System32\shlwapi.dll
0x00007ffb12b00000 - 0x00007ffb12b1f000 	C:\WINDOWS\SYSTEM32\profapi.dll
0x00007ffb09180000 - 0x00007ffb09199000 	C:\Program Files\Java\jdk-11.0.13\bin\net.dll
0x00007ffb03590000 - 0x00007ffb0369a000 	C:\WINDOWS\SYSTEM32\WINHTTP.dll
0x00007ffb122b0000 - 0x00007ffb1231a000 	C:\WINDOWS\system32\mswsock.dll
0x00007ffb08cb0000 - 0x00007ffb08cc2000 	C:\Program Files\Java\jdk-11.0.13\bin\nio.dll
0x00007ffb01ed0000 - 0x00007ffb01ef7000 	C:\Users\Acer\.gradle\native\e1d6ef7f7dcc3fd88c89a11ec53ec762bb8ba0a96d01ffa2cd45eb1d1d8dd5c5\windows-amd64\native-platform.dll
0x00007ffaf2d50000 - 0x00007ffaf2e94000 	C:\Users\Acer\.gradle\native\5664cfc778a61ccfe75a443a1ab52a65af34e5dc3c78e0209fed803814484fcb\windows-amd64\native-platform-file-events.dll
0x00007ffb0c780000 - 0x00007ffb0c789000 	C:\Program Files\Java\jdk-11.0.13\bin\management.dll
0x00007ffb0c750000 - 0x00007ffb0c75b000 	C:\Program Files\Java\jdk-11.0.13\bin\management_ext.dll
0x00007ffb124a0000 - 0x00007ffb124b8000 	C:\WINDOWS\SYSTEM32\CRYPTSP.dll
0x00007ffb11c30000 - 0x00007ffb11c64000 	C:\WINDOWS\system32\rsaenh.dll
0x00007ffb12bc0000 - 0x00007ffb12be7000 	C:\WINDOWS\System32\bcrypt.dll
0x00007ffb12ac0000 - 0x00007ffb12aee000 	C:\WINDOWS\SYSTEM32\USERENV.dll
0x00007ffb124c0000 - 0x00007ffb124cc000 	C:\WINDOWS\SYSTEM32\CRYPTBASE.dll
0x00007ffb11fa0000 - 0x00007ffb11fdb000 	C:\WINDOWS\SYSTEM32\IPHLPAPI.DLL
0x00007ffb144f0000 - 0x00007ffb144f8000 	C:\WINDOWS\System32\NSI.dll
0x00007ffb08740000 - 0x00007ffb08757000 	C:\WINDOWS\SYSTEM32\dhcpcsvc6.DLL
0x00007ffb08d30000 - 0x00007ffb08d4d000 	C:\WINDOWS\SYSTEM32\dhcpcsvc.DLL
0x00007ffb11fe0000 - 0x00007ffb120ab000 	C:\WINDOWS\SYSTEM32\DNSAPI.dll
0x00007ffb0e7b0000 - 0x00007ffb0e7bd000 	C:\Program Files\Java\jdk-11.0.13\bin\sunmscapi.dll
0x00007ffb12bf0000 - 0x00007ffb12d46000 	C:\WINDOWS\System32\CRYPT32.dll
0x00007ffb125c0000 - 0x00007ffb125e7000 	C:\WINDOWS\SYSTEM32\ncrypt.dll
0x00007ffb12580000 - 0x00007ffb125bb000 	C:\WINDOWS\SYSTEM32\NTASN1.dll
0x00007ffaff720000 - 0x00007ffaff745000 	C:\Program Files\Java\jdk-11.0.13\bin\sunec.dll
0x00007ffb09ef0000 - 0x00007ffb09efa000 	C:\Windows\System32\rasadhlp.dll
0x00007ffb01190000 - 0x00007ffb01210000 	C:\WINDOWS\System32\fwpuclnt.dll

dbghelp: loaded successfully - version: 4.0.5 - missing functions: none
symbol engine: initialized successfully - sym options: 0x614 - pdb path: .;C:\Program Files\Java\jdk-11.0.13\bin;C:\WINDOWS\SYSTEM32;C:\WINDOWS\WinSxS\amd64_microsoft.windows.common-controls_6595b64144ccf1df_6.0.19041.1110_none_60b5254171f9507e;C:\Program Files\Java\jdk-11.0.13\bin\server;C:\Users\Acer\.gradle\native\e1d6ef7f7dcc3fd88c89a11ec53ec762bb8ba0a96d01ffa2cd45eb1d1d8dd5c5\windows-amd64;C:\Users\Acer\.gradle\native\5664cfc778a61ccfe75a443a1ab52a65af34e5dc3c78e0209fed803814484fcb\windows-amd64

VM Arguments:
jvm_args: --add-opens=java.base/java.util=ALL-UNNAMED --add-opens=java.base/java.lang=ALL-UNNAMED --add-opens=java.base/java.lang.invoke=ALL-UNNAMED --add-opens=java.base/java.util=ALL-UNNAMED --add-opens=java.prefs/java.util.prefs=ALL-UNNAMED --add-opens=java.prefs/java.util.prefs=ALL-UNNAMED --add-opens=java.base/java.nio.charset=ALL-UNNAMED --add-opens=java.base/java.net=ALL-UNNAMED --add-opens=java.base/java.util.concurrent.atomic=ALL-UNNAMED -XX:MaxMetaspaceSize=256m -XX:+HeapDumpOnOutOfMemoryError -Xms256m -Xmx512m -Dfile.encoding=windows-1252 -Duser.country=ID -Duser.language=en -Duser.variant 
java_command: org.gradle.launcher.daemon.bootstrap.GradleDaemon 7.2
java_class_path (initial): C:\Users\Acer\.gradle\wrapper\dists\gradle-7.2-all\260hg96vuh6ex27h9vo47iv4d\gradle-7.2\lib\gradle-launcher-7.2.jar
Launcher Type: SUN_STANDARD

[Global flags]
     intx CICompilerCount                          = 3                                         {product} {ergonomic}
   size_t CompressedClassSpaceSize                 = 260046848                                 {product} {ergonomic}
     uint ConcGCThreads                            = 1                                         {product} {ergonomic}
     uint G1ConcRefinementThreads                  = 4                                         {product} {ergonomic}
   size_t G1HeapRegionSize                         = 1048576                                   {product} {ergonomic}
    uintx GCDrainStackTargetSize                   = 64                                        {product} {ergonomic}
     bool HeapDumpOnOutOfMemoryError               = true                                   {manageable} {command line}
   size_t InitialHeapSize                          = 268435456                                 {product} {command line}
   size_t MarkStackSize                            = 4194304                                   {product} {ergonomic}
   size_t MaxHeapSize                              = 536870912                                 {product} {command line}
   size_t MaxMetaspaceSize                         = 268435456                                 {product} {command line}
   size_t MaxNewSize                               = 321912832                                 {product} {ergonomic}
   size_t MinHeapDeltaBytes                        = 1048576                                   {product} {ergonomic}
    uintx NonNMethodCodeHeapSize                   = 5830732                                {pd product} {ergonomic}
    uintx NonProfiledCodeHeapSize                  = 122913754                              {pd product} {ergonomic}
    uintx ProfiledCodeHeapSize                     = 122913754                              {pd product} {ergonomic}
    uintx ReservedCodeCacheSize                    = 251658240                              {pd product} {ergonomic}
     bool SegmentedCodeCache                       = true                                      {product} {ergonomic}
     bool UseCompressedClassPointers               = true                                 {lp64_product} {ergonomic}
     bool UseCompressedOops                        = true                                 {lp64_product} {ergonomic}
     bool UseG1GC                                  = true                                      {product} {ergonomic}
     bool UseLargePagesIndividualAllocation        = false                                  {pd product} {ergonomic}

Logging:
Log output configuration:
 #0: stdout all=warning uptime,level,tags
 #1: stderr all=off uptime,level,tags

Environment Variables:
CLASSPATH=D:\Mobile Apps\AwesomeProject\android\\gradle\wrapper\gradle-wrapper.jar
PATH=D:\Mobile Apps\AwesomeProject\android\node_modules\.bin;D:\Mobile Apps\AwesomeProject\node_modules\.bin;D:\Mobile Apps\node_modules\.bin;D:\node_modules\.bin;C:\Program Files\nodejs;D:\Mobile Apps\AwesomeProject\node_modules\.bin;D:\Mobile Apps\node_modules\.bin;D:\node_modules\.bin;C:\Program Files\nodejs\node_modules\npm\node_modules\@npmcli\run-script\lib\node-gyp-bin;C:\Program Files\Common Files\Oracle\Java\javapath;C:\Program Files (x86)\Common Files\Oracle\Java\javapath;C:\WINDOWS\system32;C:\WINDOWS;C:\WINDOWS\System32\Wbem;C:\WINDOWS\System32\WindowsPowerShell\v1.0\;C:\WINDOWS\System32\OpenSSH\;C:\Program Files\Microsoft SQL Server\120\Tools\Binn\;C:\Program Files (x86)\Microsoft SQL Server\140\Tools\Binn\;C:\Program Files\Microsoft SQL Server\140\Tools\Binn\;C:\Program Files (x86)\Microsoft SQL Server\140\DTS\Binn\;C:\Program Files\Microsoft SQL Server\140\DTS\Binn\;C:\Program Files\Microsoft SQL Server\Client SDK\ODBC\130\Tools\Binn\;D:\hugo\;C:\Users\Acer\AppData\Roaming\Python\Python39;C:\Users\Acer\AppData\Roaming\Python\Python39\Scripts;C:\Program Files\Git\cmd;C:\Program Files\nodejs\;C:\Users\Acer\AppData\Local\Programs\Python\Python39\Scripts\;C:\Users\Acer\AppData\Local\Programs\Python\Python39\;C:\Users\Acer\AppData\Local\Microsoft\WindowsApps;;C:\Program Files\Azure Data Studio\bin;C:\Users\Acer\AppData\Local\Programs\Microsoft VS Code\bin;C:\Users\Acer\AppData\Roaming\npm
USERNAME=Acer
OS=Windows_NT
PROCESSOR_IDENTIFIER=AMD64 Family 23 Model 24 Stepping 1, AuthenticAMD



---------------  S Y S T E M  ---------------

OS: Windows 10 , 64 bit Build 19041 (10.0.19041.1706)

CPU:total 4 (initial active 4) (4 cores per cpu, 2 threads per core) family 23 model 24 stepping 1 microcode 0x0, cmov, cx8, fxsr, mmx, sse, sse2, sse3, ssse3, sse4.1, sse4.2, popcnt, avx, avx2, aes, clmul, mmxext, 3dnowpref, lzcnt, sse4a, ht, tsc, tscinvbit, tscinv, bmi1, bmi2, adx, s

Memory: 4k page, system-wide physical 6071M (341M free)
TotalPageFile size 19578M (AvailPageFile size 29M)
current process WorkingSet (physical memory assigned to process): 511M, peak: 557M
current process commit charge ("private bytes"): 615M, peak: 634M

vm_info: Java HotSpot(TM) 64-Bit Server VM (11.0.13+10-LTS-370) for windows-amd64 JRE (11.0.13+10-LTS-370), built on Sep 15 2021 22:10:36 by "mach5one" with MS VC++ 15.9 (VS2017)

END.
