#
# There is insufficient memory for the Java Runtime Environment to continue.
# Native memory allocation (malloc) failed to allocate 131088 bytes for Chunk::new
# Possible reasons:
#   The system is out of physical RAM or swap space
#   The process is running with CompressedOops enabled, and the Java Heap may be blocking the growth of the native heap
# Possible solutions:
#   Reduce memory load on the system
#   Increase physical memory or swap space
#   Check if swap backing store is full
#   Decrease Java heap size (-Xmx/-Xms)
#   Decrease number of Java threads
#   Decrease Java thread stack sizes (-Xss)
#   Set larger code cache with -XX:ReservedCodeCacheSize=
#   JVM is running with Unscaled Compressed Oops mode in which the Java heap is
#     placed in the first 4GB address space. The Java Heap base address is the
#     maximum limit for the native heap growth. Please use -XX:HeapBaseMinAddress
#     to set the Java Heap base and to place the Java Heap above 4GB virtual address.
# This output file may be truncated or incomplete.
#
#  Out of Memory Error (./open/src/hotspot/share/memory/arena.cpp:197), pid=20836, tid=14476
#
# JRE version: Java(TM) SE Runtime Environment 18.9 (11.0.13+10) (build 11.0.13+10-LTS-370)
# Java VM: Java HotSpot(TM) 64-Bit Server VM 18.9 (11.0.13+10-LTS-370, mixed mode, tiered, compressed oops, g1 gc, windows-amd64)
# No core dump will be written. Minidumps are not enabled by default on client versions of Windows
#

---------------  S U M M A R Y ------------

Command Line: --add-opens=java.base/java.util=ALL-UNNAMED --add-opens=java.base/java.lang=ALL-UNNAMED --add-opens=java.base/java.lang.invoke=ALL-UNNAMED --add-opens=java.base/java.util=ALL-UNNAMED --add-opens=java.prefs/java.util.prefs=ALL-UNNAMED --add-opens=java.prefs/java.util.prefs=ALL-UNNAMED --add-opens=java.base/java.nio.charset=ALL-UNNAMED --add-opens=java.base/java.net=ALL-UNNAMED --add-opens=java.base/java.util.concurrent.atomic=ALL-UNNAMED -XX:MaxMetaspaceSize=256m -XX:+HeapDumpOnOutOfMemoryError -Xms256m -Xmx512m -Dfile.encoding=windows-1252 -Duser.country=ID -Duser.language=en -Duser.variant org.gradle.launcher.daemon.bootstrap.GradleDaemon 7.2

Host: AMD Athlon 300U with Radeon Vega Mobile Gfx    , 4 cores, 5G,  Windows 10 , 64 bit Build 19041 (10.0.19041.1706)
Time: Wed Jun 22 13:42:53 2022 SE Asia Standard Time elapsed time: 43.565872 seconds (0d 0h 0m 43s)

---------------  T H R E A D  ---------------

Current thread (0x000001bf9a4f8000):  JavaThread "C2 CompilerThread0" daemon [_thread_in_native, id=14476, stack(0x0000004fb0b00000,0x0000004fb0c00000)]


Current CompileTask:
C2:  43566 7787       4       sun.reflect.generics.parser.SignatureParser::parsePackageNameAndSimpleClassTypeSignature (119 bytes)

Stack: [0x0000004fb0b00000,0x0000004fb0c00000]
Native frames: (J=compiled Java code, j=interpreted, Vv=VM code, C=native code)
V  [jvm.dll+0x62870a]
V  [jvm.dll+0x761f2f]
V  [jvm.dll+0x7635d9]
V  [jvm.dll+0x763c63]
V  [jvm.dll+0x23d728]
V  [jvm.dll+0xb293c]
V  [jvm.dll+0xb2efc]
V  [jvm.dll+0xb2a4b]
V  [jvm.dll+0x608acf]
V  [jvm.dll+0x54525b]
V  [jvm.dll+0x532ee7]
V  [jvm.dll+0x535d13]
V  [jvm.dll+0x535550]
V  [jvm.dll+0x535594]
V  [jvm.dll+0x535594]
V  [jvm.dll+0x535594]
V  [jvm.dll+0x53c745]
V  [jvm.dll+0x20058d]
V  [jvm.dll+0x1fa33a]
V  [jvm.dll+0x1f731d]
V  [jvm.dll+0x177991]
V  [jvm.dll+0x206d84]
V  [jvm.dll+0x204ebb]
V  [jvm.dll+0x727e70]
V  [jvm.dll+0x720a54]
V  [jvm.dll+0x627606]
C  [ucrtbase.dll+0x21bb2]
C  [KERNEL32.DLL+0x17034]
C  [ntdll.dll+0x52651]


---------------  P R O C E S S  ---------------

Threads class SMR info:
_java_thread_list=0x000001bf9d7bae00, length=78, elements={
0x000001bffabf8800, 0x000001bf9a4d1800, 0x000001bf9a4d2800, 0x000001bf9a4f2000,
0x000001bf9a4f3000, 0x000001bf9a4f4800, 0x000001bf9a4f8000, 0x000001bf9a504800,
0x000001bf9a506000, 0x000001bf9afb7000, 0x000001bf9c44d000, 0x000001bf9c760800,
0x000001bf9c02f800, 0x000001bf9bd1e800, 0x000001bf9c8dd800, 0x000001bf9b085000,
0x000001bf9daed000, 0x000001bf9d3e2800, 0x000001bf9dad2800, 0x000001bf9cddc000,
0x000001bf9cddd000, 0x000001bf9cdde000, 0x000001bf9cdde800, 0x000001bf9cddb800,
0x000001bf9cdd9800, 0x000001bf9cdda800, 0x000001bf9cdd9000, 0x000001bf9cddf800,
0x000001bf9d8d4000, 0x000001bf9d8d3000, 0x000001bf9d8d6800, 0x000001bf9d8d8000,
0x000001bf9d8d7000, 0x000001bf9d8da800, 0x000001bf9d8db000, 0x000001bf9d8dc000,
0x000001bf9d8dd000, 0x000001bf9d8dd800, 0x000001bf9d8d8800, 0x000001bf9d8df800,
0x000001bf9d8d9800, 0x000001bf9d8e0000, 0x000001bf9d8e1000, 0x000001bfa1cc9000,
0x000001bfa1cca000, 0x000001bfa1cc6800, 0x000001bfa1ccb000, 0x000001bfa1ccb800,
0x000001bfa1cc8800, 0x000001bfa1ccd000, 0x000001bfa1cc7800, 0x000001bfa1cce000,
0x000001bfa1ccf000, 0x000001bfa1ccf800, 0x000001bfa1cd0800, 0x000001bfa1cd1800,
0x000001bfa1cd2000, 0x000001bfa1ccc800, 0x000001bfa1cd5800, 0x000001bfa1cd4800,
0x000001bfa1cd3000, 0x000001bfa1cd3800, 0x000001bfa04f3800, 0x000001bfa04f4800,
0x000001bfa04f6800, 0x000001bfa04f5000, 0x000001bfa04f2000, 0x000001bfa04f6000,
0x000001bfa04f2800, 0x000001bfa04fb800, 0x000001bfa04f9000, 0x000001bfa04fd800,
0x000001bfa04fc800, 0x000001bfa04f7800, 0x000001bfa04fe000, 0x000001bfa04fa000,
0x000001bfa04fb000, 0x000001bfa04f8800
}

Java Threads: ( => current thread )
  0x000001bffabf8800 JavaThread "main" [_thread_blocked, id=25972, stack(0x0000004faff00000,0x0000004fb0000000)]
  0x000001bf9a4d1800 JavaThread "Reference Handler" daemon [_thread_blocked, id=24720, stack(0x0000004fb0600000,0x0000004fb0700000)]
  0x000001bf9a4d2800 JavaThread "Finalizer" daemon [_thread_blocked, id=8848, stack(0x0000004fb0700000,0x0000004fb0800000)]
  0x000001bf9a4f2000 JavaThread "Signal Dispatcher" daemon [_thread_blocked, id=23252, stack(0x0000004fb0800000,0x0000004fb0900000)]
  0x000001bf9a4f3000 JavaThread "Attach Listener" daemon [_thread_blocked, id=1572, stack(0x0000004fb0900000,0x0000004fb0a00000)]
  0x000001bf9a4f4800 JavaThread "Service Thread" daemon [_thread_blocked, id=16572, stack(0x0000004fb0a00000,0x0000004fb0b00000)]
=>0x000001bf9a4f8000 JavaThread "C2 CompilerThread0" daemon [_thread_in_native, id=14476, stack(0x0000004fb0b00000,0x0000004fb0c00000)]
  0x000001bf9a504800 JavaThread "C1 CompilerThread0" daemon [_thread_blocked, id=26216, stack(0x0000004fb0c00000,0x0000004fb0d00000)]
  0x000001bf9a506000 JavaThread "Sweeper thread" daemon [_thread_blocked, id=21292, stack(0x0000004fb0d00000,0x0000004fb0e00000)]
  0x000001bf9afb7000 JavaThread "Common-Cleaner" daemon [_thread_blocked, id=16192, stack(0x0000004fb0e00000,0x0000004fb0f00000)]
  0x000001bf9c44d000 JavaThread "Daemon health stats" [_thread_blocked, id=17980, stack(0x0000004fb1400000,0x0000004fb1500000)]
  0x000001bf9c760800 JavaThread "Incoming local TCP Connector on port 54226" [_thread_in_native, id=1324, stack(0x0000004fb1000000,0x0000004fb1100000)]
  0x000001bf9c02f800 JavaThread "Daemon periodic checks" [_thread_blocked, id=8404, stack(0x0000004fb1500000,0x0000004fb1600000)]
  0x000001bf9bd1e800 JavaThread "Daemon" [_thread_blocked, id=23500, stack(0x0000004fb1600000,0x0000004fb1700000)]
  0x000001bf9c8dd800 JavaThread "Handler for socket connection from /127.0.0.1:54226 to /127.0.0.1:54227" [_thread_in_native, id=5148, stack(0x0000004fb1700000,0x0000004fb1800000)]
  0x000001bf9b085000 JavaThread "Cancel handler" [_thread_blocked, id=11140, stack(0x0000004fb1800000,0x0000004fb1900000)]
  0x000001bf9daed000 JavaThread "Daemon worker" [_thread_in_Java, id=14564, stack(0x0000004fb1900000,0x0000004fb1a00000)]
  0x000001bf9d3e2800 JavaThread "Asynchronous log dispatcher for DefaultDaemonConnection: socket connection from /127.0.0.1:54226 to /127.0.0.1:54227" [_thread_blocked, id=10264, stack(0x0000004fb1a00000,0x0000004fb1b00000)]
  0x000001bf9dad2800 JavaThread "Stdin handler" [_thread_blocked, id=21668, stack(0x0000004fb1b00000,0x0000004fb1c00000)]
  0x000001bf9cddc000 JavaThread "Daemon client event forwarder" [_thread_blocked, id=22032, stack(0x0000004fb1c00000,0x0000004fb1d00000)]
  0x000001bf9cddd000 JavaThread "Cache worker for journal cache (C:\Users\Acer\.gradle\caches\journal-1)" [_thread_blocked, id=1736, stack(0x0000004fb1d00000,0x0000004fb1e00000)]
  0x000001bf9cdde000 JavaThread "File lock request listener" [_thread_in_native, id=23452, stack(0x0000004fb1e00000,0x0000004fb1f00000)]
  0x000001bf9cdde800 JavaThread "Cache worker for file hash cache (C:\Users\Acer\.gradle\caches\7.2\fileHashes)" [_thread_blocked, id=20756, stack(0x0000004fb1f00000,0x0000004fb2000000)]
  0x000001bf9cddb800 JavaThread "Cache worker for file hash cache (D:\Mobile Apps\AwesomeProject\android\.gradle\7.2\fileHashes)" [_thread_blocked, id=21800, stack(0x0000004fb2000000,0x0000004fb2100000)]
  0x000001bf9cdd9800 JavaThread "File watcher server" daemon [_thread_in_native, id=25952, stack(0x0000004fb2100000,0x0000004fb2200000)]
  0x000001bf9cdda800 JavaThread "File watcher consumer" daemon [_thread_blocked, id=3192, stack(0x0000004fb2200000,0x0000004fb2300000)]
  0x000001bf9cdd9000 JavaThread "Cache worker for checksums cache (D:\Mobile Apps\AwesomeProject\android\.gradle\checksums)" [_thread_blocked, id=7864, stack(0x0000004fb2400000,0x0000004fb2500000)]
  0x000001bf9cddf800 JavaThread "Cache worker for cache directory md-supplier (C:\Users\Acer\.gradle\caches\7.2\md-supplier)" [_thread_blocked, id=5780, stack(0x0000004fb2500000,0x0000004fb2600000)]
  0x000001bf9d8d4000 JavaThread "Cache worker for cache directory md-rule (C:\Users\Acer\.gradle\caches\7.2\md-rule)" [_thread_blocked, id=20984, stack(0x0000004fb2600000,0x0000004fb2700000)]
  0x000001bf9d8d3000 JavaThread "Cache worker for execution history cache (C:\Users\Acer\.gradle\caches\7.2\executionHistory)" [_thread_blocked, id=14252, stack(0x0000004fb2700000,0x0000004fb2800000)]
  0x000001bf9d8d6800 JavaThread "jar transforms" [_thread_blocked, id=21240, stack(0x0000004fb2800000,0x0000004fb2900000)]
  0x000001bf9d8d8000 JavaThread "jar transforms Thread 2" [_thread_blocked, id=13752, stack(0x0000004fb2900000,0x0000004fb2a00000)]
  0x000001bf9d8d7000 JavaThread "Cache worker for file content cache (C:\Users\Acer\.gradle\caches\7.2\fileContent)" [_thread_blocked, id=16360, stack(0x0000004fb2a00000,0x0000004fb2b00000)]
  0x000001bf9d8da800 JavaThread "jar transforms Thread 3" [_thread_blocked, id=22592, stack(0x0000004fb2b00000,0x0000004fb2c00000)]
  0x000001bf9d8db000 JavaThread "jar transforms Thread 4" [_thread_blocked, id=14052, stack(0x0000004fb2c00000,0x0000004fb2d00000)]
  0x000001bf9d8dc000 JavaThread "Cache worker for dependencies-accessors (D:\Mobile Apps\AwesomeProject\android\.gradle\7.2\dependencies-accessors)" [_thread_blocked, id=24904, stack(0x0000004fb2d00000,0x0000004fb2e00000)]
  0x000001bf9d8dd000 JavaThread "Cache worker for Build Output Cleanup Cache (D:\Mobile Apps\AwesomeProject\android\.gradle\buildOutputCleanup)" [_thread_blocked, id=15908, stack(0x0000004fb3000000,0x0000004fb3100000)]
  0x000001bf9d8dd800 JavaThread "Unconstrained build operations" [_thread_blocked, id=14348, stack(0x0000004fb2300000,0x0000004fb2400000)]
  0x000001bf9d8d8800 JavaThread "Unconstrained build operations Thread 2" [_thread_blocked, id=26144, stack(0x0000004fb3100000,0x0000004fb3200000)]
  0x000001bf9d8df800 JavaThread "Unconstrained build operations Thread 3" [_thread_blocked, id=20532, stack(0x0000004fb3200000,0x0000004fb3300000)]
  0x000001bf9d8d9800 JavaThread "Unconstrained build operations Thread 4" [_thread_blocked, id=20928, stack(0x0000004fb3300000,0x0000004fb3400000)]
  0x000001bf9d8e0000 JavaThread "Unconstrained build operations Thread 5" [_thread_blocked, id=22536, stack(0x0000004fb3400000,0x0000004fb3500000)]
  0x000001bf9d8e1000 JavaThread "Unconstrained build operations Thread 6" [_thread_blocked, id=23588, stack(0x0000004fb3500000,0x0000004fb3600000)]
  0x000001bfa1cc9000 JavaThread "Unconstrained build operations Thread 7" [_thread_blocked, id=20924, stack(0x0000004fb3600000,0x0000004fb3700000)]
  0x000001bfa1cca000 JavaThread "Unconstrained build operations Thread 8" [_thread_blocked, id=17424, stack(0x0000004fb3700000,0x0000004fb3800000)]
  0x000001bfa1cc6800 JavaThread "Unconstrained build operations Thread 9" [_thread_blocked, id=13744, stack(0x0000004fb3800000,0x0000004fb3900000)]
  0x000001bfa1ccb000 JavaThread "Unconstrained build operations Thread 10" [_thread_blocked, id=15612, stack(0x0000004fb3900000,0x0000004fb3a00000)]
  0x000001bfa1ccb800 JavaThread "Unconstrained build operations Thread 11" [_thread_blocked, id=13440, stack(0x0000004fb3a00000,0x0000004fb3b00000)]
  0x000001bfa1cc8800 JavaThread "Unconstrained build operations Thread 12" [_thread_blocked, id=20996, stack(0x0000004fb3b00000,0x0000004fb3c00000)]
  0x000001bfa1ccd000 JavaThread "Unconstrained build operations Thread 13" [_thread_blocked, id=6832, stack(0x0000004fb3c00000,0x0000004fb3d00000)]
  0x000001bfa1cc7800 JavaThread "Unconstrained build operations Thread 14" [_thread_blocked, id=14432, stack(0x0000004fb3d00000,0x0000004fb3e00000)]
  0x000001bfa1cce000 JavaThread "Unconstrained build operations Thread 15" [_thread_blocked, id=8916, stack(0x0000004fb3e00000,0x0000004fb3f00000)]
  0x000001bfa1ccf000 JavaThread "Unconstrained build operations Thread 16" [_thread_blocked, id=17488, stack(0x0000004fb3f00000,0x0000004fb4000000)]
  0x000001bfa1ccf800 JavaThread "Unconstrained build operations Thread 17" [_thread_blocked, id=15912, stack(0x0000004fb4000000,0x0000004fb4100000)]
  0x000001bfa1cd0800 JavaThread "Unconstrained build operations Thread 18" [_thread_blocked, id=24048, stack(0x0000004fb4100000,0x0000004fb4200000)]
  0x000001bfa1cd1800 JavaThread "Unconstrained build operations Thread 19" [_thread_blocked, id=14532, stack(0x0000004fb4200000,0x0000004fb4300000)]
  0x000001bfa1cd2000 JavaThread "Unconstrained build operations Thread 20" [_thread_blocked, id=26128, stack(0x0000004fb4300000,0x0000004fb4400000)]
  0x000001bfa1ccc800 JavaThread "Unconstrained build operations Thread 21" [_thread_blocked, id=26152, stack(0x0000004fb4400000,0x0000004fb4500000)]
  0x000001bfa1cd5800 JavaThread "Unconstrained build operations Thread 22" [_thread_blocked, id=24732, stack(0x0000004fb4500000,0x0000004fb4600000)]
  0x000001bfa1cd4800 JavaThread "Unconstrained build operations Thread 23" [_thread_blocked, id=12816, stack(0x0000004fb4600000,0x0000004fb4700000)]
  0x000001bfa1cd3000 JavaThread "Unconstrained build operations Thread 24" [_thread_blocked, id=1016, stack(0x0000004fb4700000,0x0000004fb4800000)]
  0x000001bfa1cd3800 JavaThread "Unconstrained build operations Thread 25" [_thread_blocked, id=21052, stack(0x0000004fb4800000,0x0000004fb4900000)]
  0x000001bfa04f3800 JavaThread "Unconstrained build operations Thread 26" [_thread_blocked, id=14256, stack(0x0000004fb4900000,0x0000004fb4a00000)]
  0x000001bfa04f4800 JavaThread "Unconstrained build operations Thread 27" [_thread_blocked, id=16680, stack(0x0000004fb4a00000,0x0000004fb4b00000)]
  0x000001bfa04f6800 JavaThread "Unconstrained build operations Thread 28" [_thread_blocked, id=6136, stack(0x0000004fb4b00000,0x0000004fb4c00000)]
  0x000001bfa04f5000 JavaThread "Unconstrained build operations Thread 29" [_thread_blocked, id=5500, stack(0x0000004fb4c00000,0x0000004fb4d00000)]
  0x000001bfa04f2000 JavaThread "Unconstrained build operations Thread 30" [_thread_blocked, id=16336, stack(0x0000004fb4d00000,0x0000004fb4e00000)]
  0x000001bfa04f6000 JavaThread "Unconstrained build operations Thread 31" [_thread_blocked, id=25724, stack(0x0000004fb4e00000,0x0000004fb4f00000)]
  0x000001bfa04f2800 JavaThread "Unconstrained build operations Thread 32" [_thread_blocked, id=18788, stack(0x0000004fb4f00000,0x0000004fb5000000)]
  0x000001bfa04fb800 JavaThread "Unconstrained build operations Thread 33" [_thread_blocked, id=10584, stack(0x0000004fb5000000,0x0000004fb5100000)]
  0x000001bfa04f9000 JavaThread "Unconstrained build operations Thread 34" [_thread_blocked, id=20248, stack(0x0000004fb5100000,0x0000004fb5200000)]
  0x000001bfa04fd800 JavaThread "Unconstrained build operations Thread 35" [_thread_blocked, id=23156, stack(0x0000004fb5200000,0x0000004fb5300000)]
  0x000001bfa04fc800 JavaThread "Unconstrained build operations Thread 36" [_thread_blocked, id=24128, stack(0x0000004fb5300000,0x0000004fb5400000)]
  0x000001bfa04f7800 JavaThread "Unconstrained build operations Thread 37" [_thread_blocked, id=26352, stack(0x0000004fb5400000,0x0000004fb5500000)]
  0x000001bfa04fe000 JavaThread "Unconstrained build operations Thread 38" [_thread_blocked, id=18644, stack(0x0000004fb5500000,0x0000004fb5600000)]
  0x000001bfa04fa000 JavaThread "Unconstrained build operations Thread 39" [_thread_blocked, id=25240, stack(0x0000004fb5600000,0x0000004fb5700000)]
  0x000001bfa04fb000 JavaThread "Unconstrained build operations Thread 40" [_thread_blocked, id=2148, stack(0x0000004fb5700000,0x0000004fb5800000)]
  0x000001bfa04f8800 JavaThread "Memory manager" [_thread_blocked, id=23320, stack(0x0000004fb5900000,0x0000004fb5a00000)]

Other Threads:
  0x000001bf9a4aa000 VMThread "VM Thread" [stack: 0x0000004fb0500000,0x0000004fb0600000] [id=25116]
  0x000001bf9afc4000 WatcherThread [stack: 0x0000004fb0f00000,0x0000004fb1000000] [id=17916]
  0x000001bffac10800 GCTaskThread "GC Thread#0" [stack: 0x0000004fb0000000,0x0000004fb0100000] [id=25588]
  0x000001bf9ba01800 GCTaskThread "GC Thread#1" [stack: 0x0000004fb1100000,0x0000004fb1200000] [id=15372]
  0x000001bf9b084000 GCTaskThread "GC Thread#2" [stack: 0x0000004fb1200000,0x0000004fb1300000] [id=19068]
  0x000001bf9b9f7000 GCTaskThread "GC Thread#3" [stack: 0x0000004fb1300000,0x0000004fb1400000] [id=3020]
  0x000001bffac23000 ConcurrentGCThread "G1 Main Marker" [stack: 0x0000004fb0100000,0x0000004fb0200000] [id=16132]
  0x000001bffac24000 ConcurrentGCThread "G1 Conc#0" [stack: 0x0000004fb0200000,0x0000004fb0300000] [id=20708]
  0x000001bffacde000 ConcurrentGCThread "G1 Refine#0" [stack: 0x0000004fb0300000,0x0000004fb0400000] [id=9416]
  0x000001bf9a348800 ConcurrentGCThread "G1 Young RemSet Sampling" [stack: 0x0000004fb0400000,0x0000004fb0500000] [id=8664]

Threads with active compile tasks:
C2 CompilerThread0  43628 7787       4       sun.reflect.generics.parser.SignatureParser::parsePackageNameAndSimpleClassTypeSignature (119 bytes)

VM state:not at safepoint (normal execution)

VM Mutex/Monitor currently owned by a thread: None

Heap address: 0x00000000e0000000, size: 512 MB, Compressed Oops mode: 32-bit
Narrow klass base: 0x0000000000000000, Narrow klass shift: 3
Compressed class space size: 260046848 Address: 0x0000000100000000

Heap:
 garbage-first heap   total 262144K, used 129473K [0x00000000e0000000, 0x0000000100000000)
  region size 1024K, 95 young (97280K), 19 survivors (19456K)
 Metaspace       used 67337K, capacity 69068K, committed 69120K, reserved 315392K
  class space    used 8496K, capacity 9171K, committed 9216K, reserved 253952K
Heap Regions: E=young(eden), S=young(survivor), O=old, HS=humongous(starts), HC=humongous(continues), CS=collection set, F=free, A=archive, TAMS=top-at-mark-start (previous, next)
|   0|0x00000000e0000000, 0x00000000e0100000, 0x00000000e0100000|100%| O|  |TAMS 0x00000000e0100000, 0x00000000e0000000| Untracked 
|   1|0x00000000e0100000, 0x00000000e0200000, 0x00000000e0200000|100%| O|  |TAMS 0x00000000e0200000, 0x00000000e0100000| Untracked 
|   2|0x00000000e0200000, 0x00000000e0300000, 0x00000000e0300000|100%| O|  |TAMS 0x00000000e0300000, 0x00000000e0200000| Untracked 
|   3|0x00000000e0300000, 0x00000000e0400000, 0x00000000e0400000|100%|HS|  |TAMS 0x00000000e0400000, 0x00000000e0300000| Complete 
|   4|0x00000000e0400000, 0x00000000e0500000, 0x00000000e0500000|100%|HC|  |TAMS 0x00000000e0500000, 0x00000000e0400000| Complete 
|   5|0x00000000e0500000, 0x00000000e0600000, 0x00000000e0600000|100%|HC|  |TAMS 0x00000000e0600000, 0x00000000e0500000| Complete 
|   6|0x00000000e0600000, 0x00000000e0700000, 0x00000000e0700000|100%| O|  |TAMS 0x00000000e0700000, 0x00000000e0600000| Untracked 
|   7|0x00000000e0700000, 0x00000000e0800000, 0x00000000e0800000|100%| O|  |TAMS 0x00000000e0800000, 0x00000000e0700000| Untracked 
|   8|0x00000000e0800000, 0x00000000e0900000, 0x00000000e0900000|100%| O|  |TAMS 0x00000000e0900000, 0x00000000e0800000| Untracked 
|   9|0x00000000e0900000, 0x00000000e0a00000, 0x00000000e0a00000|100%| O|  |TAMS 0x00000000e0a00000, 0x00000000e0900000| Untracked 
|  10|0x00000000e0a00000, 0x00000000e0b00000, 0x00000000e0b00000|100%| O|  |TAMS 0x00000000e0b00000, 0x00000000e0a00000| Untracked 
|  11|0x00000000e0b00000, 0x00000000e0c00000, 0x00000000e0c00000|100%| O|  |TAMS 0x00000000e0c00000, 0x00000000e0b00000| Untracked 
|  12|0x00000000e0c00000, 0x00000000e0d00000, 0x00000000e0d00000|100%| O|  |TAMS 0x00000000e0d00000, 0x00000000e0c00000| Untracked 
|  13|0x00000000e0d00000, 0x00000000e0e00000, 0x00000000e0e00000|100%| O|  |TAMS 0x00000000e0e00000, 0x00000000e0d00000| Untracked 
|  14|0x00000000e0e00000, 0x00000000e0f00000, 0x00000000e0f00000|100%| O|  |TAMS 0x00000000e0f00000, 0x00000000e0e00000| Untracked 
|  15|0x00000000e0f00000, 0x00000000e1000000, 0x00000000e1000000|100%| O|  |TAMS 0x00000000e1000000, 0x00000000e0f00000| Untracked 
|  16|0x00000000e1000000, 0x00000000e1100000, 0x00000000e1100000|100%|HS|  |TAMS 0x00000000e1100000, 0x00000000e1000000| Complete 
|  17|0x00000000e1100000, 0x00000000e1200000, 0x00000000e1200000|100%| O|  |TAMS 0x00000000e1200000, 0x00000000e1100000| Untracked 
|  18|0x00000000e1200000, 0x00000000e1300000, 0x00000000e1300000|100%| O|  |TAMS 0x00000000e1300000, 0x00000000e1200000| Untracked 
|  19|0x00000000e1300000, 0x00000000e1400000, 0x00000000e1400000|100%| O|  |TAMS 0x00000000e1400000, 0x00000000e1300000| Untracked 
|  20|0x00000000e1400000, 0x00000000e1500000, 0x00000000e1500000|100%| O|  |TAMS 0x00000000e1500000, 0x00000000e1400000| Untracked 
|  21|0x00000000e1500000, 0x00000000e1600000, 0x00000000e1600000|100%| O|  |TAMS 0x00000000e1600000, 0x00000000e1500000| Untracked 
|  22|0x00000000e1600000, 0x00000000e1700000, 0x00000000e1700000|100%| O|  |TAMS 0x00000000e1700000, 0x00000000e1600000| Untracked 
|  23|0x00000000e1700000, 0x00000000e1800000, 0x00000000e1800000|100%|HS|  |TAMS 0x00000000e1800000, 0x00000000e1700000| Complete 
|  24|0x00000000e1800000, 0x00000000e1900000, 0x00000000e1900000|100%|HC|  |TAMS 0x00000000e1900000, 0x00000000e1800000| Complete 
|  25|0x00000000e1900000, 0x00000000e1a00000, 0x00000000e1a00000|100%| O|  |TAMS 0x00000000e1a00000, 0x00000000e1900000| Untracked 
|  26|0x00000000e1a00000, 0x00000000e1b00000, 0x00000000e1b00000|100%| O|  |TAMS 0x00000000e1b00000, 0x00000000e1a00000| Untracked 
|  27|0x00000000e1b00000, 0x00000000e1c00000, 0x00000000e1c00000|100%| O|  |TAMS 0x00000000e1c00000, 0x00000000e1b00000| Untracked 
|  28|0x00000000e1c00000, 0x00000000e1d00000, 0x00000000e1d00000|100%| O|  |TAMS 0x00000000e1d00000, 0x00000000e1c00000| Untracked 
|  29|0x00000000e1d00000, 0x00000000e1e00000, 0x00000000e1e00000|100%| O|  |TAMS 0x00000000e1e00000, 0x00000000e1d00000| Untracked 
|  30|0x00000000e1e00000, 0x00000000e1f00000, 0x00000000e1f00000|100%| O|  |TAMS 0x00000000e1f00000, 0x00000000e1e00000| Untracked 
|  31|0x00000000e1f00000, 0x00000000e2000000, 0x00000000e2000000|100%| O|  |TAMS 0x00000000e2000000, 0x00000000e1f00000| Untracked 
|  32|0x00000000e2000000, 0x00000000e2070600, 0x00000000e2100000| 43%| O|  |TAMS 0x00000000e2070600, 0x00000000e2000000| Untracked 
|  33|0x00000000e2100000, 0x00000000e2200000, 0x00000000e2200000|100%|HS|  |TAMS 0x00000000e2100000, 0x00000000e2100000| Complete 
|  34|0x00000000e2200000, 0x00000000e2200000, 0x00000000e2300000|  0%| F|  |TAMS 0x00000000e2200000, 0x00000000e2200000| Untracked 
|  35|0x00000000e2300000, 0x00000000e2300000, 0x00000000e2400000|  0%| F|  |TAMS 0x00000000e2300000, 0x00000000e2300000| Untracked 
|  36|0x00000000e2400000, 0x00000000e2400000, 0x00000000e2500000|  0%| F|  |TAMS 0x00000000e2400000, 0x00000000e2400000| Untracked 
|  37|0x00000000e2500000, 0x00000000e2500000, 0x00000000e2600000|  0%| F|  |TAMS 0x00000000e2500000, 0x00000000e2500000| Untracked 
|  38|0x00000000e2600000, 0x00000000e2600000, 0x00000000e2700000|  0%| F|  |TAMS 0x00000000e2600000, 0x00000000e2600000| Untracked 
|  39|0x00000000e2700000, 0x00000000e2700000, 0x00000000e2800000|  0%| F|  |TAMS 0x00000000e2700000, 0x00000000e2700000| Untracked 
|  40|0x00000000e2800000, 0x00000000e2800000, 0x00000000e2900000|  0%| F|  |TAMS 0x00000000e2800000, 0x00000000e2800000| Untracked 
|  41|0x00000000e2900000, 0x00000000e2900000, 0x00000000e2a00000|  0%| F|  |TAMS 0x00000000e2900000, 0x00000000e2900000| Untracked 
|  42|0x00000000e2a00000, 0x00000000e2a00000, 0x00000000e2b00000|  0%| F|  |TAMS 0x00000000e2a00000, 0x00000000e2a00000| Untracked 
|  43|0x00000000e2b00000, 0x00000000e2b00000, 0x00000000e2c00000|  0%| F|  |TAMS 0x00000000e2b00000, 0x00000000e2b00000| Untracked 
|  44|0x00000000e2c00000, 0x00000000e2c00000, 0x00000000e2d00000|  0%| F|  |TAMS 0x00000000e2c00000, 0x00000000e2c00000| Untracked 
|  45|0x00000000e2d00000, 0x00000000e2d00000, 0x00000000e2e00000|  0%| F|  |TAMS 0x00000000e2d00000, 0x00000000e2d00000| Untracked 
|  46|0x00000000e2e00000, 0x00000000e2e00000, 0x00000000e2f00000|  0%| F|  |TAMS 0x00000000e2e00000, 0x00000000e2e00000| Untracked 
|  47|0x00000000e2f00000, 0x00000000e2f00000, 0x00000000e3000000|  0%| F|  |TAMS 0x00000000e2f00000, 0x00000000e2f00000| Untracked 
|  48|0x00000000e3000000, 0x00000000e3000000, 0x00000000e3100000|  0%| F|  |TAMS 0x00000000e3000000, 0x00000000e3000000| Untracked 
|  49|0x00000000e3100000, 0x00000000e3100000, 0x00000000e3200000|  0%| F|  |TAMS 0x00000000e3100000, 0x00000000e3100000| Untracked 
|  50|0x00000000e3200000, 0x00000000e3200000, 0x00000000e3300000|  0%| F|  |TAMS 0x00000000e3200000, 0x00000000e3200000| Untracked 
|  51|0x00000000e3300000, 0x00000000e3300000, 0x00000000e3400000|  0%| F|  |TAMS 0x00000000e3300000, 0x00000000e3300000| Untracked 
|  52|0x00000000e3400000, 0x00000000e3400000, 0x00000000e3500000|  0%| F|  |TAMS 0x00000000e3400000, 0x00000000e3400000| Untracked 
|  53|0x00000000e3500000, 0x00000000e3500000, 0x00000000e3600000|  0%| F|  |TAMS 0x00000000e3500000, 0x00000000e3500000| Untracked 
|  54|0x00000000e3600000, 0x00000000e3600000, 0x00000000e3700000|  0%| F|  |TAMS 0x00000000e3600000, 0x00000000e3600000| Untracked 
|  55|0x00000000e3700000, 0x00000000e3700000, 0x00000000e3800000|  0%| F|  |TAMS 0x00000000e3700000, 0x00000000e3700000| Untracked 
|  56|0x00000000e3800000, 0x00000000e3800000, 0x00000000e3900000|  0%| F|  |TAMS 0x00000000e3800000, 0x00000000e3800000| Untracked 
|  57|0x00000000e3900000, 0x00000000e3900000, 0x00000000e3a00000|  0%| F|  |TAMS 0x00000000e3900000, 0x00000000e3900000| Untracked 
|  58|0x00000000e3a00000, 0x00000000e3a00000, 0x00000000e3b00000|  0%| F|  |TAMS 0x00000000e3a00000, 0x00000000e3a00000| Untracked 
|  59|0x00000000e3b00000, 0x00000000e3b00000, 0x00000000e3c00000|  0%| F|  |TAMS 0x00000000e3b00000, 0x00000000e3b00000| Untracked 
|  60|0x00000000e3c00000, 0x00000000e3c00000, 0x00000000e3d00000|  0%| F|  |TAMS 0x00000000e3c00000, 0x00000000e3c00000| Untracked 
|  61|0x00000000e3d00000, 0x00000000e3d00000, 0x00000000e3e00000|  0%| F|  |TAMS 0x00000000e3d00000, 0x00000000e3d00000| Untracked 
|  62|0x00000000e3e00000, 0x00000000e3e00000, 0x00000000e3f00000|  0%| F|  |TAMS 0x00000000e3e00000, 0x00000000e3e00000| Untracked 
|  63|0x00000000e3f00000, 0x00000000e3f00000, 0x00000000e4000000|  0%| F|  |TAMS 0x00000000e3f00000, 0x00000000e3f00000| Untracked 
|  64|0x00000000e4000000, 0x00000000e4000000, 0x00000000e4100000|  0%| F|  |TAMS 0x00000000e4000000, 0x00000000e4000000| Untracked 
|  65|0x00000000e4100000, 0x00000000e4100000, 0x00000000e4200000|  0%| F|  |TAMS 0x00000000e4100000, 0x00000000e4100000| Untracked 
|  66|0x00000000e4200000, 0x00000000e4200000, 0x00000000e4300000|  0%| F|  |TAMS 0x00000000e4200000, 0x00000000e4200000| Untracked 
|  67|0x00000000e4300000, 0x00000000e4300000, 0x00000000e4400000|  0%| F|  |TAMS 0x00000000e4300000, 0x00000000e4300000| Untracked 
|  68|0x00000000e4400000, 0x00000000e4400000, 0x00000000e4500000|  0%| F|  |TAMS 0x00000000e4400000, 0x00000000e4400000| Untracked 
|  69|0x00000000e4500000, 0x00000000e4500000, 0x00000000e4600000|  0%| F|  |TAMS 0x00000000e4500000, 0x00000000e4500000| Untracked 
|  70|0x00000000e4600000, 0x00000000e4600000, 0x00000000e4700000|  0%| F|  |TAMS 0x00000000e4600000, 0x00000000e4600000| Untracked 
|  71|0x00000000e4700000, 0x00000000e4700000, 0x00000000e4800000|  0%| F|  |TAMS 0x00000000e4700000, 0x00000000e4700000| Untracked 
|  72|0x00000000e4800000, 0x00000000e4800000, 0x00000000e4900000|  0%| F|  |TAMS 0x00000000e4800000, 0x00000000e4800000| Untracked 
|  73|0x00000000e4900000, 0x00000000e4900000, 0x00000000e4a00000|  0%| F|  |TAMS 0x00000000e4900000, 0x00000000e4900000| Untracked 
|  74|0x00000000e4a00000, 0x00000000e4a00000, 0x00000000e4b00000|  0%| F|  |TAMS 0x00000000e4a00000, 0x00000000e4a00000| Untracked 
|  75|0x00000000e4b00000, 0x00000000e4b00000, 0x00000000e4c00000|  0%| F|  |TAMS 0x00000000e4b00000, 0x00000000e4b00000| Untracked 
|  76|0x00000000e4c00000, 0x00000000e4c00000, 0x00000000e4d00000|  0%| F|  |TAMS 0x00000000e4c00000, 0x00000000e4c00000| Untracked 
|  77|0x00000000e4d00000, 0x00000000e4d00000, 0x00000000e4e00000|  0%| F|  |TAMS 0x00000000e4d00000, 0x00000000e4d00000| Untracked 
|  78|0x00000000e4e00000, 0x00000000e4e00000, 0x00000000e4f00000|  0%| F|  |TAMS 0x00000000e4e00000, 0x00000000e4e00000| Untracked 
|  79|0x00000000e4f00000, 0x00000000e4f00000, 0x00000000e5000000|  0%| F|  |TAMS 0x00000000e4f00000, 0x00000000e4f00000| Untracked 
|  80|0x00000000e5000000, 0x00000000e5000000, 0x00000000e5100000|  0%| F|  |TAMS 0x00000000e5000000, 0x00000000e5000000| Untracked 
|  81|0x00000000e5100000, 0x00000000e5100000, 0x00000000e5200000|  0%| F|  |TAMS 0x00000000e5100000, 0x00000000e5100000| Untracked 
|  82|0x00000000e5200000, 0x00000000e5200000, 0x00000000e5300000|  0%| F|  |TAMS 0x00000000e5200000, 0x00000000e5200000| Untracked 
|  83|0x00000000e5300000, 0x00000000e5300000, 0x00000000e5400000|  0%| F|  |TAMS 0x00000000e5300000, 0x00000000e5300000| Untracked 
|  84|0x00000000e5400000, 0x00000000e5400000, 0x00000000e5500000|  0%| F|  |TAMS 0x00000000e5400000, 0x00000000e5400000| Untracked 
|  85|0x00000000e5500000, 0x00000000e5500000, 0x00000000e5600000|  0%| F|  |TAMS 0x00000000e5500000, 0x00000000e5500000| Untracked 
|  86|0x00000000e5600000, 0x00000000e5600000, 0x00000000e5700000|  0%| F|  |TAMS 0x00000000e5600000, 0x00000000e5600000| Untracked 
|  87|0x00000000e5700000, 0x00000000e5700000, 0x00000000e5800000|  0%| F|  |TAMS 0x00000000e5700000, 0x00000000e5700000| Untracked 
|  88|0x00000000e5800000, 0x00000000e5800000, 0x00000000e5900000|  0%| F|  |TAMS 0x00000000e5800000, 0x00000000e5800000| Untracked 
|  89|0x00000000e5900000, 0x00000000e5900000, 0x00000000e5a00000|  0%| F|  |TAMS 0x00000000e5900000, 0x00000000e5900000| Untracked 
|  90|0x00000000e5a00000, 0x00000000e5a00000, 0x00000000e5b00000|  0%| F|  |TAMS 0x00000000e5a00000, 0x00000000e5a00000| Untracked 
|  91|0x00000000e5b00000, 0x00000000e5b00000, 0x00000000e5c00000|  0%| F|  |TAMS 0x00000000e5b00000, 0x00000000e5b00000| Untracked 
|  92|0x00000000e5c00000, 0x00000000e5c00000, 0x00000000e5d00000|  0%| F|  |TAMS 0x00000000e5c00000, 0x00000000e5c00000| Untracked 
|  93|0x00000000e5d00000, 0x00000000e5d00000, 0x00000000e5e00000|  0%| F|  |TAMS 0x00000000e5d00000, 0x00000000e5d00000| Untracked 
|  94|0x00000000e5e00000, 0x00000000e5e00000, 0x00000000e5f00000|  0%| F|  |TAMS 0x00000000e5e00000, 0x00000000e5e00000| Untracked 
|  95|0x00000000e5f00000, 0x00000000e6000000, 0x00000000e6000000|100%| S|CS|TAMS 0x00000000e5f00000, 0x00000000e5f00000| Complete 
|  96|0x00000000e6000000, 0x00000000e6100000, 0x00000000e6100000|100%| S|CS|TAMS 0x00000000e6000000, 0x00000000e6000000| Complete 
|  97|0x00000000e6100000, 0x00000000e6200000, 0x00000000e6200000|100%| S|CS|TAMS 0x00000000e6100000, 0x00000000e6100000| Complete 
|  98|0x00000000e6200000, 0x00000000e6300000, 0x00000000e6300000|100%| S|CS|TAMS 0x00000000e6200000, 0x00000000e6200000| Complete 
|  99|0x00000000e6300000, 0x00000000e6400000, 0x00000000e6400000|100%| S|CS|TAMS 0x00000000e6300000, 0x00000000e6300000| Complete 
| 100|0x00000000e6400000, 0x00000000e6500000, 0x00000000e6500000|100%| S|CS|TAMS 0x00000000e6400000, 0x00000000e6400000| Complete 
| 101|0x00000000e6500000, 0x00000000e6600000, 0x00000000e6600000|100%| S|CS|TAMS 0x00000000e6500000, 0x00000000e6500000| Complete 
| 102|0x00000000e6600000, 0x00000000e6700000, 0x00000000e6700000|100%| S|CS|TAMS 0x00000000e6600000, 0x00000000e6600000| Complete 
| 103|0x00000000e6700000, 0x00000000e6800000, 0x00000000e6800000|100%| S|CS|TAMS 0x00000000e6700000, 0x00000000e6700000| Complete 
| 104|0x00000000e6800000, 0x00000000e6900000, 0x00000000e6900000|100%| S|CS|TAMS 0x00000000e6800000, 0x00000000e6800000| Complete 
| 105|0x00000000e6900000, 0x00000000e6a00000, 0x00000000e6a00000|100%| S|CS|TAMS 0x00000000e6900000, 0x00000000e6900000| Complete 
| 106|0x00000000e6a00000, 0x00000000e6b00000, 0x00000000e6b00000|100%| S|CS|TAMS 0x00000000e6a00000, 0x00000000e6a00000| Complete 
| 107|0x00000000e6b00000, 0x00000000e6c00000, 0x00000000e6c00000|100%| S|CS|TAMS 0x00000000e6b00000, 0x00000000e6b00000| Complete 
| 108|0x00000000e6c00000, 0x00000000e6d00000, 0x00000000e6d00000|100%| S|CS|TAMS 0x00000000e6c00000, 0x00000000e6c00000| Complete 
| 109|0x00000000e6d00000, 0x00000000e6d00000, 0x00000000e6e00000|  0%| F|  |TAMS 0x00000000e6d00000, 0x00000000e6d00000| Untracked 
| 110|0x00000000e6e00000, 0x00000000e6e00000, 0x00000000e6f00000|  0%| F|  |TAMS 0x00000000e6e00000, 0x00000000e6e00000| Untracked 
| 111|0x00000000e6f00000, 0x00000000e6f00000, 0x00000000e7000000|  0%| F|  |TAMS 0x00000000e6f00000, 0x00000000e6f00000| Untracked 
| 112|0x00000000e7000000, 0x00000000e7000000, 0x00000000e7100000|  0%| F|  |TAMS 0x00000000e7000000, 0x00000000e7000000| Untracked 
| 113|0x00000000e7100000, 0x00000000e7100000, 0x00000000e7200000|  0%| F|  |TAMS 0x00000000e7100000, 0x00000000e7100000| Untracked 
| 114|0x00000000e7200000, 0x00000000e7200000, 0x00000000e7300000|  0%| F|  |TAMS 0x00000000e7200000, 0x00000000e7200000| Untracked 
| 115|0x00000000e7300000, 0x00000000e7300000, 0x00000000e7400000|  0%| F|  |TAMS 0x00000000e7300000, 0x00000000e7300000| Untracked 
| 116|0x00000000e7400000, 0x00000000e7400000, 0x00000000e7500000|  0%| F|  |TAMS 0x00000000e7400000, 0x00000000e7400000| Untracked 
| 117|0x00000000e7500000, 0x00000000e7500000, 0x00000000e7600000|  0%| F|  |TAMS 0x00000000e7500000, 0x00000000e7500000| Untracked 
| 118|0x00000000e7600000, 0x00000000e7600000, 0x00000000e7700000|  0%| F|  |TAMS 0x00000000e7600000, 0x00000000e7600000| Untracked 
| 119|0x00000000e7700000, 0x00000000e7700000, 0x00000000e7800000|  0%| F|  |TAMS 0x00000000e7700000, 0x00000000e7700000| Untracked 
| 120|0x00000000e7800000, 0x00000000e7900000, 0x00000000e7900000|100%| S|CS|TAMS 0x00000000e7800000, 0x00000000e7800000| Complete 
| 121|0x00000000e7900000, 0x00000000e7a00000, 0x00000000e7a00000|100%| S|CS|TAMS 0x00000000e7900000, 0x00000000e7900000| Complete 
| 122|0x00000000e7a00000, 0x00000000e7b00000, 0x00000000e7b00000|100%| S|CS|TAMS 0x00000000e7a00000, 0x00000000e7a00000| Complete 
| 123|0x00000000e7b00000, 0x00000000e7c00000, 0x00000000e7c00000|100%| S|CS|TAMS 0x00000000e7b00000, 0x00000000e7b00000| Complete 
| 124|0x00000000e7c00000, 0x00000000e7d00000, 0x00000000e7d00000|100%| S|CS|TAMS 0x00000000e7c00000, 0x00000000e7c00000| Complete 
| 125|0x00000000e7d00000, 0x00000000e7d00000, 0x00000000e7e00000|  0%| F|  |TAMS 0x00000000e7d00000, 0x00000000e7d00000| Untracked 
| 126|0x00000000e7e00000, 0x00000000e7e00000, 0x00000000e7f00000|  0%| F|  |TAMS 0x00000000e7e00000, 0x00000000e7e00000| Untracked 
| 127|0x00000000e7f00000, 0x00000000e7f00000, 0x00000000e8000000|  0%| F|  |TAMS 0x00000000e7f00000, 0x00000000e7f00000| Untracked 
| 128|0x00000000e8000000, 0x00000000e8000000, 0x00000000e8100000|  0%| F|  |TAMS 0x00000000e8000000, 0x00000000e8000000| Untracked 
| 129|0x00000000e8100000, 0x00000000e8100000, 0x00000000e8200000|  0%| F|  |TAMS 0x00000000e8100000, 0x00000000e8100000| Untracked 
| 130|0x00000000e8200000, 0x00000000e8200000, 0x00000000e8300000|  0%| F|  |TAMS 0x00000000e8200000, 0x00000000e8200000| Untracked 
| 131|0x00000000e8300000, 0x00000000e8300000, 0x00000000e8400000|  0%| F|  |TAMS 0x00000000e8300000, 0x00000000e8300000| Untracked 
| 132|0x00000000e8400000, 0x00000000e8400000, 0x00000000e8500000|  0%| F|  |TAMS 0x00000000e8400000, 0x00000000e8400000| Untracked 
| 133|0x00000000e8500000, 0x00000000e8500000, 0x00000000e8600000|  0%| F|  |TAMS 0x00000000e8500000, 0x00000000e8500000| Untracked 
| 134|0x00000000e8600000, 0x00000000e8600000, 0x00000000e8700000|  0%| F|  |TAMS 0x00000000e8600000, 0x00000000e8600000| Untracked 
| 135|0x00000000e8700000, 0x00000000e8700000, 0x00000000e8800000|  0%| F|  |TAMS 0x00000000e8700000, 0x00000000e8700000| Untracked 
| 136|0x00000000e8800000, 0x00000000e8800000, 0x00000000e8900000|  0%| F|  |TAMS 0x00000000e8800000, 0x00000000e8800000| Untracked 
| 137|0x00000000e8900000, 0x00000000e8900000, 0x00000000e8a00000|  0%| F|  |TAMS 0x00000000e8900000, 0x00000000e8900000| Untracked 
| 138|0x00000000e8a00000, 0x00000000e8a00000, 0x00000000e8b00000|  0%| F|  |TAMS 0x00000000e8a00000, 0x00000000e8a00000| Untracked 
| 139|0x00000000e8b00000, 0x00000000e8b00000, 0x00000000e8c00000|  0%| F|  |TAMS 0x00000000e8b00000, 0x00000000e8b00000| Untracked 
| 140|0x00000000e8c00000, 0x00000000e8c00000, 0x00000000e8d00000|  0%| F|  |TAMS 0x00000000e8c00000, 0x00000000e8c00000| Untracked 
| 141|0x00000000e8d00000, 0x00000000e8d00000, 0x00000000e8e00000|  0%| F|  |TAMS 0x00000000e8d00000, 0x00000000e8d00000| Untracked 
| 142|0x00000000e8e00000, 0x00000000e8e00000, 0x00000000e8f00000|  0%| F|  |TAMS 0x00000000e8e00000, 0x00000000e8e00000| Untracked 
| 143|0x00000000e8f00000, 0x00000000e8f00000, 0x00000000e9000000|  0%| F|  |TAMS 0x00000000e8f00000, 0x00000000e8f00000| Untracked 
| 144|0x00000000e9000000, 0x00000000e9000000, 0x00000000e9100000|  0%| F|  |TAMS 0x00000000e9000000, 0x00000000e9000000| Untracked 
| 145|0x00000000e9100000, 0x00000000e9100000, 0x00000000e9200000|  0%| F|  |TAMS 0x00000000e9100000, 0x00000000e9100000| Untracked 
| 146|0x00000000e9200000, 0x00000000e9200000, 0x00000000e9300000|  0%| F|  |TAMS 0x00000000e9200000, 0x00000000e9200000| Untracked 
| 147|0x00000000e9300000, 0x00000000e9300000, 0x00000000e9400000|  0%| F|  |TAMS 0x00000000e9300000, 0x00000000e9300000| Untracked 
| 148|0x00000000e9400000, 0x00000000e9400000, 0x00000000e9500000|  0%| F|  |TAMS 0x00000000e9400000, 0x00000000e9400000| Untracked 
| 149|0x00000000e9500000, 0x00000000e9500000, 0x00000000e9600000|  0%| F|  |TAMS 0x00000000e9500000, 0x00000000e9500000| Untracked 
| 150|0x00000000e9600000, 0x00000000e9600000, 0x00000000e9700000|  0%| F|  |TAMS 0x00000000e9600000, 0x00000000e9600000| Untracked 
| 151|0x00000000e9700000, 0x00000000e9700000, 0x00000000e9800000|  0%| F|  |TAMS 0x00000000e9700000, 0x00000000e9700000| Untracked 
| 152|0x00000000e9800000, 0x00000000e9800000, 0x00000000e9900000|  0%| F|  |TAMS 0x00000000e9800000, 0x00000000e9800000| Untracked 
| 153|0x00000000e9900000, 0x00000000e9900000, 0x00000000e9a00000|  0%| F|  |TAMS 0x00000000e9900000, 0x00000000e9900000| Untracked 
| 154|0x00000000e9a00000, 0x00000000e9a00000, 0x00000000e9b00000|  0%| F|  |TAMS 0x00000000e9a00000, 0x00000000e9a00000| Untracked 
| 155|0x00000000e9b00000, 0x00000000e9b00000, 0x00000000e9c00000|  0%| F|  |TAMS 0x00000000e9b00000, 0x00000000e9b00000| Untracked 
| 156|0x00000000e9c00000, 0x00000000e9c00000, 0x00000000e9d00000|  0%| F|  |TAMS 0x00000000e9c00000, 0x00000000e9c00000| Untracked 
| 157|0x00000000e9d00000, 0x00000000e9d00000, 0x00000000e9e00000|  0%| F|  |TAMS 0x00000000e9d00000, 0x00000000e9d00000| Untracked 
| 158|0x00000000e9e00000, 0x00000000e9e00000, 0x00000000e9f00000|  0%| F|  |TAMS 0x00000000e9e00000, 0x00000000e9e00000| Untracked 
| 159|0x00000000e9f00000, 0x00000000e9f00000, 0x00000000ea000000|  0%| F|  |TAMS 0x00000000e9f00000, 0x00000000e9f00000| Untracked 
| 160|0x00000000ea000000, 0x00000000ea000000, 0x00000000ea100000|  0%| F|  |TAMS 0x00000000ea000000, 0x00000000ea000000| Untracked 
| 161|0x00000000ea100000, 0x00000000ea100000, 0x00000000ea200000|  0%| F|  |TAMS 0x00000000ea100000, 0x00000000ea100000| Untracked 
| 162|0x00000000ea200000, 0x00000000ea200000, 0x00000000ea300000|  0%| F|  |TAMS 0x00000000ea200000, 0x00000000ea200000| Untracked 
| 163|0x00000000ea300000, 0x00000000ea300000, 0x00000000ea400000|  0%| F|  |TAMS 0x00000000ea300000, 0x00000000ea300000| Untracked 
| 164|0x00000000ea400000, 0x00000000ea400000, 0x00000000ea500000|  0%| F|  |TAMS 0x00000000ea400000, 0x00000000ea400000| Untracked 
| 165|0x00000000ea500000, 0x00000000ea500000, 0x00000000ea600000|  0%| F|  |TAMS 0x00000000ea500000, 0x00000000ea500000| Untracked 
| 166|0x00000000ea600000, 0x00000000ea600000, 0x00000000ea700000|  0%| F|  |TAMS 0x00000000ea600000, 0x00000000ea600000| Untracked 
| 167|0x00000000ea700000, 0x00000000ea700000, 0x00000000ea800000|  0%| F|  |TAMS 0x00000000ea700000, 0x00000000ea700000| Untracked 
| 168|0x00000000ea800000, 0x00000000ea800000, 0x00000000ea900000|  0%| F|  |TAMS 0x00000000ea800000, 0x00000000ea800000| Untracked 
| 169|0x00000000ea900000, 0x00000000ea900000, 0x00000000eaa00000|  0%| F|  |TAMS 0x00000000ea900000, 0x00000000ea900000| Untracked 
| 170|0x00000000eaa00000, 0x00000000eaa00000, 0x00000000eab00000|  0%| F|  |TAMS 0x00000000eaa00000, 0x00000000eaa00000| Untracked 
| 171|0x00000000eab00000, 0x00000000eab00000, 0x00000000eac00000|  0%| F|  |TAMS 0x00000000eab00000, 0x00000000eab00000| Untracked 
| 172|0x00000000eac00000, 0x00000000eac00000, 0x00000000ead00000|  0%| F|  |TAMS 0x00000000eac00000, 0x00000000eac00000| Untracked 
| 173|0x00000000ead00000, 0x00000000ead00000, 0x00000000eae00000|  0%| F|  |TAMS 0x00000000ead00000, 0x00000000ead00000| Untracked 
| 174|0x00000000eae00000, 0x00000000eae00000, 0x00000000eaf00000|  0%| F|  |TAMS 0x00000000eae00000, 0x00000000eae00000| Untracked 
| 175|0x00000000eaf00000, 0x00000000eaf00000, 0x00000000eb000000|  0%| F|  |TAMS 0x00000000eaf00000, 0x00000000eaf00000| Untracked 
| 176|0x00000000eb000000, 0x00000000eb000000, 0x00000000eb100000|  0%| F|  |TAMS 0x00000000eb000000, 0x00000000eb000000| Untracked 
| 177|0x00000000eb100000, 0x00000000eb100000, 0x00000000eb200000|  0%| F|  |TAMS 0x00000000eb100000, 0x00000000eb100000| Untracked 
| 178|0x00000000eb200000, 0x00000000eb200000, 0x00000000eb300000|  0%| F|  |TAMS 0x00000000eb200000, 0x00000000eb200000| Untracked 
| 179|0x00000000eb300000, 0x00000000eb300000, 0x00000000eb400000|  0%| F|  |TAMS 0x00000000eb300000, 0x00000000eb300000| Untracked 
| 180|0x00000000eb400000, 0x00000000eb500000, 0x00000000eb500000|100%| E|  |TAMS 0x00000000eb400000, 0x00000000eb400000| Complete 
| 181|0x00000000eb500000, 0x00000000eb600000, 0x00000000eb600000|100%| E|CS|TAMS 0x00000000eb500000, 0x00000000eb500000| Complete 
| 182|0x00000000eb600000, 0x00000000eb700000, 0x00000000eb700000|100%| E|CS|TAMS 0x00000000eb600000, 0x00000000eb600000| Complete 
| 183|0x00000000eb700000, 0x00000000eb800000, 0x00000000eb800000|100%| E|CS|TAMS 0x00000000eb700000, 0x00000000eb700000| Complete 
| 184|0x00000000eb800000, 0x00000000eb900000, 0x00000000eb900000|100%| E|CS|TAMS 0x00000000eb800000, 0x00000000eb800000| Complete 
| 185|0x00000000eb900000, 0x00000000eba00000, 0x00000000eba00000|100%| E|CS|TAMS 0x00000000eb900000, 0x00000000eb900000| Complete 
| 186|0x00000000eba00000, 0x00000000ebb00000, 0x00000000ebb00000|100%| E|CS|TAMS 0x00000000eba00000, 0x00000000eba00000| Complete 
| 187|0x00000000ebb00000, 0x00000000ebc00000, 0x00000000ebc00000|100%| E|CS|TAMS 0x00000000ebb00000, 0x00000000ebb00000| Complete 
| 188|0x00000000ebc00000, 0x00000000ebd00000, 0x00000000ebd00000|100%| E|CS|TAMS 0x00000000ebc00000, 0x00000000ebc00000| Complete 
| 189|0x00000000ebd00000, 0x00000000ebe00000, 0x00000000ebe00000|100%| E|CS|TAMS 0x00000000ebd00000, 0x00000000ebd00000| Complete 
| 190|0x00000000ebe00000, 0x00000000ebf00000, 0x00000000ebf00000|100%| E|CS|TAMS 0x00000000ebe00000, 0x00000000ebe00000| Complete 
| 191|0x00000000ebf00000, 0x00000000ec000000, 0x00000000ec000000|100%| E|CS|TAMS 0x00000000ebf00000, 0x00000000ebf00000| Complete 
| 192|0x00000000ec000000, 0x00000000ec100000, 0x00000000ec100000|100%| E|CS|TAMS 0x00000000ec000000, 0x00000000ec000000| Complete 
| 193|0x00000000ec100000, 0x00000000ec200000, 0x00000000ec200000|100%| E|CS|TAMS 0x00000000ec100000, 0x00000000ec100000| Complete 
| 194|0x00000000ec200000, 0x00000000ec300000, 0x00000000ec300000|100%| E|CS|TAMS 0x00000000ec200000, 0x00000000ec200000| Complete 
| 195|0x00000000ec300000, 0x00000000ec400000, 0x00000000ec400000|100%| E|CS|TAMS 0x00000000ec300000, 0x00000000ec300000| Complete 
| 196|0x00000000ec400000, 0x00000000ec500000, 0x00000000ec500000|100%| E|CS|TAMS 0x00000000ec400000, 0x00000000ec400000| Complete 
| 197|0x00000000ec500000, 0x00000000ec600000, 0x00000000ec600000|100%| E|CS|TAMS 0x00000000ec500000, 0x00000000ec500000| Complete 
| 198|0x00000000ec600000, 0x00000000ec700000, 0x00000000ec700000|100%| E|CS|TAMS 0x00000000ec600000, 0x00000000ec600000| Complete 
| 199|0x00000000ec700000, 0x00000000ec800000, 0x00000000ec800000|100%| E|CS|TAMS 0x00000000ec700000, 0x00000000ec700000| Complete 
| 200|0x00000000ec800000, 0x00000000ec900000, 0x00000000ec900000|100%| E|CS|TAMS 0x00000000ec800000, 0x00000000ec800000| Complete 
| 201|0x00000000ec900000, 0x00000000eca00000, 0x00000000eca00000|100%| E|CS|TAMS 0x00000000ec900000, 0x00000000ec900000| Complete 
| 202|0x00000000eca00000, 0x00000000ecb00000, 0x00000000ecb00000|100%| E|CS|TAMS 0x00000000eca00000, 0x00000000eca00000| Complete 
| 203|0x00000000ecb00000, 0x00000000ecc00000, 0x00000000ecc00000|100%| E|CS|TAMS 0x00000000ecb00000, 0x00000000ecb00000| Complete 
| 204|0x00000000ecc00000, 0x00000000ecd00000, 0x00000000ecd00000|100%| E|CS|TAMS 0x00000000ecc00000, 0x00000000ecc00000| Complete 
| 205|0x00000000ecd00000, 0x00000000ece00000, 0x00000000ece00000|100%| E|CS|TAMS 0x00000000ecd00000, 0x00000000ecd00000| Complete 
| 206|0x00000000ece00000, 0x00000000ecf00000, 0x00000000ecf00000|100%| E|CS|TAMS 0x00000000ece00000, 0x00000000ece00000| Complete 
| 207|0x00000000ecf00000, 0x00000000ed000000, 0x00000000ed000000|100%| E|CS|TAMS 0x00000000ecf00000, 0x00000000ecf00000| Complete 
| 208|0x00000000ed000000, 0x00000000ed100000, 0x00000000ed100000|100%| E|CS|TAMS 0x00000000ed000000, 0x00000000ed000000| Complete 
| 209|0x00000000ed100000, 0x00000000ed200000, 0x00000000ed200000|100%| E|CS|TAMS 0x00000000ed100000, 0x00000000ed100000| Complete 
| 210|0x00000000ed200000, 0x00000000ed300000, 0x00000000ed300000|100%| E|CS|TAMS 0x00000000ed200000, 0x00000000ed200000| Complete 
| 211|0x00000000ed300000, 0x00000000ed400000, 0x00000000ed400000|100%| E|CS|TAMS 0x00000000ed300000, 0x00000000ed300000| Complete 
| 212|0x00000000ed400000, 0x00000000ed500000, 0x00000000ed500000|100%| E|CS|TAMS 0x00000000ed400000, 0x00000000ed400000| Complete 
| 213|0x00000000ed500000, 0x00000000ed600000, 0x00000000ed600000|100%| E|  |TAMS 0x00000000ed500000, 0x00000000ed500000| Complete 
| 214|0x00000000ed600000, 0x00000000ed700000, 0x00000000ed700000|100%| E|CS|TAMS 0x00000000ed600000, 0x00000000ed600000| Complete 
| 215|0x00000000ed700000, 0x00000000ed800000, 0x00000000ed800000|100%| E|CS|TAMS 0x00000000ed700000, 0x00000000ed700000| Complete 
| 216|0x00000000ed800000, 0x00000000ed900000, 0x00000000ed900000|100%| E|CS|TAMS 0x00000000ed800000, 0x00000000ed800000| Complete 
| 217|0x00000000ed900000, 0x00000000eda00000, 0x00000000eda00000|100%| E|CS|TAMS 0x00000000ed900000, 0x00000000ed900000| Complete 
| 218|0x00000000eda00000, 0x00000000edb00000, 0x00000000edb00000|100%| E|CS|TAMS 0x00000000eda00000, 0x00000000eda00000| Complete 
| 219|0x00000000edb00000, 0x00000000edc00000, 0x00000000edc00000|100%| E|CS|TAMS 0x00000000edb00000, 0x00000000edb00000| Complete 
| 220|0x00000000edc00000, 0x00000000edd00000, 0x00000000edd00000|100%| E|CS|TAMS 0x00000000edc00000, 0x00000000edc00000| Complete 
| 221|0x00000000edd00000, 0x00000000ede00000, 0x00000000ede00000|100%| E|CS|TAMS 0x00000000edd00000, 0x00000000edd00000| Complete 
| 222|0x00000000ede00000, 0x00000000edf00000, 0x00000000edf00000|100%| E|CS|TAMS 0x00000000ede00000, 0x00000000ede00000| Complete 
| 223|0x00000000edf00000, 0x00000000ee000000, 0x00000000ee000000|100%| E|CS|TAMS 0x00000000edf00000, 0x00000000edf00000| Complete 
| 224|0x00000000ee000000, 0x00000000ee100000, 0x00000000ee100000|100%| E|CS|TAMS 0x00000000ee000000, 0x00000000ee000000| Complete 
| 225|0x00000000ee100000, 0x00000000ee200000, 0x00000000ee200000|100%| E|CS|TAMS 0x00000000ee100000, 0x00000000ee100000| Complete 
| 226|0x00000000ee200000, 0x00000000ee300000, 0x00000000ee300000|100%| E|CS|TAMS 0x00000000ee200000, 0x00000000ee200000| Complete 
| 227|0x00000000ee300000, 0x00000000ee400000, 0x00000000ee400000|100%| E|CS|TAMS 0x00000000ee300000, 0x00000000ee300000| Complete 
| 228|0x00000000ee400000, 0x00000000ee500000, 0x00000000ee500000|100%| E|CS|TAMS 0x00000000ee400000, 0x00000000ee400000| Complete 
| 229|0x00000000ee500000, 0x00000000ee600000, 0x00000000ee600000|100%| E|CS|TAMS 0x00000000ee500000, 0x00000000ee500000| Complete 
| 230|0x00000000ee600000, 0x00000000ee700000, 0x00000000ee700000|100%| E|CS|TAMS 0x00000000ee600000, 0x00000000ee600000| Complete 
| 231|0x00000000ee700000, 0x00000000ee800000, 0x00000000ee800000|100%| E|CS|TAMS 0x00000000ee700000, 0x00000000ee700000| Complete 
| 232|0x00000000ee800000, 0x00000000ee900000, 0x00000000ee900000|100%| E|CS|TAMS 0x00000000ee800000, 0x00000000ee800000| Complete 
| 233|0x00000000ee900000, 0x00000000eea00000, 0x00000000eea00000|100%| E|CS|TAMS 0x00000000ee900000, 0x00000000ee900000| Complete 
| 234|0x00000000eea00000, 0x00000000eeb00000, 0x00000000eeb00000|100%| E|CS|TAMS 0x00000000eea00000, 0x00000000eea00000| Complete 
| 235|0x00000000eeb00000, 0x00000000eec00000, 0x00000000eec00000|100%| E|CS|TAMS 0x00000000eeb00000, 0x00000000eeb00000| Complete 
| 236|0x00000000eec00000, 0x00000000eed00000, 0x00000000eed00000|100%| E|CS|TAMS 0x00000000eec00000, 0x00000000eec00000| Complete 
| 237|0x00000000eed00000, 0x00000000eee00000, 0x00000000eee00000|100%| E|CS|TAMS 0x00000000eed00000, 0x00000000eed00000| Complete 
| 238|0x00000000eee00000, 0x00000000eef00000, 0x00000000eef00000|100%| E|CS|TAMS 0x00000000eee00000, 0x00000000eee00000| Complete 
| 239|0x00000000eef00000, 0x00000000ef000000, 0x00000000ef000000|100%| E|CS|TAMS 0x00000000eef00000, 0x00000000eef00000| Complete 
| 240|0x00000000ef000000, 0x00000000ef100000, 0x00000000ef100000|100%| E|CS|TAMS 0x00000000ef000000, 0x00000000ef000000| Complete 
| 241|0x00000000ef100000, 0x00000000ef200000, 0x00000000ef200000|100%| E|CS|TAMS 0x00000000ef100000, 0x00000000ef100000| Complete 
| 242|0x00000000ef200000, 0x00000000ef300000, 0x00000000ef300000|100%| E|CS|TAMS 0x00000000ef200000, 0x00000000ef200000| Complete 
| 243|0x00000000ef300000, 0x00000000ef400000, 0x00000000ef400000|100%| E|CS|TAMS 0x00000000ef300000, 0x00000000ef300000| Complete 
| 244|0x00000000ef400000, 0x00000000ef500000, 0x00000000ef500000|100%| E|CS|TAMS 0x00000000ef400000, 0x00000000ef400000| Complete 
| 245|0x00000000ef500000, 0x00000000ef600000, 0x00000000ef600000|100%| E|CS|TAMS 0x00000000ef500000, 0x00000000ef500000| Complete 
| 246|0x00000000ef600000, 0x00000000ef700000, 0x00000000ef700000|100%| E|CS|TAMS 0x00000000ef600000, 0x00000000ef600000| Complete 
| 247|0x00000000ef700000, 0x00000000ef800000, 0x00000000ef800000|100%| E|CS|TAMS 0x00000000ef700000, 0x00000000ef700000| Complete 
| 248|0x00000000ef800000, 0x00000000ef900000, 0x00000000ef900000|100%| E|CS|TAMS 0x00000000ef800000, 0x00000000ef800000| Complete 
| 249|0x00000000ef900000, 0x00000000efa00000, 0x00000000efa00000|100%| E|CS|TAMS 0x00000000ef900000, 0x00000000ef900000| Complete 
| 250|0x00000000efa00000, 0x00000000efb00000, 0x00000000efb00000|100%| E|CS|TAMS 0x00000000efa00000, 0x00000000efa00000| Complete 
| 251|0x00000000efb00000, 0x00000000efc00000, 0x00000000efc00000|100%| E|CS|TAMS 0x00000000efb00000, 0x00000000efb00000| Complete 
| 252|0x00000000efc00000, 0x00000000efd00000, 0x00000000efd00000|100%| E|CS|TAMS 0x00000000efc00000, 0x00000000efc00000| Complete 
| 253|0x00000000efd00000, 0x00000000efe00000, 0x00000000efe00000|100%| E|CS|TAMS 0x00000000efd00000, 0x00000000efd00000| Complete 
| 254|0x00000000efe00000, 0x00000000eff00000, 0x00000000eff00000|100%| E|CS|TAMS 0x00000000efe00000, 0x00000000efe00000| Complete 
| 255|0x00000000eff00000, 0x00000000f0000000, 0x00000000f0000000|100%| E|CS|TAMS 0x00000000eff00000, 0x00000000eff00000| Complete 

Card table byte_map: [0x000001bf96ca0000,0x000001bf96da0000] _byte_map_base: 0x000001bf965a0000

Marking Bits (Prev, Next): (CMBitMap*) 0x000001bffac1ff70, (CMBitMap*) 0x000001bffac1ff38
 Prev Bits: [0x000001bf976a0000, 0x000001bf97ea0000)
 Next Bits: [0x000001bf96ea0000, 0x000001bf976a0000)

Polling page: 0x000001bf80000000

Metaspace:

Usage:
  Non-class:     58.56 MB capacity,    57.48 MB ( 98%) used,   925.82 KB (  2%) free+waste,   174.38 KB ( <1%) overhead. 
      Class:      8.99 MB capacity,     8.30 MB ( 92%) used,   618.99 KB (  7%) free+waste,    84.25 KB ( <1%) overhead. 
       Both:     67.54 MB capacity,    65.78 MB ( 97%) used,     1.51 MB (  2%) free+waste,   258.63 KB ( <1%) overhead. 

Virtual space:
  Non-class space:       60.00 MB reserved,      58.75 MB ( 98%) committed 
      Class space:      248.00 MB reserved,       9.00 MB (  4%) committed 
             Both:      308.00 MB reserved,      67.75 MB ( 22%) committed 

Chunk freelists:
   Non-Class:  896 bytes
       Class:  1.63 KB
        Both:  2.50 KB

CodeHeap 'non-profiled nmethods': size=120064Kb used=4643Kb max_used=4643Kb free=115420Kb
 bounds [0x000001bf8f030000, 0x000001bf8f4c0000, 0x000001bf96570000]
CodeHeap 'profiled nmethods': size=120000Kb used=16790Kb max_used=16790Kb free=103209Kb
 bounds [0x000001bf87b00000, 0x000001bf88b70000, 0x000001bf8f030000]
CodeHeap 'non-nmethods': size=5696Kb used=2269Kb max_used=2294Kb free=3426Kb
 bounds [0x000001bf87570000, 0x000001bf877e0000, 0x000001bf87b00000]
 total_blobs=8651 nmethods=7788 adapters=774
 compilation: enabled
              stopped_count=0, restarted_count=0
 full_count=0

Compilation events (10 events):
Event: 43.544 Thread 0x000001bf9a504800 nmethod 7836 0x000001bf8f4b8610 code [0x000001bf8f4b87a0, 0x000001bf8f4b8858]
Event: 43.556 Thread 0x000001bf9a504800 7837       3       com.android.tools.build.jetifier.core.type.JavaType::<init> (72 bytes)
Event: 43.559 Thread 0x000001bf9a504800 nmethod 7837 0x000001bf88b5f810 code [0x000001bf88b5fba0, 0x000001bf88b61058]
Event: 43.559 Thread 0x000001bf9a504800 7838       3       kotlin.text.StringsKt__StringsKt::contains$default (15 bytes)
Event: 43.560 Thread 0x000001bf9a504800 nmethod 7838 0x000001bf88b61810 code [0x000001bf88b61a40, 0x000001bf88b62188]
Event: 43.560 Thread 0x000001bf9a504800 7839       3       kotlin.text.StringsKt__StringsKt::contains (25 bytes)
Event: 43.561 Thread 0x000001bf9a504800 nmethod 7839 0x000001bf88b62490 code [0x000001bf88b626c0, 0x000001bf88b62d68]
Event: 43.561 Thread 0x000001bf9a504800 7840       3       kotlin.text.StringsKt__StringsKt::indexOf$default (26 bytes)
Event: 43.561 Thread 0x000001bf9a504800 nmethod 7840 0x000001bf88b63010 code [0x000001bf88b631c0, 0x000001bf88b63348]
Event: 43.561 Thread 0x000001bf9a504800 7841       3       kotlin.text.StringsKt__StringsKt::indexOf (58 bytes)

GC Heap History (10 events):
Event: 5.541 GC heap before
{Heap before GC invocations=6 (full 0):
 garbage-first heap   total 262144K, used 71832K [0x00000000e0000000, 0x0000000100000000)
  region size 1024K, 59 young (60416K), 6 survivors (6144K)
 Metaspace       used 25800K, capacity 26401K, committed 26752K, reserved 278528K
  class space    used 3371K, capacity 3585K, committed 3712K, reserved 253952K
}
Event: 5.551 GC heap after
{Heap after GC invocations=7 (full 0):
 garbage-first heap   total 262144K, used 19565K [0x00000000e0000000, 0x0000000100000000)
  region size 1024K, 4 young (4096K), 4 survivors (4096K)
 Metaspace       used 25800K, capacity 26401K, committed 26752K, reserved 278528K
  class space    used 3371K, capacity 3585K, committed 3712K, reserved 253952K
}
Event: 7.200 GC heap before
{Heap before GC invocations=7 (full 0):
 garbage-first heap   total 262144K, used 74861K [0x00000000e0000000, 0x0000000100000000)
  region size 1024K, 60 young (61440K), 4 survivors (4096K)
 Metaspace       used 35040K, capacity 35797K, committed 35840K, reserved 286720K
  class space    used 4518K, capacity 4834K, committed 4864K, reserved 253952K
}
Event: 7.211 GC heap after
{Heap after GC invocations=8 (full 0):
 garbage-first heap   total 262144K, used 22896K [0x00000000e0000000, 0x0000000100000000)
  region size 1024K, 7 young (7168K), 7 survivors (7168K)
 Metaspace       used 35040K, capacity 35797K, committed 35840K, reserved 286720K
  class space    used 4518K, capacity 4834K, committed 4864K, reserved 253952K
}
Event: 11.078 GC heap before
{Heap before GC invocations=9 (full 0):
 garbage-first heap   total 262144K, used 169328K [0x00000000e0000000, 0x0000000100000000)
  region size 1024K, 147 young (150528K), 7 survivors (7168K)
 Metaspace       used 41368K, capacity 42296K, committed 42368K, reserved 290816K
  class space    used 5358K, capacity 5722K, committed 5760K, reserved 253952K
}
Event: 11.116 GC heap after
{Heap after GC invocations=10 (full 0):
 garbage-first heap   total 262144K, used 32768K [0x00000000e0000000, 0x0000000100000000)
  region size 1024K, 17 young (17408K), 17 survivors (17408K)
 Metaspace       used 41368K, capacity 42296K, committed 42368K, reserved 290816K
  class space    used 5358K, capacity 5722K, committed 5760K, reserved 253952K
}
Event: 32.544 GC heap before
{Heap before GC invocations=10 (full 0):
 garbage-first heap   total 262144K, used 172032K [0x00000000e0000000, 0x0000000100000000)
  region size 1024K, 153 young (156672K), 17 survivors (17408K)
 Metaspace       used 49137K, capacity 50395K, committed 50560K, reserved 299008K
  class space    used 6214K, capacity 6713K, committed 6784K, reserved 253952K
}
Event: 32.582 GC heap after
{Heap after GC invocations=11 (full 0):
 garbage-first heap   total 262144K, used 39180K [0x00000000e0000000, 0x0000000100000000)
  region size 1024K, 17 young (17408K), 17 survivors (17408K)
 Metaspace       used 49137K, capacity 50395K, committed 50560K, reserved 299008K
  class space    used 6214K, capacity 6713K, committed 6784K, reserved 253952K
}
Event: 38.970 GC heap before
{Heap before GC invocations=11 (full 0):
 garbage-first heap   total 262144K, used 174348K [0x00000000e0000000, 0x0000000100000000)
  region size 1024K, 148 young (151552K), 17 survivors (17408K)
 Metaspace       used 58422K, capacity 60049K, committed 60160K, reserved 307200K
  class space    used 7362K, capacity 7992K, committed 8064K, reserved 253952K
}
Event: 39.012 GC heap after
{Heap after GC invocations=12 (full 0):
 garbage-first heap   total 262144K, used 52673K [0x00000000e0000000, 0x0000000100000000)
  region size 1024K, 19 young (19456K), 19 survivors (19456K)
 Metaspace       used 58422K, capacity 60049K, committed 60160K, reserved 307200K
  class space    used 7362K, capacity 7992K, committed 8064K, reserved 253952K
}

Deoptimization events (10 events):
Event: 41.794 Thread 0x000001bf9daed000 Uncommon trap: reason=unstable_if action=reinterpret pc=0x000001bf8f21ec38 method=java.util.jar.JarFile.maybeInstantiateVerifier()V @ 4 c2
Event: 41.794 Thread 0x000001bf9daed000 Uncommon trap: reason=unstable_if action=reinterpret pc=0x000001bf8f105f48 method=java.util.jar.JarFile.maybeInstantiateVerifier()V @ 4 c2
Event: 41.794 Thread 0x000001bf9daed000 Uncommon trap: reason=unstable_if action=reinterpret pc=0x000001bf8f4380c4 method=java.util.jar.JarFile.maybeInstantiateVerifier()V @ 4 c2
Event: 41.794 Thread 0x000001bf9daed000 Uncommon trap: reason=unstable_if action=reinterpret pc=0x000001bf8f1f1f1c method=java.security.CodeSource.matchCerts(Ljava/security/CodeSource;Z)Z @ 11 c2
Event: 41.795 Thread 0x000001bf9daed000 Uncommon trap: reason=unstable_if action=reinterpret pc=0x000001bf8f34e4e0 method=java.lang.ClassLoader.compareCerts([Ljava/security/cert/Certificate;[Ljava/security/cert/Certificate;)Z @ 1 c2
Event: 41.847 Thread 0x000001bf9daed000 Uncommon trap: reason=unstable_if action=reinterpret pc=0x000001bf8f338994 method=java.util.LinkedHashMap.get(Ljava/lang/Object;)Ljava/lang/Object; @ 20 c2
Event: 42.251 Thread 0x000001bf9daed000 Uncommon trap: reason=class_check action=maybe_recompile pc=0x000001bf8f476f8c method=java.util.TreeMap.put(Ljava/lang/Object;Ljava/lang/Object;)Ljava/lang/Object; @ 68 c2
Event: 42.254 Thread 0x000001bf9daed000 Uncommon trap: reason=class_check action=maybe_recompile pc=0x000001bf8f476f8c method=java.util.TreeMap.put(Ljava/lang/Object;Ljava/lang/Object;)Ljava/lang/Object; @ 68 c2
Event: 42.255 Thread 0x000001bf9daed000 Uncommon trap: reason=class_check action=maybe_recompile pc=0x000001bf8f476f8c method=java.util.TreeMap.put(Ljava/lang/Object;Ljava/lang/Object;)Ljava/lang/Object; @ 68 c2
Event: 43.160 Thread 0x000001bf9daed000 Uncommon trap: reason=unstable_if action=reinterpret pc=0x000001bf8f3db374 method=org.gradle.internal.reflect.PropertyAccessorType.of(Ljava/lang/reflect/Method;)Lorg/gradle/internal/reflect/PropertyAccessorType; @ 56 c2

Classes redefined (0 events):
No events

Internal exceptions (10 events):
Event: 37.971 Thread 0x000001bf9daed000 Exception <a 'java/lang/NoSuchMethodError'{0x00000000e930ee60}: java.lang.invoke.Invokers$Holder.linkToTargetMethod(Ljava/lang/Object;Ljava/lang/Object;Ljava/lang/Object;ILjava/lang/Object;)Ljava/lang/Object;> (0x00000000e930ee60) thrown at [./open/src/ho
Event: 38.625 Thread 0x000001bf9daed000 Exception <a 'java/lang/NoSuchMethodError'{0x00000000e8386480}: java.lang.invoke.DirectMethodHandle$Holder.invokeSpecial(Ljava/lang/Object;Ljava/lang/Object;IILjava/lang/Object;Ljava/lang/Object;Ljava/lang/Object;)Ljava/lang/Object;> (0x00000000e8386480) 
Event: 38.625 Thread 0x000001bf9daed000 Exception <a 'java/lang/NoSuchMethodError'{0x00000000e838a9f8}: java.lang.invoke.DelegatingMethodHandle$Holder.reinvoke_L(Ljava/lang/Object;IILjava/lang/Object;Ljava/lang/Object;Ljava/lang/Object;)Ljava/lang/Object;> (0x00000000e838a9f8) thrown at [./open
Event: 39.496 Thread 0x000001bf9daed000 Exception <a 'java/lang/NoSuchMethodError'{0x00000000ef8c5620}: java.lang.invoke.DirectMethodHandle$Holder.invokeInterface(Ljava/lang/Object;Ljava/lang/Object;Ljava/lang/Object;Ljava/lang/Object;)I> (0x00000000ef8c5620) thrown at [./open/src/hotspot/share
Event: 40.023 Thread 0x000001bf9daed000 Exception <a 'java/lang/NoSuchMethodError'{0x00000000eefd5588}: java.lang.invoke.DirectMethodHandle$Holder.invokeInterface(Ljava/lang/Object;Ljava/lang/Object;Ljava/lang/Object;Ljava/lang/Object;)V> (0x00000000eefd5588) thrown at [./open/src/hotspot/share
Event: 40.925 Thread 0x000001bf9daed000 Exception <a 'java/lang/IncompatibleClassChangeError'{0x00000000ee6c4838}: Found class java.lang.Object, but interface was expected> (0x00000000ee6c4838) thrown at [./open/src/hotspot/share/interpreter/linkResolver.cpp, line 838]
Event: 41.150 Thread 0x000001bf9daed000 Implicit null exception at 0x000001bf8f36dd54 to 0x000001bf8f36df38
Event: 41.150 Thread 0x000001bf9daed000 Implicit null exception at 0x000001bf8f39af38 to 0x000001bf8f39cc70
Event: 41.360 Thread 0x000001bf9daed000 Implicit null exception at 0x000001bf8f19886d to 0x000001bf8f198a3c
Event: 41.587 Thread 0x000001bf9daed000 Implicit null exception at 0x000001bf8f18e88c to 0x000001bf8f18ea3a

Events (10 events):
Event: 43.546 loading class com/android/tools/build/jetifier/core/pom/DependencyVersionsMap
Event: 43.546 loading class com/android/tools/build/jetifier/core/pom/DependencyVersionsMap done
Event: 43.549 loading class com/android/tools/build/jetifier/core/pom/DependencyVersionsMap$Companion
Event: 43.549 loading class com/android/tools/build/jetifier/core/pom/DependencyVersionsMap$Companion done
Event: 43.551 loading class kotlin/collections/EmptyMap
Event: 43.551 loading class kotlin/collections/EmptyMap done
Event: 43.552 loading class com/android/tools/build/jetifier/core/type/JavaType
Event: 43.552 loading class com/android/tools/build/jetifier/core/type/JavaType done
Event: 43.554 loading class com/android/tools/build/jetifier/core/type/JavaType$Companion
Event: 43.554 loading class com/android/tools/build/jetifier/core/type/JavaType$Companion done


Dynamic libraries:
0x00007ff6f0060000 - 0x00007ff6f006f000 	C:\Program Files\Java\jdk-11.0.13\bin\java.exe
0x00007ffb154b0000 - 0x00007ffb156a5000 	C:\WINDOWS\SYSTEM32\ntdll.dll
0x00007ffb14570000 - 0x00007ffb1462d000 	C:\WINDOWS\System32\KERNEL32.DLL
0x00007ffb12dc0000 - 0x00007ffb1308d000 	C:\WINDOWS\System32\KERNELBASE.dll
0x00007ffb13090000 - 0x00007ffb13190000 	C:\WINDOWS\System32\ucrtbase.dll
0x00007ffb0e7b0000 - 0x00007ffb0e7c8000 	C:\Program Files\Java\jdk-11.0.13\bin\jli.dll
0x00007ffb14630000 - 0x00007ffb146de000 	C:\WINDOWS\System32\ADVAPI32.dll
0x00007ffb14780000 - 0x00007ffb1481e000 	C:\WINDOWS\System32\msvcrt.dll
0x00007ffb142f0000 - 0x00007ffb1438c000 	C:\WINDOWS\System32\sechost.dll
0x00007ffb14820000 - 0x00007ffb14945000 	C:\WINDOWS\System32\RPCRT4.dll
0x00007ffb14b20000 - 0x00007ffb14cc0000 	C:\WINDOWS\System32\USER32.dll
0x00007ffb13190000 - 0x00007ffb131b2000 	C:\WINDOWS\System32\win32u.dll
0x00007ffb14750000 - 0x00007ffb1477a000 	C:\WINDOWS\System32\GDI32.dll
0x00007ffb13210000 - 0x00007ffb1331b000 	C:\WINDOWS\System32\gdi32full.dll
0x00007ffb133d0000 - 0x00007ffb1346d000 	C:\WINDOWS\System32\msvcp_win.dll
0x00007ffb0e790000 - 0x00007ffb0e7a5000 	C:\Program Files\Java\jdk-11.0.13\bin\VCRUNTIME140.dll
0x00007ffb03930000 - 0x00007ffb03bca000 	C:\WINDOWS\WinSxS\amd64_microsoft.windows.common-controls_6595b64144ccf1df_6.0.19041.1110_none_60b5254171f9507e\COMCTL32.dll
0x00007ffb093a0000 - 0x00007ffb093aa000 	C:\WINDOWS\SYSTEM32\VERSION.dll
0x00007ffb14950000 - 0x00007ffb14980000 	C:\WINDOWS\System32\IMM32.DLL
0x00007ffaf2e00000 - 0x00007ffaf2e9b000 	C:\Program Files\Java\jdk-11.0.13\bin\msvcp140.dll
0x00007ffad3640000 - 0x00007ffad4153000 	C:\Program Files\Java\jdk-11.0.13\bin\server\jvm.dll
0x00007ffb13500000 - 0x00007ffb13508000 	C:\WINDOWS\System32\PSAPI.DLL
0x00007ffb0fd90000 - 0x00007ffb0fd99000 	C:\WINDOWS\SYSTEM32\WSOCK32.dll
0x00007ffb14500000 - 0x00007ffb1456b000 	C:\WINDOWS\System32\WS2_32.dll
0x00007ffb09370000 - 0x00007ffb09397000 	C:\WINDOWS\SYSTEM32\WINMM.dll
0x00007ffb11480000 - 0x00007ffb11492000 	C:\WINDOWS\SYSTEM32\kernel.appcore.dll
0x00007ffb0dff0000 - 0x00007ffb0e000000 	C:\Program Files\Java\jdk-11.0.13\bin\verify.dll
0x00007ffb101a0000 - 0x00007ffb10384000 	C:\WINDOWS\SYSTEM32\DBGHELP.DLL
0x00007ffaed6b0000 - 0x00007ffaed6dc000 	C:\WINDOWS\SYSTEM32\dbgcore.DLL
0x00007ffb13470000 - 0x00007ffb134f2000 	C:\WINDOWS\System32\bcryptPrimitives.dll
0x00007ffb03510000 - 0x00007ffb03538000 	C:\Program Files\Java\jdk-11.0.13\bin\java.dll
0x00007ffb0d370000 - 0x00007ffb0d37a000 	C:\Program Files\Java\jdk-11.0.13\bin\jimage.dll
0x00007ffb0b9a0000 - 0x00007ffb0b9b6000 	C:\Program Files\Java\jdk-11.0.13\bin\zip.dll
0x00007ffb139f0000 - 0x00007ffb14134000 	C:\WINDOWS\System32\SHELL32.dll
0x00007ffb10960000 - 0x00007ffb110f4000 	C:\WINDOWS\SYSTEM32\windows.storage.dll
0x00007ffb13690000 - 0x00007ffb139e4000 	C:\WINDOWS\System32\combase.dll
0x00007ffb12550000 - 0x00007ffb1257c000 	C:\WINDOWS\SYSTEM32\Wldp.dll
0x00007ffb149e0000 - 0x00007ffb14a8d000 	C:\WINDOWS\System32\SHCORE.dll
0x00007ffb14980000 - 0x00007ffb149d5000 	C:\WINDOWS\System32\shlwapi.dll
0x00007ffb12b00000 - 0x00007ffb12b1f000 	C:\WINDOWS\SYSTEM32\profapi.dll
0x00007ffb09180000 - 0x00007ffb09199000 	C:\Program Files\Java\jdk-11.0.13\bin\net.dll
0x00007ffb03590000 - 0x00007ffb0369a000 	C:\WINDOWS\SYSTEM32\WINHTTP.dll
0x00007ffb122b0000 - 0x00007ffb1231a000 	C:\WINDOWS\system32\mswsock.dll
0x00007ffb08cb0000 - 0x00007ffb08cc2000 	C:\Program Files\Java\jdk-11.0.13\bin\nio.dll
0x00007ffaff720000 - 0x00007ffaff747000 	C:\Users\Acer\.gradle\native\e1d6ef7f7dcc3fd88c89a11ec53ec762bb8ba0a96d01ffa2cd45eb1d1d8dd5c5\windows-amd64\native-platform.dll
0x00007ffaeedb0000 - 0x00007ffaeeef4000 	C:\Users\Acer\.gradle\native\5664cfc778a61ccfe75a443a1ab52a65af34e5dc3c78e0209fed803814484fcb\windows-amd64\native-platform-file-events.dll
0x00007ffb0c750000 - 0x00007ffb0c759000 	C:\Program Files\Java\jdk-11.0.13\bin\management.dll
0x00007ffb0b940000 - 0x00007ffb0b94b000 	C:\Program Files\Java\jdk-11.0.13\bin\management_ext.dll
0x00007ffb124a0000 - 0x00007ffb124b8000 	C:\WINDOWS\SYSTEM32\CRYPTSP.dll
0x00007ffb11c30000 - 0x00007ffb11c64000 	C:\WINDOWS\system32\rsaenh.dll
0x00007ffb12bc0000 - 0x00007ffb12be7000 	C:\WINDOWS\System32\bcrypt.dll
0x00007ffb12ac0000 - 0x00007ffb12aee000 	C:\WINDOWS\SYSTEM32\USERENV.dll
0x00007ffb124c0000 - 0x00007ffb124cc000 	C:\WINDOWS\SYSTEM32\CRYPTBASE.dll
0x00007ffb11fa0000 - 0x00007ffb11fdb000 	C:\WINDOWS\SYSTEM32\IPHLPAPI.DLL
0x00007ffb144f0000 - 0x00007ffb144f8000 	C:\WINDOWS\System32\NSI.dll
0x00007ffb08740000 - 0x00007ffb08757000 	C:\WINDOWS\SYSTEM32\dhcpcsvc6.DLL
0x00007ffb08d30000 - 0x00007ffb08d4d000 	C:\WINDOWS\SYSTEM32\dhcpcsvc.DLL
0x00007ffb11fe0000 - 0x00007ffb120ab000 	C:\WINDOWS\SYSTEM32\DNSAPI.dll

dbghelp: loaded successfully - version: 4.0.5 - missing functions: none
symbol engine: initialized successfully - sym options: 0x614 - pdb path: .;C:\Program Files\Java\jdk-11.0.13\bin;C:\WINDOWS\SYSTEM32;C:\WINDOWS\WinSxS\amd64_microsoft.windows.common-controls_6595b64144ccf1df_6.0.19041.1110_none_60b5254171f9507e;C:\Program Files\Java\jdk-11.0.13\bin\server;C:\Users\Acer\.gradle\native\e1d6ef7f7dcc3fd88c89a11ec53ec762bb8ba0a96d01ffa2cd45eb1d1d8dd5c5\windows-amd64;C:\Users\Acer\.gradle\native\5664cfc778a61ccfe75a443a1ab52a65af34e5dc3c78e0209fed803814484fcb\windows-amd64

VM Arguments:
jvm_args: --add-opens=java.base/java.util=ALL-UNNAMED --add-opens=java.base/java.lang=ALL-UNNAMED --add-opens=java.base/java.lang.invoke=ALL-UNNAMED --add-opens=java.base/java.util=ALL-UNNAMED --add-opens=java.prefs/java.util.prefs=ALL-UNNAMED --add-opens=java.prefs/java.util.prefs=ALL-UNNAMED --add-opens=java.base/java.nio.charset=ALL-UNNAMED --add-opens=java.base/java.net=ALL-UNNAMED --add-opens=java.base/java.util.concurrent.atomic=ALL-UNNAMED -XX:MaxMetaspaceSize=256m -XX:+HeapDumpOnOutOfMemoryError -Xms256m -Xmx512m -Dfile.encoding=windows-1252 -Duser.country=ID -Duser.language=en -Duser.variant 
java_command: org.gradle.launcher.daemon.bootstrap.GradleDaemon 7.2
java_class_path (initial): C:\Users\Acer\.gradle\wrapper\dists\gradle-7.2-all\260hg96vuh6ex27h9vo47iv4d\gradle-7.2\lib\gradle-launcher-7.2.jar
Launcher Type: SUN_STANDARD

[Global flags]
     intx CICompilerCount                          = 3                                         {product} {ergonomic}
   size_t CompressedClassSpaceSize                 = 260046848                                 {product} {ergonomic}
     uint ConcGCThreads                            = 1                                         {product} {ergonomic}
     uint G1ConcRefinementThreads                  = 4                                         {product} {ergonomic}
   size_t G1HeapRegionSize                         = 1048576                                   {product} {ergonomic}
    uintx GCDrainStackTargetSize                   = 64                                        {product} {ergonomic}
     bool HeapDumpOnOutOfMemoryError               = true                                   {manageable} {command line}
   size_t InitialHeapSize                          = 268435456                                 {product} {command line}
   size_t MarkStackSize                            = 4194304                                   {product} {ergonomic}
   size_t MaxHeapSize                              = 536870912                                 {product} {command line}
   size_t MaxMetaspaceSize                         = 268435456                                 {product} {command line}
   size_t MaxNewSize                               = 321912832                                 {product} {ergonomic}
   size_t MinHeapDeltaBytes                        = 1048576                                   {product} {ergonomic}
    uintx NonNMethodCodeHeapSize                   = 5830732                                {pd product} {ergonomic}
    uintx NonProfiledCodeHeapSize                  = 122913754                              {pd product} {ergonomic}
    uintx ProfiledCodeHeapSize                     = 122913754                              {pd product} {ergonomic}
    uintx ReservedCodeCacheSize                    = 251658240                              {pd product} {ergonomic}
     bool SegmentedCodeCache                       = true                                      {product} {ergonomic}
     bool UseCompressedClassPointers               = true                                 {lp64_product} {ergonomic}
     bool UseCompressedOops                        = true                                 {lp64_product} {ergonomic}
     bool UseG1GC                                  = true                                      {product} {ergonomic}
     bool UseLargePagesIndividualAllocation        = false                                  {pd product} {ergonomic}

Logging:
Log output configuration:
 #0: stdout all=warning uptime,level,tags
 #1: stderr all=off uptime,level,tags

Environment Variables:
CLASSPATH=D:\Mobile Apps\AwesomeProject\android\\gradle\wrapper\gradle-wrapper.jar
PATH=C:\Program Files\Common Files\Oracle\Java\javapath;C:\Program Files (x86)\Common Files\Oracle\Java\javapath;C:\WINDOWS\system32;C:\WINDOWS;C:\WINDOWS\System32\Wbem;C:\WINDOWS\System32\WindowsPowerShell\v1.0\;C:\WINDOWS\System32\OpenSSH\;C:\Program Files\Microsoft SQL Server\120\Tools\Binn\;C:\Program Files (x86)\Microsoft SQL Server\140\Tools\Binn\;C:\Program Files\Microsoft SQL Server\140\Tools\Binn\;C:\Program Files (x86)\Microsoft SQL Server\140\DTS\Binn\;C:\Program Files\Microsoft SQL Server\140\DTS\Binn\;C:\Program Files\Microsoft SQL Server\Client SDK\ODBC\130\Tools\Binn\;D:\hugo\;C:\Users\Acer\AppData\Roaming\Python\Python39;C:\Users\Acer\AppData\Roaming\Python\Python39\Scripts;C:\Program Files\Git\cmd;C:\Program Files\nodejs\;C:\Users\Acer\AppData\Local\Programs\Python\Python39\Scripts\;C:\Users\Acer\AppData\Local\Programs\Python\Python39\;C:\Users\Acer\AppData\Local\Microsoft\WindowsApps;;C:\Program Files\Azure Data Studio\bin;C:\Users\Acer\AppData\Local\Programs\Microsoft VS Code\bin;C:\Users\Acer\AppData\Roaming\npm
USERNAME=Acer
OS=Windows_NT
PROCESSOR_IDENTIFIER=AMD64 Family 23 Model 24 Stepping 1, AuthenticAMD



---------------  S Y S T E M  ---------------

OS: Windows 10 , 64 bit Build 19041 (10.0.19041.1706)

CPU:total 4 (initial active 4) (4 cores per cpu, 2 threads per core) family 23 model 24 stepping 1 microcode 0x0, cmov, cx8, fxsr, mmx, sse, sse2, sse3, ssse3, sse4.1, sse4.2, popcnt, avx, avx2, aes, clmul, mmxext, 3dnowpref, lzcnt, sse4a, ht, tsc, tscinvbit, tscinv, bmi1, bmi2, adx, s

Memory: 4k page, system-wide physical 6071M (363M free)
TotalPageFile size 19578M (AvailPageFile size 0M)
current process WorkingSet (physical memory assigned to process): 397M, peak: 397M
current process commit charge ("private bytes"): 491M, peak: 491M

vm_info: Java HotSpot(TM) 64-Bit Server VM (11.0.13+10-LTS-370) for windows-amd64 JRE (11.0.13+10-LTS-370), built on Sep 15 2021 22:10:36 by "mach5one" with MS VC++ 15.9 (VS2017)

END.
